WARNING - Received unrecognized parameter ensemble_download_models_timeout_sec
Running on local machine
Parent Run ID: AutoML_cff2fa3f-adfa-4cae-b0f2-1c166cb6218e

Current status: DatasetFeaturization. Beginning to featurize the dataset.
Current status: DatasetFeaturizationCompleted. Completed featurizing the dataset.
Heuristic parameters: Target_Lag = '[0]', Target_Rolling_Window = '0'.
WARNING - Converting non-string tag to string: (forecasting_target_lags: [0])
WARNING - Converting non-string tag to string: (forecasting_target_rolling_window_size: 0)
WARNING - Converting non-string tag to string: (forecasting_max_horizon: 2223)
Current status: DatasetCrossValidationSplit. Generating individually featurized CV splits.
Current status: DatasetFeaturization. Beginning to featurize the CV split.
Current status: DatasetFeaturizationCompleted. Completed featurizing the CV split.
Current status: DatasetFeaturization. Beginning to featurize the CV split.
Current status: DatasetFeaturizationCompleted. Completed featurizing the CV split.
Current status: DatasetFeaturization. Beginning to featurize the CV split.
Current status: DatasetFeaturizationCompleted. Completed featurizing the CV split.
Current status: DatasetFeaturization. Beginning to featurize the CV split.
Current status: DatasetFeaturizationCompleted. Completed featurizing the CV split.
Current status: DatasetFeaturization. Beginning to featurize the CV split.
Current status: DatasetFeaturizationCompleted. Completed featurizing the CV split.

****************************************************************************************************
DATA GUARDRAILS: 

TYPE:         Frequency detection
STATUS:       PASSED
DESCRIPTION:  The time series was analyzed, all data points are aligned with detected frequency.
              

****************************************************************************************************

TYPE:         Missing feature values imputation
STATUS:       PASSED
DESCRIPTION:  No feature missing values were detected in the training data.
              Learn more about missing value imputation: https://aka.ms/AutomatedMLFeaturization

****************************************************************************************************

TYPE:         Memory Issues Detection
STATUS:       PASSED
DESCRIPTION:  The selected horizon, lag and rolling window values were analyzed, and no potential memory issues were detected.
              Learn more about time-series forecasting configurations: https://aka.ms/AutomatedMLForecastingConfiguration

****************************************************************************************************
Current status: ModelSelection. Beginning model selection.

****************************************************************************************************
ITERATION: The iteration being evaluated.
PIPELINE: A summary description of the pipeline being evaluated.
DURATION: Time taken for the current iteration.
METRIC: The result of computing score on the fitted pipeline.
BEST: The best observed score thus far.
****************************************************************************************************

 ITERATION   PIPELINE                                       DURATION      METRIC      BEST
         0   RobustScaler LassoLars                         0:00:17       0.1819    0.1819
         1   RobustScaler DecisionTree                      0:00:22       0.1776    0.1776
         2   StandardScalerWrapper DecisionTree             0:00:18       0.1759    0.1759
         3   RobustScaler DecisionTree                      0:00:22       0.1772    0.1759
         4   StandardScalerWrapper ElasticNet               0:00:19       0.1814    0.1759
         5   MinMaxScaler DecisionTree                      0:00:25       0.1757    0.1757
         6   MinMaxScaler ElasticNet                        0:00:25       0.1818    0.1757
         7   StandardScalerWrapper DecisionTree             0:00:22       0.1757    0.1757
         8   StandardScalerWrapper DecisionTree             0:00:24       0.1769    0.1757
         9   RobustScaler DecisionTree                      0:00:23       0.1776    0.1757
        10   RobustScaler ElasticNet                        0:00:23       0.1820    0.1757
        11   RobustScaler DecisionTree                      0:00:22       0.1767    0.1757
        12   RobustScaler DecisionTree                      0:00:16       0.1760    0.1757
        13   StandardScalerWrapper DecisionTree             0:00:20       0.1765    0.1757
        14   MinMaxScaler DecisionTree                      0:00:17       0.1768    0.1757
        15   MinMaxScaler DecisionTree                      0:00:24       0.1787    0.1757
        16   RobustScaler DecisionTree                      0:00:24       0.1765    0.1757
        17   StandardScalerWrapper DecisionTree             0:00:17       0.1759    0.1757
        18   MinMaxScaler DecisionTree                      0:00:22       0.1761    0.1757
        19   StandardScalerWrapper LassoLars                0:00:23       0.1820    0.1757
        20   StandardScalerWrapper DecisionTree             0:00:23       0.1772    0.1757
        21   MaxAbsScaler RandomForest                      0:00:30       0.1762    0.1757
        22   MinMaxScaler RandomForest                      0:00:25       0.1755    0.1755
        23   StandardScalerWrapper RandomForest             0:00:32       0.1750    0.1750
        24   MaxAbsScaler RandomForest                      0:00:28       0.1822    0.1750
        25   MaxAbsScaler RandomForest                      0:00:23       0.1751    0.1750
        26   RobustScaler GradientBoosting                  0:00:38       0.1799    0.1750
        27   MinMaxScaler RandomForest                      0:00:20       0.1751    0.1750
        28   MinMaxScaler RandomForest                      0:00:19       0.1763    0.1750
        29   StandardScalerWrapper GradientBoosting         0:00:20       0.1797    0.1750
        30   MinMaxScaler RandomForest                      0:00:48       0.1796    0.1750
        31   MinMaxScaler RandomForest                      0:00:20       0.1750    0.1750
        32   StandardScalerWrapper RandomForest             0:00:38       0.1813    0.1750
        33   MinMaxScaler GradientBoosting                  0:00:38       0.1811    0.1750
        34   StandardScalerWrapper RandomForest             0:00:30       0.1820    0.1750
        35   StandardScalerWrapper RandomForest             0:00:22       0.1750    0.1750
        36   RobustScaler GradientBoosting                  0:00:27       0.1744    0.1744
        37   StandardScalerWrapper RandomForest             0:00:47       0.1826    0.1744
        38   RobustScaler RandomForest                      0:00:19       0.1754    0.1744
        39   WARNING - Retrying (Retry(total=2, connect=None, read=None, redirect=None, status=None)) after connection broken by 'ProtocolError('Connection aborted.', ConnectionResetError(104, 'Connection reset by peer'))': /azureml/ExperimentRun/dcid.AutoML_cff2fa3f-adfa-4cae-b0f2-1c166cb6218e_39/outputs/model.pkl?sv=2019-02-02&sr=b&sig=zs9JDGbGDYligjgZIrbxfNRNqfqPAZfKs9x27brYD5E%3D&st=2021-01-15T06%3A21%3A43Z&se=2021-01-16T06%3A31%3A43Z&sp=rcw&comp=block&blockid=TURBd01EQXdNREF3TURBd01EQXdNREF3TURBd01EQXdNREF3TURBd01EQSUzRA%3D%3D&timeout=30
MinMaxScaler GradientBoosting                  0:00:32       0.1817    0.1744
        40   StandardScalerWrapper GradientBoosting         0:00:24       0.1801    0.1744
        41   MaxAbsScaler ExtremeRandomTrees                0:00:19       0.1749    0.1744
        42   RobustScaler ExtremeRandomTrees                0:00:23       0.1753    0.1744
        43   StandardScalerWrapper RandomForest             0:00:38       0.1812    0.1744
        44   MaxAbsScaler GradientBoosting                  0:00:24       0.1799    0.1744
        45   SparseNormalizer GradientBoosting              0:00:21       0.1856    0.1744
        46   MinMaxScaler GradientBoosting                  0:01:02       0.1816    0.1744
        47   StandardScalerWrapper GradientBoosting         0:00:27       0.1802    0.1744
        48   StandardScalerWrapper GradientBoosting         0:00:47       0.1813    0.1744
        49   StandardScalerWrapper RandomForest             0:00:22       0.1750    0.1744
        50   SparseNormalizer GradientBoosting              0:00:25       0.1827    0.1744
        51   StandardScalerWrapper ExtremeRandomTrees       0:00:33       0.1751    0.1744
        52   StandardScalerWrapper GradientBoosting         0:00:28       0.1749    0.1744
        53   StandardScalerWrapper ExtremeRandomTrees       0:00:39       0.1810    0.1744
        54   MinMaxScaler GradientBoosting                  0:00:57       0.1801    0.1744
        55   StandardScalerWrapper GradientBoosting         0:02:07       0.1820    0.1744
        56   MaxAbsScaler RandomForest                      0:00:32       0.1751    0.1744
        57   RobustScaler GradientBoosting                  0:00:24       0.1766    0.1744
        58   StandardScalerWrapper RandomForest             0:00:22       0.1747    0.1744
        59   RobustScaler GradientBoosting                  0:00:27       0.1749    0.1744
        60   MinMaxScaler GradientBoosting                  0:01:09       0.1789    0.1744
        61   StandardScalerWrapper GradientBoosting         0:00:21       0.1753    0.1744
        62   MaxAbsScaler GradientBoosting                  0:00:18       0.1750    0.1744
        63   StandardScalerWrapper RandomForest             0:00:28       0.1755    0.1744
        64   RobustScaler GradientBoosting                  0:00:36       0.1816    0.1744
        65   SparseNormalizer GradientBoosting              0:00:23       0.1848    0.1744
        66   WARNING - Retrying (Retry(total=2, connect=None, read=None, redirect=None, status=None)) after connection broken by 'ProtocolError('Connection aborted.', ConnectionResetError(104, 'Connection reset by peer'))': /azureml/ExperimentRun/dcid.AutoML_cff2fa3f-adfa-4cae-b0f2-1c166cb6218e_66/outputs/env_dependencies.json?sv=2019-02-02&sr=b&sig=9PrK9yTz%2BdmoMTu1OwJpEDnWgZpUNfCLe3pTAEz8Ee0%3D&st=2021-01-15T06%3A37%3A44Z&se=2021-01-16T06%3A47%3A44Z&sp=rcw&comp=block&blockid=TURBd01EQXdNREF3TURBd01EQXdNREF3TURBd01EQXdNREF3TURBd01EQSUzRA%3D%3D&timeout=30
WARNING - Retrying (Retry(total=2, connect=None, read=None, redirect=None, status=None)) after connection broken by 'ProtocolError('Connection aborted.', ConnectionResetError(104, 'Connection reset by peer'))': /azureml/ExperimentRun/dcid.AutoML_cff2fa3f-adfa-4cae-b0f2-1c166cb6218e_66/outputs/conda_env_v_1_0_0.yml?sv=2019-02-02&sr=b&sig=KZ9bGjltj5IvuYbogcYsey8IUwXy%2BZE4yajH9Pw%2B9L8%3D&st=2021-01-15T06%3A37%3A44Z&se=2021-01-16T06%3A47%3A44Z&sp=rcw&comp=block&blockid=TURBd01EQXdNREF3TURBd01EQXdNREF3TURBd01EQXdNREF3TURBd01EQSUzRA%3D%3D&timeout=30
WARNING - Retrying (Retry(total=2, connect=None, read=None, redirect=None, status=None)) after connection broken by 'ProtocolError('Connection aborted.', ConnectionResetError(104, 'Connection reset by peer'))': /azureml/ExperimentRun/dcid.AutoML_cff2fa3f-adfa-4cae-b0f2-1c166cb6218e_66/outputs/scoring_file_v_1_0_0.py?sv=2019-02-02&sr=b&sig=oq9vmUY38m0cBDfnKXFQknOjySJpO1TsB4Cr5QVs0wk%3D&st=2021-01-15T06%3A37%3A44Z&se=2021-01-16T06%3A47%3A44Z&sp=rcw&comp=block&blockid=TURBd01EQXdNREF3TURBd01EQXdNREF3TURBd01EQXdNREF3TURBd01EQSUzRA%3D%3D&timeout=30
MaxAbsScaler RandomForest                      0:00:22       0.1815    0.1744
        67   StandardScalerWrapper RandomForest             0:00:21       0.1754    0.1744
        68   WARNING - Retrying (Retry(total=2, connect=None, read=None, redirect=None, status=None)) after connection broken by 'ProtocolError('Connection aborted.', ConnectionResetError(104, 'Connection reset by peer'))': /azureml/ExperimentRun/dcid.AutoML_cff2fa3f-adfa-4cae-b0f2-1c166cb6218e_68/outputs/pipeline_graph.json?sv=2019-02-02&sr=b&sig=kErFZbiUG7nc4mID%2F7DBmGxwutW4au%2BXMAU2zbqv0m8%3D&st=2021-01-15T06%3A38%3A25Z&se=2021-01-16T06%3A48%3A25Z&sp=rcw&comp=block&blockid=TURBd01EQXdNREF3TURBd01EQXdNREF3TURBd01EQXdNREF3TURBd01EQSUzRA%3D%3D&timeout=30
WARNING - Retrying (Retry(total=2, connect=None, read=None, redirect=None, status=None)) after connection broken by 'ProtocolError('Connection aborted.', ConnectionResetError(104, 'Connection reset by peer'))': /azureml/ExperimentRun/dcid.AutoML_cff2fa3f-adfa-4cae-b0f2-1c166cb6218e_68/outputs/model.pkl?sv=2019-02-02&sr=b&sig=sU%2Fg76A7YOsYh7e9UrjRv%2FMiH96AMjdNoAsKDu0X9mQ%3D&st=2021-01-15T06%3A38%3A25Z&se=2021-01-16T06%3A48%3A25Z&sp=rcw&comp=block&blockid=TURBd01EQXdNREF3TURBd01EQXdNREF3TURBd01EQXdNREF3TURBd01EQSUzRA%3D%3D&timeout=30
RobustScaler RandomForest                      0:00:20       0.1750    0.1744
        69   RobustScaler RandomForest                      0:00:19       0.1750    0.1744
        70   StandardScalerWrapper GradientBoosting         0:00:19       0.1826    0.1744
        71   MaxAbsScaler ExtremeRandomTrees                0:00:25       0.1751    0.1744
        72   MinMaxScaler GradientBoosting                  0:00:31       0.1749    0.1744
        73   StandardScalerWrapper RandomForest             0:00:29       0.1751    0.1744
        74   RobustScaler ElasticNet                        0:00:23       0.1820    0.1744
        75   MinMaxScaler GradientBoosting                  0:00:20       0.1829    0.1744
        76   StandardScalerWrapper GradientBoosting         0:00:22       0.1803    0.1744
        77   StandardScalerWrapper RandomForest             0:00:24       0.1749    0.1744
        78   StandardScalerWrapper ElasticNet               0:00:18       0.1819    0.1744
        79   MaxAbsScaler RandomForest                      0:00:19       0.1753    0.1744
        80   SparseNormalizer GradientBoosting              0:00:20       0.1815    0.1744
        81   StandardScalerWrapper ExtremeRandomTrees       0:00:21       0.1751    0.1744
        82   RobustScaler ExtremeRandomTrees                0:00:24       0.1747    0.1744
        83   StandardScalerWrapper RandomForest             0:00:22       0.1753    0.1744
        84   MinMaxScaler GradientBoosting                  0:00:32       0.1814    0.1744
        85   StandardScalerWrapper GradientBoosting         0:00:33       0.1853    0.1744
        86   MaxAbsScaler RandomForest                      0:00:31       0.1751    0.1744
        87   StandardScalerWrapper GradientBoosting         0:00:24       0.1804    0.1744
        88   StandardScalerWrapper GradientBoosting         0:00:57       0.1759    0.1744
        89   StandardScalerWrapper GradientBoosting         0:00:31       0.1816    0.1744
        90   SparseNormalizer GradientBoosting              0:00:30       0.1830    0.1744
        91   MinMaxScaler RandomForest                      0:00:19       0.1753    0.1744
        92   MinMaxScaler GradientBoosting                  0:01:21       0.1746    0.1744
        93   MaxAbsScaler RandomForest                      0:00:26       0.1753    0.1744
        94   RobustScaler RandomForest                      0:00:31       0.1759    0.1744
        95   TruncatedSVDWrapper GradientBoosting           0:00:29       0.1841    0.1744
        96   RobustScaler RandomForest                      0:00:18       0.1750    0.1744
        97   StandardScalerWrapper GradientBoosting         0:00:18       0.1749    0.1744
        98   MaxAbsScaler RandomForest                      0:00:28       0.1751    0.1744
        99   StandardScalerWrapper ElasticNet               0:00:23       0.1819    0.1744
       100   WARNING - Retrying (Retry(total=2, connect=None, read=None, redirect=None, status=None)) after connection broken by 'ProtocolError('Connection aborted.', ConnectionResetError(104, 'Connection reset by peer'))': /azureml/ExperimentRun/dcid.AutoML_cff2fa3f-adfa-4cae-b0f2-1c166cb6218e_100/outputs/scoring_file_v_1_0_0.py?sv=2019-02-02&sr=b&sig=NB5SH88TU%2B2Vkqz58raisfD%2FEEv9K4wOhjrleJ2ebi4%3D&st=2021-01-15T06%3A53%3A45Z&se=2021-01-16T07%3A03%3A45Z&sp=rcw&comp=block&blockid=TURBd01EQXdNREF3TURBd01EQXdNREF3TURBd01EQXdNREF3TURBd01EQSUzRA%3D%3D&timeout=30
MaxAbsScaler GradientBoosting                  0:00:49       0.1840    0.1744
       101   MaxAbsScaler RandomForest                      0:00:26       0.1811    0.1744
       102   WARNING - Retrying (Retry(total=2, connect=None, read=None, redirect=None, status=None)) after connection broken by 'ProtocolError('Connection aborted.', ConnectionResetError(104, 'Connection reset by peer'))': /azureml/ExperimentRun/dcid.AutoML_cff2fa3f-adfa-4cae-b0f2-1c166cb6218e_102/outputs/env_dependencies.json?sv=2019-02-02&sr=b&sig=oaS244rCDs2bYcQ%2FWQx5t81S2LewhFpQaKlMUQMqOcI%3D&st=2021-01-15T06%3A54%3A36Z&se=2021-01-16T07%3A04%3A36Z&sp=rcw&comp=block&blockid=TURBd01EQXdNREF3TURBd01EQXdNREF3TURBd01EQXdNREF3TURBd01EQSUzRA%3D%3D&timeout=30
WARNING - Retrying (Retry(total=2, connect=None, read=None, redirect=None, status=None)) after connection broken by 'ProtocolError('Connection aborted.', ConnectionResetError(104, 'Connection reset by peer'))': /azureml/ExperimentRun/dcid.AutoML_cff2fa3f-adfa-4cae-b0f2-1c166cb6218e_102/outputs/scoring_file_v_1_0_0.py?sv=2019-02-02&sr=b&sig=BSGs8hN%2FhgRCj%2FxCkdTpagl8IbF%2Bt%2FrwKEU%2BD7KAlbk%3D&st=2021-01-15T06%3A54%3A36Z&se=2021-01-16T07%3A04%3A36Z&sp=rcw&comp=block&blockid=TURBd01EQXdNREF3TURBd01EQXdNREF3TURBd01EQXdNREF3TURBd01EQSUzRA%3D%3D&timeout=30
MinMaxScaler RandomForest                      0:00:24       0.1816    0.1744
       103   MaxAbsScaler RandomForest                      0:00:25       0.1746    0.1744
       104   MaxAbsScaler GradientBoosting                  0:00:34       0.1762    0.1744
       105   SparseNormalizer GradientBoosting              0:00:26       0.1811    0.1744
       106   MinMaxScaler ExtremeRandomTrees                0:00:21       0.1814    0.1744
       107   RobustScaler LassoLars                         0:00:23       0.1819    0.1744
       108   RobustScaler RandomForest                      0:00:30       0.1749    0.1744
       109   WARNING - Retrying (Retry(total=2, connect=None, read=None, redirect=None, status=None)) after connection broken by 'ProtocolError('Connection aborted.', ConnectionResetError(104, 'Connection reset by peer'))': /azureml/ExperimentRun/dcid.AutoML_cff2fa3f-adfa-4cae-b0f2-1c166cb6218e_109/outputs/pipeline_graph.json?sv=2019-02-02&sr=b&sig=EX7xw0uWeU0jHOcL8xtDIpeX%2Fv89z8niaPEJ4nAoxfI%3D&st=2021-01-15T06%3A58%3A43Z&se=2021-01-16T07%3A08%3A43Z&sp=rcw&comp=block&blockid=TURBd01EQXdNREF3TURBd01EQXdNREF3TURBd01EQXdNREF3TURBd01EQSUzRA%3D%3D&timeout=30
RobustScaler RandomForest                      0:01:39       0.1746    0.1744
       110   SparseNormalizer GradientBoosting              0:01:16       0.1817    0.1744
       111   MaxAbsScaler GradientBoosting                  0:00:42       0.1792    0.1744
       112   MinMaxScaler RandomForest                      0:00:21       0.1747    0.1744
       113   RobustScaler GradientBoosting                  0:00:21       0.1753    0.1744
       114   StandardScalerWrapper RandomForest             0:00:51       0.1802    0.1744
       115   StandardScalerWrapper GradientBoosting         0:04:38       0.1786    0.1744
       116   MaxAbsScaler RandomForest                      0:00:34       0.1756    0.1744
       117   MaxAbsScaler GradientBoosting                  0:00:32       0.1751    0.1744
       118   RobustScaler RandomForest                      0:00:45       0.1747    0.1744
       119   StandardScalerWrapper ExtremeRandomTrees       0:00:31       0.1749    0.1744
       120   SparseNormalizer GradientBoosting              0:00:27       0.1848    0.1744
       121   StandardScalerWrapper RandomForest             0:00:21       0.1750    0.1744
       122   MaxAbsScaler RandomForest                      0:00:44       0.1750    0.1744
       123   StandardScalerWrapper GradientBoosting         0:00:33       0.1815    0.1744
       124   StandardScalerWrapper RandomForest             0:00:42       0.1754    0.1744
       125   MaxAbsScaler GradientBoosting                  0:00:40       0.1850    0.1744
       126   StandardScalerWrapper ElasticNet               0:00:20       0.1820    0.1744
       127   StandardScalerWrapper GradientBoosting         0:00:26       0.1804    0.1744
       128   StandardScalerWrapper GradientBoosting         0:00:19       0.1791    0.1744
       129   RobustScaler RandomForest                      0:00:33       0.1816    0.1744
       130   StandardScalerWrapper GradientBoosting         0:00:26       0.1856    0.1744
       131   MaxAbsScaler GradientBoosting                  0:01:19       0.1820    0.1744
       132   RobustScaler GradientBoosting                  0:00:22       0.1748    0.1744
       133   MaxAbsScaler RandomForest                      0:00:20       0.1750    0.1744
       134   MinMaxScaler RandomForest                      0:00:47       0.1817    0.1744
       135   RobustScaler GradientBoosting                  0:01:36       0.1854    0.1744
       136   StandardScalerWrapper ExtremeRandomTrees       0:00:28       0.1750    0.1744
       137   StandardScalerWrapper RandomForest             0:00:25       0.1753    0.1744
       138   MaxAbsScaler RandomForest                      0:00:25       0.1748    0.1744
       139   StandardScalerWrapper GradientBoosting         0:00:50       0.1767    0.1744
       140   MaxAbsScaler GradientBoosting                  0:00:21       0.1762    0.1744
       141   StandardScalerWrapper RandomForest             0:00:23       0.1816    0.1744
       142   RobustScaler GradientBoosting                  0:00:21       0.1809    0.1744
       143   StandardScalerWrapper RandomForest             0:00:26       0.1749    0.1744
       144   StandardScalerWrapper GradientBoosting         0:00:23       0.1749    0.1744
       145   StandardScalerWrapper GradientBoosting         0:00:19       0.1832    0.1744
       146   WARNING - Retrying (Retry(total=2, connect=None, read=None, redirect=None, status=None)) after connection broken by 'ProtocolError('Connection aborted.', ConnectionResetError(104, 'Connection reset by peer'))': /azureml/ExperimentRun/dcid.AutoML_cff2fa3f-adfa-4cae-b0f2-1c166cb6218e_146/outputs/scoring_file_v_1_0_0.py?sv=2019-02-02&sr=b&sig=QbDvj5bkIrShq8qtQO%2B53rBqQftbHCOs1GOdjL6q%2BZ0%3D&st=2021-01-15T07%3A25%3A17Z&se=2021-01-16T07%3A35%3A17Z&sp=rcw&comp=block&blockid=TURBd01EQXdNREF3TURBd01EQXdNREF3TURBd01EQXdNREF3TURBd01EQSUzRA%3D%3D&timeout=30
StandardScalerWrapper RandomForest             0:01:29       0.1759    0.1744
       147   StandardScalerWrapper ExtremeRandomTrees       0:00:24       0.1750    0.1744
       148   MinMaxScaler GradientBoosting                  0:00:41       0.1746    0.1744
       149   MaxAbsScaler RandomForest                      0:00:28       0.1750    0.1744
       150   RobustScaler GradientBoosting                  0:00:28       0.1823    0.1744
       151   MaxAbsScaler RandomForest                      0:00:22       0.1754    0.1744
       152   RobustScaler ExtremeRandomTrees                0:00:49       0.1815    0.1744
       153   StandardScalerWrapper ExtremeRandomTrees       0:00:32       0.1819    0.1744
       154   RobustScaler GradientBoosting                  0:00:21       0.1802    0.1744
       155   MinMaxScaler GradientBoosting                  0:00:30       0.1855    0.1744
       156   RobustScaler RandomForest                      0:00:21       0.1753    0.1744
       157   StandardScalerWrapper RandomForest             0:00:31       0.1751    0.1744
       158   StandardScalerWrapper RandomForest             0:00:21       0.1750    0.1744
       159   RobustScaler RandomForest                      0:00:27       0.1752    0.1744
       160   MinMaxScaler GradientBoosting                  0:00:19       0.1851    0.1744
       161   MaxAbsScaler RandomForest                      0:00:30       0.1755    0.1744
       162   MinMaxScaler RandomForest                      0:00:25       0.1751    0.1744
       163   StandardScalerWrapper RandomForest             0:00:20       0.1773    0.1744
       164   StandardScalerWrapper ElasticNet               0:00:17       0.1820    0.1744
       165   SparseNormalizer GradientBoosting              0:00:26       0.1843    0.1744
       166   RobustScaler RandomForest                      0:00:23       0.1821    0.1744
       167   WARNING - Retrying (Retry(total=2, connect=None, read=None, redirect=None, status=None)) after connection broken by 'ProtocolError('Connection aborted.', ConnectionResetError(104, 'Connection reset by peer'))': /azureml/ExperimentRun/dcid.AutoML_cff2fa3f-adfa-4cae-b0f2-1c166cb6218e_167/outputs/internal_cross_validated_models.pkl?sv=2019-02-02&sr=b&sig=W7pOlZehpNK%2B6kt5WcChZ1965zE7C%2FCZp8YiNfDNR%2FU%3D&st=2021-01-15T07%3A35%3A20Z&se=2021-01-16T07%3A45%3A20Z&sp=rcw&comp=block&blockid=TURBd01EQXdNREF3TURBd01EQXdNREF3TURBd01EQXdNREF3TURBd01EQSUzRA%3D%3D&timeout=30
RobustScaler LassoLars                         0:00:22       0.1820    0.1744
       168   WARNING - Retrying (Retry(total=2, connect=None, read=None, redirect=None, status=None)) after connection broken by 'ProtocolError('Connection aborted.', ConnectionResetError(104, 'Connection reset by peer'))': /azureml/ExperimentRun/dcid.AutoML_cff2fa3f-adfa-4cae-b0f2-1c166cb6218e_168/outputs/scoring_file_v_1_0_0.py?sv=2019-02-02&sr=b&sig=T99pz4EgE09rDVgjY0JE4vsHB2bP9N4lNuz%2B3zZRsfo%3D&st=2021-01-15T07%3A35%3A47Z&se=2021-01-16T07%3A45%3A47Z&sp=rcw&comp=block&blockid=TURBd01EQXdNREF3TURBd01EQXdNREF3TURBd01EQXdNREF3TURBd01EQSUzRA%3D%3D&timeout=30
MinMaxScaler ExtremeRandomTrees                0:00:29       0.1749    0.1744
       169   StandardScalerWrapper GradientBoosting         0:00:32       0.1812    0.1744
       170   RobustScaler GradientBoosting                  0:00:19       0.1854    0.1744
       171   RobustScaler DecisionTree                      0:00:20       0.1757    0.1744
       172   MaxAbsScaler RandomForest                      0:00:25       0.1752    0.1744
       173   RobustScaler ExtremeRandomTrees                0:00:27       0.1751    0.1744
       174   MinMaxScaler ExtremeRandomTrees                0:00:19       0.1750    0.1744
       175   StandardScalerWrapper GradientBoosting         0:01:01       0.1799    0.1744
       176   MinMaxScaler RandomForest                      0:00:22       0.1751    0.1744
       177   StandardScalerWrapper RandomForest             0:00:23       0.1748    0.1744
       178   RobustScaler GradientBoosting                  0:00:20       0.1747    0.1744
       179   StandardScalerWrapper GradientBoosting         0:00:20       0.1813    0.1744
       180   RobustScaler GradientBoosting                  0:00:18       0.1832    0.1744
       181   StandardScalerWrapper LassoLars                0:00:20       0.1820    0.1744
       182   StandardScalerWrapper RandomForest             0:00:25       0.1749    0.1744
       183   StandardScalerWrapper ExtremeRandomTrees       0:01:35       0.1814    0.1744
       184   StandardScalerWrapper GradientBoosting         0:00:20       0.1751    0.1744
       185   SparseNormalizer GradientBoosting              0:00:24       0.1856    0.1744
       186   StandardScalerWrapper RandomForest             0:00:24       0.1750    0.1744
       187   WARNING - Retrying (Retry(total=2, connect=None, read=None, redirect=None, status=None)) after connection broken by 'ProtocolError('Connection aborted.', ConnectionResetError(104, 'Connection reset by peer'))': /azureml/ExperimentRun/dcid.AutoML_cff2fa3f-adfa-4cae-b0f2-1c166cb6218e_187/outputs/model.pkl?sv=2019-02-02&sr=b&sig=JZWkuV0VBm8PNM2iJijdzKKjnSj%2F%2F43ZuAyIQVxC6ZE%3D&st=2021-01-15T07%3A45%3A03Z&se=2021-01-16T07%3A55%3A03Z&sp=rcw&comp=block&blockid=TURBd01EQXdNREF3TURBd01EQXdNREF3TURBd01EQXdNREF3TURBd01EQSUzRA%3D%3D&timeout=30
RobustScaler RandomForest                      0:00:29       0.1747    0.1744
       188   StandardScalerWrapper GradientBoosting         0:00:18       0.1747    0.1744
       189   StandardScalerWrapper RandomForest             0:00:23       0.1764    0.1744
       190   StandardScalerWrapper GradientBoosting         0:00:24       0.1799    0.1744
       191   StandardScalerWrapper RandomForest             0:00:23       0.1751    0.1744
       192   MinMaxScaler RandomForest                      0:00:21       0.1747    0.1744
       193   MinMaxScaler DecisionTree                      0:00:17       0.1757    0.1744
       194   WARNING - Retrying (Retry(total=2, connect=None, read=None, redirect=None, status=None)) after connection broken by 'ProtocolError('Connection aborted.', ConnectionResetError(104, 'Connection reset by peer'))': /azureml/ExperimentRun/dcid.AutoML_cff2fa3f-adfa-4cae-b0f2-1c166cb6218e_194/outputs/conda_env_v_1_0_0.yml?sv=2019-02-02&sr=b&sig=hXgmwHas6Tmrx3iDl0%2BPEF3YE%2FDZOpD3sR7CrAxmgFY%3D&st=2021-01-15T07%3A47%3A40Z&se=2021-01-16T07%3A57%3A40Z&sp=rcw&comp=block&blockid=TURBd01EQXdNREF3TURBd01EQXdNREF3TURBd01EQXdNREF3TURBd01EQSUzRA%3D%3D&timeout=30
WARNING - Retrying (Retry(total=2, connect=None, read=None, redirect=None, status=None)) after connection broken by 'ProtocolError('Connection aborted.', ConnectionResetError(104, 'Connection reset by peer'))': /azureml/ExperimentRun/dcid.AutoML_cff2fa3f-adfa-4cae-b0f2-1c166cb6218e_194/outputs/model.pkl?sv=2019-02-02&sr=b&sig=hoJFBl%2BeHvtjJeBUAbCUnPrS3Y2xSpe9zAjXan%2FIgj4%3D&st=2021-01-15T07%3A47%3A40Z&se=2021-01-16T07%3A57%3A40Z&sp=rcw&comp=block&blockid=TURBd01EQXdNREF3TURBd01EQXdNREF3TURBd01EQXdNREF3TURBd01EQSUzRA%3D%3D&timeout=30
MaxAbsScaler RandomForest                      0:00:23       0.1757    0.1744
       195   TruncatedSVDWrapper GradientBoosting           0:00:23       0.1752    0.1744
       196   RobustScaler GradientBoosting                  0:00:30       0.1751    0.1744
       197   MinMaxScaler RandomForest                      0:00:24       0.1754    0.1744
       198   RobustScaler RandomForest                      0:00:31       0.1749    0.1744
       199   StandardScalerWrapper RandomForest             0:00:25       0.1821    0.1744
       200   WARNING - Retrying (Retry(total=2, connect=None, read=None, redirect=None, status=None)) after connection broken by 'ProtocolError('Connection aborted.', ConnectionResetError(104, 'Connection reset by peer'))': /azureml/ExperimentRun/dcid.AutoML_cff2fa3f-adfa-4cae-b0f2-1c166cb6218e_200/outputs/scoring_file_v_1_0_0.py?sv=2019-02-02&sr=b&sig=xk%2BJaTPh7D%2F8VntTbotenIyZ%2FhzSnax6y6k3kD1BNjA%3D&st=2021-01-15T07%3A51%3A40Z&se=2021-01-16T08%3A01%3A40Z&sp=rcw&comp=block&blockid=TURBd01EQXdNREF3TURBd01EQXdNREF3TURBd01EQXdNREF3TURBd01EQSUzRA%3D%3D&timeout=30
TruncatedSVDWrapper GradientBoosting           0:01:52       0.1793    0.1744
       201   MaxAbsScaler RandomForest                      0:00:50       0.1820    0.1744
       202   MaxAbsScaler RandomForest                      0:00:19       0.1748    0.1744
       203   MaxAbsScaler GradientBoosting                  0:00:30       0.1753    0.1744
       204   StandardScalerWrapper RandomForest             0:00:26       0.1817    0.1744
       205   RobustScaler GradientBoosting                  0:00:19       0.1823    0.1744
       206   WARNING - Retrying (Retry(total=2, connect=None, read=None, redirect=None, status=None)) after connection broken by 'ProtocolError('Connection aborted.', ConnectionResetError(104, 'Connection reset by peer'))': /azureml/ExperimentRun/dcid.AutoML_cff2fa3f-adfa-4cae-b0f2-1c166cb6218e_206/outputs/conda_env_v_1_0_0.yml?sv=2019-02-02&sr=b&sig=sOZ2KgV6PqZ7dk2WqfGG1rqjwtXEUbAJQS9h3pJgyvg%3D&st=2021-01-15T07%3A54%3A46Z&se=2021-01-16T08%3A04%3A46Z&sp=rcw&comp=block&blockid=TURBd01EQXdNREF3TURBd01EQXdNREF3TURBd01EQXdNREF3TURBd01EQSUzRA%3D%3D&timeout=30
MinMaxScaler GradientBoosting                  0:00:37       0.1758    0.1744
       207   RobustScaler ExtremeRandomTrees                0:00:33       0.1816    0.1744
       208   RobustScaler RandomForest                      0:00:36       0.1760    0.1744
       209   MinMaxScaler RandomForest                      0:00:33       0.1822    0.1744
       210   WARNING - Retrying (Retry(total=2, connect=None, read=None, redirect=None, status=None)) after connection broken by 'ProtocolError('Connection aborted.', ConnectionResetError(104, 'Connection reset by peer'))': /azureml/ExperimentRun/dcid.AutoML_cff2fa3f-adfa-4cae-b0f2-1c166cb6218e_210/outputs/scoring_file_v_1_0_0.py?sv=2019-02-02&sr=b&sig=QBOzG3HX0lF4NDhKZx%2FWkFcSznU%2Ffl7jfDjRde8KnDA%3D&st=2021-01-15T07%3A56%3A58Z&se=2021-01-16T08%3A06%3A58Z&sp=rcw&comp=block&blockid=TURBd01EQXdNREF3TURBd01EQXdNREF3TURBd01EQXdNREF3TURBd01EQSUzRA%3D%3D&timeout=30
MaxAbsScaler GradientBoosting                  0:00:21       0.1815    0.1744
       211   MinMaxScaler RandomForest                      0:00:34       0.1759    0.1744
       212   MaxAbsScaler RandomForest                      0:00:34       0.1750    0.1744
       213   StandardScalerWrapper ExtremeRandomTrees       0:00:28       0.1811    0.1744
       214   RobustScaler GradientBoosting                  0:00:25       0.1753    0.1744
       215   StandardScalerWrapper GradientBoosting         0:00:28       0.1810    0.1744
       216   MaxAbsScaler RandomForest                      0:00:27       0.1750    0.1744
       217   StandardScalerWrapper RandomForest             0:00:22       0.1752    0.1744
       218   MinMaxScaler RandomForest                      0:00:22       0.1748    0.1744
       219   RobustScaler RandomForest                      0:00:27       0.1755    0.1744
       220   StandardScalerWrapper GradientBoosting         0:03:30       0.1832    0.1744
       221   StandardScalerWrapper RandomForest             0:00:24       0.1747    0.1744
       222   MinMaxScaler GradientBoosting                  0:00:34       0.1754    0.1744
       223   StandardScalerWrapper RandomForest             0:00:47       0.1815    0.1744
       224   RobustScaler RandomForest                      0:00:36       0.1753    0.1744
       225   StandardScalerWrapper GradientBoosting         0:01:09       0.1849    0.1744
       226   StandardScalerWrapper RandomForest             0:00:33       0.1817    0.1744
       227   MinMaxScaler DecisionTree                      0:00:20       0.1768    0.1744
       228   MaxAbsScaler GradientBoosting                  0:00:45       0.1811    0.1744
       229   StandardScalerWrapper RandomForest             0:00:25       0.1752    0.1744
       230   SparseNormalizer GradientBoosting              0:00:33       0.1761    0.1744
       231   RobustScaler RandomForest                      0:00:31       0.1814    0.1744
       232   StandardScalerWrapper RandomForest             0:00:24       0.1818    0.1744
       233   StandardScalerWrapper RandomForest             0:00:31       0.1825    0.1744
       234   MaxAbsScaler DecisionTree                      0:00:21       0.1783    0.1744
       235   MinMaxScaler GradientBoosting                  0:00:25       0.1831    0.1744
       236   StandardScalerWrapper DecisionTree             0:00:22       0.1757    0.1744
       237   RobustScaler RandomForest                      0:00:19       0.1757    0.1744
       238   StandardScalerWrapper DecisionTree             0:00:23       0.1759    0.1744
       239   RobustScaler ElasticNet                        0:00:20       0.1819    0.1744
       240   StandardScalerWrapper GradientBoosting         0:00:26       0.1760    0.1744
       241   MinMaxScaler RandomForest                      0:00:25       0.1775    0.1744
       242   MinMaxScaler DecisionTree                      0:00:18       0.1760    0.1744
       243   MaxAbsScaler RandomForest                      0:00:47       0.1818    0.1744
       244   StandardScalerWrapper DecisionTree             0:00:18       0.1758    0.1744
       245   StandardScalerWrapper GradientBoosting         0:00:41       0.1825    0.1744
       246   RobustScaler RandomForest                      0:00:24       0.1761    0.1744
       247   StandardScalerWrapper ElasticNet               0:00:19       0.1819    0.1744
       248   RobustScaler DecisionTree                      0:00:24       0.1768    0.1744
       249   RobustScaler DecisionTree                      0:00:20       0.1767    0.1744
       250   TruncatedSVDWrapper GradientBoosting           0:00:20       0.1826    0.1744
       251   WARNING - Retrying (Retry(total=2, connect=None, read=None, redirect=None, status=None)) after connection broken by 'ProtocolError('Connection aborted.', ConnectionResetError(104, 'Connection reset by peer'))': /azureml/ExperimentRun/dcid.AutoML_cff2fa3f-adfa-4cae-b0f2-1c166cb6218e_251/outputs/conda_env_v_1_0_0.yml?sv=2019-02-02&sr=b&sig=j9C88N2QovvctbfOPs8Q%2BNLqDa4p%2FdCrKBv340Mu924%3D&st=2021-01-15T08%3A19%3A56Z&se=2021-01-16T08%3A29%3A56Z&sp=rcw&comp=block&blockid=TURBd01EQXdNREF3TURBd01EQXdNREF3TURBd01EQXdNREF3TURBd01EQSUzRA%3D%3D&timeout=30
WARNING - Retrying (Retry(total=2, connect=None, read=None, redirect=None, status=None)) after connection broken by 'ProtocolError('Connection aborted.', ConnectionResetError(104, 'Connection reset by peer'))': /azureml/ExperimentRun/dcid.AutoML_cff2fa3f-adfa-4cae-b0f2-1c166cb6218e_251/outputs/scoring_file_v_1_0_0.py?sv=2019-02-02&sr=b&sig=DvdMyB7a0hbyh0SUwv4UD7D1AtHQm0qLQJ1aMUOuEKk%3D&st=2021-01-15T08%3A19%3A56Z&se=2021-01-16T08%3A29%3A56Z&sp=rcw&comp=block&blockid=TURBd01EQXdNREF3TURBd01EQXdNREF3TURBd01EQXdNREF3TURBd01EQSUzRA%3D%3D&timeout=30
MinMaxScaler DecisionTree                      0:00:25       0.1768    0.1744
       252   MinMaxScaler DecisionTree                      0:00:25       0.1765    0.1744
       253   RobustScaler DecisionTree                      0:00:18       0.1762    0.1744
       254   StandardScalerWrapper DecisionTree             0:00:30       0.1760    0.1744
       255   RobustScaler GradientBoosting                  0:00:25       0.1798    0.1744
       256   RobustScaler RandomForest                      0:00:25       0.1786    0.1744
       257   StandardScalerWrapper LightGBM                 0:00:24       0.1749    0.1744
       258   StandardScalerWrapper RandomForest             0:00:27       0.1752    0.1744
       259   StandardScalerWrapper RandomForest             0:00:21       0.1753    0.1744
       260   RobustScaler GradientBoosting                  0:00:30       0.1825    0.1744
       261   RobustScaler RandomForest                      0:00:19       0.1755    0.1744
       262   StandardScalerWrapper ElasticNet               0:00:19       0.1817    0.1744
       263   StandardScalerWrapper RandomForest             0:00:21       0.1772    0.1744
       264   StandardScalerWrapper DecisionTree             0:00:21       0.1757    0.1744
       265   TruncatedSVDWrapper GradientBoosting           0:00:57       0.1832    0.1744
       266   RobustScaler RandomForest                      0:00:19       0.1754    0.1744
       267   StandardScalerWrapper DecisionTree             0:00:22       0.1757    0.1744
       268   RobustScaler RandomForest                      0:00:25       0.1752    0.1744
       269   RobustScaler RandomForest                      0:00:33       0.1759    0.1744
       270   TruncatedSVDWrapper GradientBoosting           0:00:34       0.1827    0.1744
       271   StandardScalerWrapper RandomForest             0:00:28       0.1777    0.1744
       272   MinMaxScaler ExtremeRandomTrees                0:00:24       0.1750    0.1744
       273   StandardScalerWrapper ExtremeRandomTrees       0:00:22       0.1751    0.1744
       274   StandardScalerWrapper RandomForest             0:00:26       0.1765    0.1744
       275   SparseNormalizer GradientBoosting              0:00:32       0.1791    0.1744
       276   RobustScaler RandomForest                      0:00:22       0.1749    0.1744
       277   StandardScalerWrapper ExtremeRandomTrees       0:00:27       0.1746    0.1744
       278   StandardScalerWrapper ExtremeRandomTrees       0:00:24       0.1752    0.1744
       279   MinMaxScaler RandomForest                      0:00:21       0.1751    0.1744
       280   SparseNormalizer GradientBoosting              0:00:32       0.1824    0.1744
       281   MinMaxScaler RandomForest                      0:00:26       0.1753    0.1744
       282   StandardScalerWrapper RandomForest             0:00:28       0.1755    0.1744
       283   StandardScalerWrapper ExtremeRandomTrees       0:00:23       0.1749    0.1744
       284   RobustScaler ExtremeRandomTrees                0:00:27       0.1813    0.1744
       285   PCA GradientBoosting                           0:03:57       0.1809    0.1744
       286   MinMaxScaler ExtremeRandomTrees                0:00:33       0.1748    0.1744
       287   StandardScalerWrapper RandomForest             0:00:20       0.1755    0.1744
       288   RobustScaler RandomForest                      0:00:25       0.1751    0.1744
       289   StandardScalerWrapper RandomForest             0:00:27       0.1752    0.1744
       290   PCA GradientBoosting                           0:00:30       0.1868    0.1744
       291   StandardScalerWrapper RandomForest             0:00:25       0.1752    0.1744
       292   StandardScalerWrapper ExtremeRandomTrees       0:00:28       0.1752    0.1744
       293   MinMaxScaler ExtremeRandomTrees                0:00:30       0.1750    0.1744
       294   MinMaxScaler ExtremeRandomTrees                0:00:25       0.1746    0.1744
       295   TruncatedSVDWrapper GradientBoosting           0:07:13       0.1779    0.1744
       296   RobustScaler ExtremeRandomTrees                0:00:22       0.1748    0.1744
       297   MinMaxScaler ExtremeRandomTrees                0:00:23       0.1749    0.1744
       298   MinMaxScaler ExtremeRandomTrees                0:00:23       0.1752    0.1744
       299   RobustScaler RandomForest                      0:00:27       0.1754    0.1744
       300   SparseNormalizer GradientBoosting              0:00:24       0.1798    0.1744
       301   MinMaxScaler ExtremeRandomTrees                0:00:32       0.1747    0.1744
       302   MinMaxScaler ExtremeRandomTrees                0:00:28       0.1813    0.1744
       303   RobustScaler ExtremeRandomTrees                0:00:25       0.1747    0.1744
       304   MinMaxScaler ExtremeRandomTrees                0:00:26       0.1749    0.1744
       305   RobustScaler GradientBoosting                  0:00:38       0.1815    0.1744
       306   MinMaxScaler ExtremeRandomTrees                0:00:29       0.1750    0.1744
       307   StandardScalerWrapper RandomForest             0:00:25       0.1766    0.1744
       308   RobustScaler ExtremeRandomTrees                0:00:26       0.1756    0.1744
       309   StandardScalerWrapper RandomForest             0:00:27       0.1748    0.1744
       310   TruncatedSVDWrapper GradientBoosting           0:01:04       0.1759    0.1744
       311   StandardScalerWrapper ExtremeRandomTrees       0:00:33       0.1757    0.1744
       312   MinMaxScaler RandomForest                      0:00:45       0.1752    0.1744
       313   MinMaxScaler RandomForest                      0:00:25       0.1747    0.1744
       314   StandardScalerWrapper ExtremeRandomTrees       0:00:20       0.1751    0.1744
       315   PCA GradientBoosting                           0:00:34       0.1863    0.1744
       316   RobustScaler ExtremeRandomTrees                0:00:31       0.1751    0.1744
       317   RobustScaler ExtremeRandomTrees                0:00:30       0.1755    0.1744
       318   MinMaxScaler ExtremeRandomTrees                0:00:29       0.1750    0.1744
       319   RobustScaler RandomForest                      0:00:25       0.1749    0.1744
       320   StandardScalerWrapper GradientBoosting         0:00:23       0.1844    0.1744
       321   StandardScalerWrapper ExtremeRandomTrees       0:00:26       0.1749    0.1744
       322   StandardScalerWrapper ExtremeRandomTrees       0:00:20       0.1751    0.1744
       323   StandardScalerWrapper RandomForest             0:00:24       0.1753    0.1744
       324   StandardScalerWrapper RandomForest             0:00:21       0.1752    0.1744
       325   PCA GradientBoosting                           0:00:37       0.1799    0.1744
       326   MinMaxScaler GradientBoosting                  0:00:41       0.1745    0.1744
       327   RobustScaler ExtremeRandomTrees                0:00:28       0.1749    0.1744
       328   RobustScaler ExtremeRandomTrees                0:00:29       0.1747    0.1744
       329   RobustScaler RandomForest                      0:00:22       0.1749    0.1744
       330   TruncatedSVDWrapper GradientBoosting           0:00:21       0.1856    0.1744
       331   StandardScalerWrapper RandomForest             0:00:34       0.1749    0.1744
       332   MinMaxScaler RandomForest                      0:00:25       0.1754    0.1744
       333   RobustScaler ExtremeRandomTrees                0:00:33       0.1752    0.1744
       334   StandardScalerWrapper ExtremeRandomTrees       0:00:23       0.1749    0.1744
       335   RobustScaler GradientBoosting                  0:05:08       0.1809    0.1744
       336   WARNING - Retrying (Retry(total=2, connect=None, read=None, redirect=None, status=None)) after connection broken by 'ProtocolError('Connection aborted.', ConnectionResetError(104, 'Connection reset by peer'))': /azureml/ExperimentRun/dcid.AutoML_cff2fa3f-adfa-4cae-b0f2-1c166cb6218e_336/outputs/pipeline_graph.json?sv=2019-02-02&sr=b&sig=nGVw4U0iS0gzrSUpy3JizVAMf9mjwIYV4Y3xEJ9O6eo%3D&st=2021-01-15T09%3A14%3A44Z&se=2021-01-16T09%3A24%3A44Z&sp=rcw&comp=block&blockid=TURBd01EQXdNREF3TURBd01EQXdNREF3TURBd01EQXdNREF3TURBd01EQSUzRA%3D%3D&timeout=30
StandardScalerWrapper ExtremeRandomTrees       0:00:35       0.1750    0.1744
       337   MinMaxScaler ExtremeRandomTrees                0:00:20       0.1752    0.1744
       338   MinMaxScaler RandomForest                      0:00:28       0.1749    0.1744
       339   StandardScalerWrapper RandomForest             0:00:22       0.1747    0.1744
       340   SparseNormalizer GradientBoosting              0:00:23       0.1849    0.1744
       341   RobustScaler ExtremeRandomTrees                0:00:31       0.1747    0.1744
       342   StandardScalerWrapper RandomForest             0:00:27       0.1749    0.1744
       343   RobustScaler RandomForest                      0:00:29       0.1750    0.1744
       344   MinMaxScaler ExtremeRandomTrees                0:00:31       0.1750    0.1744
       345   RobustScaler GradientBoosting                  0:00:20       0.1832    0.1744
       346   StandardScalerWrapper RandomForest             0:00:39       0.1751    0.1744
       347   StandardScalerWrapper RandomForest             0:00:21       0.1751    0.1744
       348   StandardScalerWrapper ExtremeRandomTrees       0:00:24       0.1751    0.1744
       349   MinMaxScaler ExtremeRandomTrees                0:00:24       0.1751    0.1744
       350   MaxAbsScaler GradientBoosting                  0:00:26       0.1798    0.1744
       351   StandardScalerWrapper RandomForest             0:00:20       0.1750    0.1744
       352   MinMaxScaler RandomForest                      0:00:19       0.1750    0.1744
       353   MinMaxScaler RandomForest                      0:00:27       0.1747    0.1744
       354   MinMaxScaler ExtremeRandomTrees                0:00:32       0.1752    0.1744
       355   StandardScalerWrapper GradientBoosting         0:00:26       0.1793    0.1744
       356   StandardScalerWrapper ExtremeRandomTrees       0:00:21       0.1752    0.1744
       357   StandardScalerWrapper ExtremeRandomTrees       0:00:25       0.1751    0.1744
       358   MinMaxScaler RandomForest                      0:00:26       0.1772    0.1744
       359   StandardScalerWrapper RandomForest             0:00:28       0.1752    0.1744
       360   MinMaxScaler GradientBoosting                  0:00:33       0.1795    0.1744
       361   StandardScalerWrapper ExtremeRandomTrees       0:00:35       0.1750    0.1744
       362   StandardScalerWrapper ExtremeRandomTrees       0:00:24       0.1749    0.1744
       363   StandardScalerWrapper ExtremeRandomTrees       0:00:26       0.1752    0.1744
       364   RobustScaler RandomForest                      0:00:28       0.1749    0.1744
       365   MinMaxScaler GradientBoosting                  0:00:31       0.1854    0.1744
       366   RobustScaler ExtremeRandomTrees                0:00:28       0.1752    0.1744
       367   MinMaxScaler ExtremeRandomTrees                0:00:28       0.1752    0.1744
       368   RobustScaler ExtremeRandomTrees                0:00:25       0.1752    0.1744
       369   StandardScalerWrapper RandomForest             0:00:22       0.1749    0.1744
       370   MaxAbsScaler GradientBoosting                  0:00:25       0.1770    0.1744
       371   StandardScalerWrapper ExtremeRandomTrees       0:00:20       0.1750    0.1744
       372   MinMaxScaler RandomForest                      0:00:28       0.1751    0.1744
       373   MinMaxScaler ExtremeRandomTrees                0:00:25       0.1751    0.1744
       374   StandardScalerWrapper ExtremeRandomTrees       0:00:28       0.1751    0.1744
       375   MinMaxScaler GradientBoosting                  0:00:26       0.1830    0.1744
       376   MinMaxScaler ExtremeRandomTrees                0:00:28       0.1747    0.1744
       377   MinMaxScaler ExtremeRandomTrees                0:00:37       0.1748    0.1744
       378   RobustScaler RandomForest                      0:00:20       0.1753    0.1744
       379   StandardScalerWrapper RandomForest             0:00:31       0.1751    0.1744
       380   RobustScaler GradientBoosting                  0:00:24       0.1832    0.1744
       381   MinMaxScaler ExtremeRandomTrees                0:00:31       0.1749    0.1744
       382   StandardScalerWrapper ExtremeRandomTrees       0:00:24       0.1748    0.1744
       383   MinMaxScaler ExtremeRandomTrees                0:00:26       0.1750    0.1744
       384   MinMaxScaler RandomForest                      0:00:21       0.1753    0.1744
       385   RobustScaler GradientBoosting                  0:00:20       0.1832    0.1744
       386   RobustScaler RandomForest                      0:00:25       0.1752    0.1744
       387   MinMaxScaler ExtremeRandomTrees                0:00:28       0.1748    0.1744
       388   StandardScalerWrapper RandomForest             0:00:20       0.1762    0.1744
       389   MinMaxScaler ExtremeRandomTrees                0:00:31       0.1747    0.1744
       390   MaxAbsScaler GradientBoosting                  0:00:40       0.1813    0.1744
       391   MinMaxScaler ExtremeRandomTrees                0:00:28       0.1747    0.1744
       392   StandardScalerWrapper ExtremeRandomTrees       0:00:34       0.1752    0.1744
       393   StandardScalerWrapper ExtremeRandomTrees       0:00:30       0.1752    0.1744
       394   MinMaxScaler ExtremeRandomTrees                0:00:26       0.1751    0.1744
       395   TruncatedSVDWrapper GradientBoosting           0:00:24       0.1833    0.1744
       396   MinMaxScaler RandomForest                      0:00:25       0.1754    0.1744
       397   MinMaxScaler ExtremeRandomTrees                0:00:25       0.1749    0.1744
       398   RobustScaler ExtremeRandomTrees                0:00:25       0.1749    0.1744
       399   RobustScaler ExtremeRandomTrees                0:00:22       0.1752    0.1744
       400   PCA GradientBoosting                           0:06:11       0.1858    0.1744
       401   StandardScalerWrapper RandomForest             0:00:20       0.1747    0.1744
       402   MinMaxScaler ExtremeRandomTrees                0:00:26       0.1749    0.1744
       403   MinMaxScaler ExtremeRandomTrees                0:00:31       0.1750    0.1744
       404   StandardScalerWrapper ExtremeRandomTrees       0:00:25       0.1753    0.1744
       405   MaxAbsScaler GradientBoosting                  0:00:34       0.1854    0.1744
       406   WARNING - Retrying (Retry(total=2, connect=None, read=None, redirect=None, status=None)) after connection broken by 'ProtocolError('Connection aborted.', ConnectionResetError(104, 'Connection reset by peer'))': /azureml/ExperimentRun/dcid.AutoML_cff2fa3f-adfa-4cae-b0f2-1c166cb6218e_406/outputs/env_dependencies.json?sv=2019-02-02&sr=b&sig=D%2FpEqI9NolXuKgq0JtYLpJ60u8%2BV8mnsIjHH3da1rk8%3D&st=2021-01-15T09%3A52%3A29Z&se=2021-01-16T10%3A02%3A29Z&sp=rcw&comp=block&blockid=TURBd01EQXdNREF3TURBd01EQXdNREF3TURBd01EQXdNREF3TURBd01EQSUzRA%3D%3D&timeout=30
StandardScalerWrapper ExtremeRandomTrees       0:00:35       0.1752    0.1744
       407   MinMaxScaler ExtremeRandomTrees                0:00:27       0.1749    0.1744
       408   RobustScaler ExtremeRandomTrees                0:00:20       0.1751    0.1744
       409   MinMaxScaler ExtremeRandomTrees                0:00:29       0.1747    0.1744
       410   WARNING - Retrying (Retry(total=2, connect=None, read=None, redirect=None, status=None)) after connection broken by 'ProtocolError('Connection aborted.', ConnectionResetError(104, 'Connection reset by peer'))': /azureml/ExperimentRun/dcid.AutoML_cff2fa3f-adfa-4cae-b0f2-1c166cb6218e_410/outputs/env_dependencies.json?sv=2019-02-02&sr=b&sig=Kz2Wn%2FY%2B4rQ%2FlKJ86K7St75pHgmQ0uQcYRsTVRUD2eA%3D&st=2021-01-15T09%3A54%3A16Z&se=2021-01-16T10%3A04%3A16Z&sp=rcw&comp=block&blockid=TURBd01EQXdNREF3TURBd01EQXdNREF3TURBd01EQXdNREF3TURBd01EQSUzRA%3D%3D&timeout=30
RobustScaler GradientBoosting                  0:00:26       0.1853    0.1744
       411   MinMaxScaler RandomForest                      0:00:24       0.1746    0.1744
       412   MinMaxScaler ExtremeRandomTrees                0:00:33       0.1748    0.1744
       413   MinMaxScaler ExtremeRandomTrees                0:00:28       0.1749    0.1744
       414   StandardScalerWrapper ExtremeRandomTrees       0:00:24       0.1752    0.1744
       415   PCA GradientBoosting                           0:00:31       0.1834    0.1744
       416   StandardScalerWrapper ExtremeRandomTrees       0:00:36       0.1751    0.1744
       417   StandardScalerWrapper RandomForest             0:00:22       0.1754    0.1744
       418   MinMaxScaler RandomForest                      0:00:32       0.1747    0.1744
       419   StandardScalerWrapper ExtremeRandomTrees       0:00:33       0.1750    0.1744
       420   TruncatedSVDWrapper GradientBoosting           0:06:16       0.1760    0.1744
       421   RobustScaler ExtremeRandomTrees                0:00:24       0.1751    0.1744
       422   MinMaxScaler RandomForest                      0:00:25       0.1752    0.1744
       423   WARNING - Retrying (Retry(total=2, connect=None, read=None, redirect=None, status=None)) after connection broken by 'ProtocolError('Connection aborted.', ConnectionResetError(104, 'Connection reset by peer'))': /azureml/ExperimentRun/dcid.AutoML_cff2fa3f-adfa-4cae-b0f2-1c166cb6218e_423/outputs/model.pkl?sv=2019-02-02&sr=b&sig=yvRJ%2Fko5e7EoiX2Mc%2FcLdg5GKJsLMDU58OWAe7OBr4g%3D&st=2021-01-15T10%3A06%3A20Z&se=2021-01-16T10%3A16%3A20Z&sp=rcw&comp=block&blockid=TURBd01EQXdNREF3TURBd01EQXdNREF3TURBd01EQXdNREF3TURBd01EQSUzRA%3D%3D&timeout=30
RobustScaler ExtremeRandomTrees                0:00:25       0.1749    0.1744
       424   StandardScalerWrapper ExtremeRandomTrees       0:00:20       0.1749    0.1744
       425   StandardScalerWrapper GradientBoosting         0:00:32       0.1799    0.1744
       426   RobustScaler ExtremeRandomTrees                0:00:28       0.1751    0.1744
       427   StandardScalerWrapper RandomForest             0:00:19       0.1753    0.1744
       428   StandardScalerWrapper ExtremeRandomTrees       0:00:32       0.1748    0.1744
       429   RobustScaler ExtremeRandomTrees                0:00:27       0.1750    0.1744
       430   StandardScalerWrapper GradientBoosting         0:03:29       0.1813    0.1744
       431   StandardScalerWrapper RandomForest             0:00:28       0.1747    0.1744
       432   MinMaxScaler RandomForest                      0:00:24       0.1747    0.1744
       433   MinMaxScaler ExtremeRandomTrees                0:00:28       0.1749    0.1744
       434   StandardScalerWrapper RandomForest             0:00:26       0.1746    0.1744
       435   MinMaxScaler GradientBoosting                  0:00:42       0.1795    0.1744
       436   StandardScalerWrapper ExtremeRandomTrees       0:00:23       0.1754    0.1744
       437   RobustScaler RandomForest                      0:00:21       0.1749    0.1744
       438   WARNING - Retrying (Retry(total=2, connect=None, read=None, redirect=None, status=None)) after connection broken by 'ProtocolError('Connection aborted.', ConnectionResetError(104, 'Connection reset by peer'))': /azureml/ExperimentRun/dcid.AutoML_cff2fa3f-adfa-4cae-b0f2-1c166cb6218e_438/outputs/pipeline_graph.json?sv=2019-02-02&sr=b&sig=Xo1AKXs6GJIWNAg0uH4VfllKx2jNJj86K4YkMGvoBds%3D&st=2021-01-15T10%3A16%3A24Z&se=2021-01-16T10%3A26%3A24Z&sp=rcw&comp=block&blockid=TURBd01EQXdNREF3TURBd01EQXdNREF3TURBd01EQXdNREF3TURBd01EQSUzRA%3D%3D&timeout=30
WARNING - Retrying (Retry(total=2, connect=None, read=None, redirect=None, status=None)) after connection broken by 'ProtocolError('Connection aborted.', ConnectionResetError(104, 'Connection reset by peer'))': /azureml/ExperimentRun/dcid.AutoML_cff2fa3f-adfa-4cae-b0f2-1c166cb6218e_438/outputs/scoring_file_v_1_0_0.py?sv=2019-02-02&sr=b&sig=sXYEoXGgSPsLgHaO7jV3ZC%2B9CPn3SmbAdpWg0hbTlrU%3D&st=2021-01-15T10%3A16%3A24Z&se=2021-01-16T10%3A26%3A24Z&sp=rcw&comp=block&blockid=TURBd01EQXdNREF3TURBd01EQXdNREF3TURBd01EQXdNREF3TURBd01EQSUzRA%3D%3D&timeout=30
MinMaxScaler RandomForest                      0:00:25       0.1750    0.1744
       439   MinMaxScaler ExtremeRandomTrees                0:00:21       0.1753    0.1744
       440   PCA GradientBoosting                           0:07:54       0.1821    0.1744
       441   RobustScaler ExtremeRandomTrees                0:00:21       0.1751    0.1744
       442   RobustScaler ExtremeRandomTrees                0:00:29       0.1750    0.1744
       443   MinMaxScaler RandomForest                      0:00:27       0.1747    0.1744
       444   MinMaxScaler ExtremeRandomTrees                0:00:31       0.1757    0.1744
       445   TruncatedSVDWrapper GradientBoosting           0:00:53       0.1856    0.1744
       446   RobustScaler ExtremeRandomTrees                0:00:25       0.1753    0.1744
       447   WARNING - Retrying (Retry(total=2, connect=None, read=None, redirect=None, status=None)) after connection broken by 'ProtocolError('Connection aborted.', ConnectionResetError(104, 'Connection reset by peer'))': /azureml/ExperimentRun/dcid.AutoML_cff2fa3f-adfa-4cae-b0f2-1c166cb6218e_447/outputs/pipeline_graph.json?sv=2019-02-02&sr=b&sig=zJBYnjnEc6PS7smjqbo7IiV4KPwEyDZ1MYJ%2B1f9PKgk%3D&st=2021-01-15T10%3A28%3A14Z&se=2021-01-16T10%3A38%3A14Z&sp=rcw&comp=block&blockid=TURBd01EQXdNREF3TURBd01EQXdNREF3TURBd01EQXdNREF3TURBd01EQSUzRA%3D%3D&timeout=30
StandardScalerWrapper GradientBoosting         0:00:23       0.1804    0.1744
       448   MinMaxScaler RandomForest                      0:00:27       0.1746    0.1744
       449   RobustScaler ExtremeRandomTrees                0:00:21       0.1750    0.1744
       450   MinMaxScaler GradientBoosting                  0:28:49       0.1806    0.1744
       451   StandardScalerWrapper ExtremeRandomTrees       0:00:25       0.1753    0.1744
       452   RobustScaler ExtremeRandomTrees                0:00:28       0.1750    0.1744
       453   RobustScaler ExtremeRandomTrees                0:00:29       0.1751    0.1744
       454   StandardScalerWrapper ExtremeRandomTrees       0:00:27       0.1749    0.1744
       455   TruncatedSVDWrapper GradientBoosting           0:00:23       0.1831    0.1744
       456   RobustScaler RandomForest                      0:00:21       0.1749    0.1744
       457   StandardScalerWrapper GradientBoosting         0:00:28       0.1750    0.1744
       458   StandardScalerWrapper ExtremeRandomTrees       0:00:24       0.1753    0.1744
       459   RobustScaler RandomForest                      0:00:23       0.1749    0.1744
       460   TruncatedSVDWrapper GradientBoosting           0:00:29       0.1778    0.1744
       461   StandardScalerWrapper ExtremeRandomTrees       0:00:23       0.1750    0.1744
       462   MinMaxScaler ExtremeRandomTrees                0:00:26       0.1750    0.1744
       463   RobustScaler ExtremeRandomTrees                0:00:28       0.1749    0.1744
       464   StandardScalerWrapper RandomForest             0:00:23       0.1751    0.1744
       465   SparseNormalizer GradientBoosting              0:00:30       0.1778    0.1744
       466   MinMaxScaler ExtremeRandomTrees                0:00:25       0.1751    0.1744
       467   RobustScaler RandomForest                      0:00:26       0.1746    0.1744
       468   RobustScaler ExtremeRandomTrees                0:00:19       0.1751    0.1744
       469   MinMaxScaler ExtremeRandomTrees                0:00:27       0.1748    0.1744
       470   RobustScaler GradientBoosting                  0:19:41       0.1789    0.1744
       471   MinMaxScaler RandomForest                      0:00:30       0.1750    0.1744
       472   MinMaxScaler RandomForest                      0:00:22       0.1748    0.1744
       473   MinMaxScaler LightGBM                          0:00:25       0.1749    0.1744
       474   RobustScaler RandomForest                      0:00:22       0.1749    0.1744
       475   StandardScalerWrapper GradientBoosting         0:00:27       0.1820    0.1744
       476   StandardScalerWrapper LightGBM                 0:00:19       0.1747    0.1744
       477   StandardScalerWrapper RandomForest             0:00:29       0.1746    0.1744
       478   MinMaxScaler RandomForest                      0:00:25       0.1749    0.1744
       479   RobustScaler ExtremeRandomTrees                0:00:21       0.1749    0.1744
       480   StandardScalerWrapper GradientBoosting         0:00:29       0.1799    0.1744
       481   MinMaxScaler LightGBM                          0:00:25       0.1748    0.1744
       482   MinMaxScaler ExtremeRandomTrees                0:00:32       0.1748    0.1744
       483   MinMaxScaler ExtremeRandomTrees                0:00:23       0.1752    0.1744
       484   StandardScalerWrapper RandomForest             0:00:23       0.1746    0.1744
       485   RobustScaler GradientBoosting                  0:00:24       0.1784    0.1744
       486   RobustScaler RandomForest                      0:00:23       0.1750    0.1744
       487   MinMaxScaler GradientBoosting                  0:00:31       0.1747    0.1744
       488   StandardScalerWrapper ExtremeRandomTrees       0:00:32       0.1752    0.1744
       489   StandardScalerWrapper RandomForest             0:00:24       0.1748    0.1744
       490   SparseNormalizer GradientBoosting              0:00:34       0.1832    0.1744
       491   MinMaxScaler RandomForest                      0:00:28       0.1750    0.1744
       492   RobustScaler ExtremeRandomTrees                0:00:26       0.1752    0.1744
       493   RobustScaler RandomForest                      0:00:25       0.1750    0.1744
       494   StandardScalerWrapper ExtremeRandomTrees       0:00:30       0.1751    0.1744
       495   TruncatedSVDWrapper GradientBoosting           0:00:31       0.1844    0.1744
       496   StandardScalerWrapper RandomForest             0:00:29       0.1755    0.1744
       497   MinMaxScaler ExtremeRandomTrees                0:00:27       0.1751    0.1744
       498   RobustScaler ExtremeRandomTrees                0:00:22       0.1752    0.1744
       499   MinMaxScaler ExtremeRandomTrees                0:00:24       0.1748    0.1744
       500   StandardScalerWrapper GradientBoosting         0:00:21       0.1831    0.1744
       501   MinMaxScaler ExtremeRandomTrees                0:00:26       0.1748    0.1744
       502   RobustScaler ExtremeRandomTrees                0:00:31       0.1752    0.1744
       503   MinMaxScaler RandomForest                      0:00:21       0.1750    0.1744
       504   StandardScalerWrapper RandomForest             0:00:29       0.1748    0.1744
       505   MinMaxScaler GradientBoosting                  0:00:28       0.1778    0.1744
       506   MinMaxScaler RandomForest                      0:00:24       0.1749    0.1744
       507   StandardScalerWrapper RandomForest             0:00:24       0.1750    0.1744
       508   StandardScalerWrapper ExtremeRandomTrees       0:00:33       0.1751    0.1744
       509   RobustScaler RandomForest                      0:00:27       0.1751    0.1744
       510   MaxAbsScaler GradientBoosting                  0:00:26       0.1831    0.1744
       511   MinMaxScaler RandomForest                      0:00:24       0.1752    0.1744
       512   StandardScalerWrapper ExtremeRandomTrees       0:00:28       0.1752    0.1744
       513   MinMaxScaler ExtremeRandomTrees                0:08:53       0.1751    0.1744
       514   RobustScaler ExtremeRandomTrees                1:44:57       0.1747    0.1744
ERROR: RunStateChangeException:
	Message: Failed to mark the Run AutoML_cff2fa3f-adfa-4cae-b0f2-1c166cb6218e_514 as Completed. Last known status: Canceled
	InnerException: None
	ErrorResponse 
{
    "error": {
        "code": "System",
        "inner_error": {
            "code": "Service",
            "inner_error": {
                "code": "StateChange"
            }
        },
        "message": "Failed to mark the Run AutoML_cff2fa3f-adfa-4cae-b0f2-1c166cb6218e_514 as Completed. Last known status: Canceled",
        "target": "MarkRunComplete",
        "reference_code": "MarkRunComplete"
    }
}
       515   WARNING - Received unrecognized parameter ensemble_download_models_timeout_sec
WARNING - Received unrecognized parameter ensemble_download_models_timeout_sec
WARNING - Retrying (Retry(total=2, connect=3, read=2, redirect=None, status=None)) after connection broken by 'ProtocolError('Connection aborted.', RemoteDisconnected('Remote end closed connection without response'))': /history/v1.0/subscriptions/140247fd-63ff-4369-8eab-15ff11693adb/resourceGroups/automl_time_series/providers/Microsoft.MachineLearningServices/workspaces/automl_time_series_ws/experiments/experiment/runs/AutoML_cff2fa3f-adfa-4cae-b0f2-1c166cb6218e_401
WARNING - Retrying (Retry(total=1, connect=3, read=1, redirect=None, status=None)) after connection broken by 'ProtocolError('Connection aborted.', OSError(0, 'Error'))': /history/v1.0/subscriptions/140247fd-63ff-4369-8eab-15ff11693adb/resourceGroups/automl_time_series/providers/Microsoft.MachineLearningServices/workspaces/automl_time_series_ws/experiments/experiment/runs/AutoML_cff2fa3f-adfa-4cae-b0f2-1c166cb6218e_401
WARNING - Retrying (Retry(total=0, connect=3, read=0, redirect=None, status=None)) after connection broken by 'ProtocolError('Connection aborted.', OSError(0, 'Error'))': /history/v1.0/subscriptions/140247fd-63ff-4369-8eab-15ff11693adb/resourceGroups/automl_time_series/providers/Microsoft.MachineLearningServices/workspaces/automl_time_series_ws/experiments/experiment/runs/AutoML_cff2fa3f-adfa-4cae-b0f2-1c166cb6218e_401
                                               0:31:58          nan    0.1744
ERROR: Run AutoML_cff2fa3f-adfa-4cae-b0f2-1c166cb6218e_515 failed with exception of type: PipelineRunException. Pipeline Class Names: { Ensemble } Pipeline ID: __AutoML_Ensemble__
Stopping criteria reached at iteration 516. Ending experiment.
WARNING - Retrying (Retry(total=2, connect=3, read=2, redirect=None, status=None)) after connection broken by 'ProtocolError('Connection aborted.', OSError(0, 'Error'))': /history/v1.0/subscriptions/140247fd-63ff-4369-8eab-15ff11693adb/resourceGroups/automl_time_series/providers/Microsoft.MachineLearningServices/workspaces/automl_time_series_ws/experiments/experiment/metrics:query?mergestrategytype=None
WARNING - Retrying (Retry(total=1, connect=3, read=1, redirect=None, status=None)) after connection broken by 'ProtocolError('Connection aborted.', BrokenPipeError(32, 'Broken pipe'))': /history/v1.0/subscriptions/140247fd-63ff-4369-8eab-15ff11693adb/resourceGroups/automl_time_series/providers/Microsoft.MachineLearningServices/workspaces/automl_time_series_ws/experiments/experiment/metrics:query?mergestrategytype=None
WARNING - Retrying (Retry(total=2, connect=3, read=2, redirect=None, status=None)) after connection broken by 'ProtocolError('Connection aborted.', BrokenPipeError(32, 'Broken pipe'))': /history/v1.0/subscriptions/140247fd-63ff-4369-8eab-15ff11693adb/resourceGroups/automl_time_series/providers/Microsoft.MachineLearningServices/workspaces/automl_time_series_ws/experiments/experiment/metrics:query?mergestrategytype=None
WARNING - Retrying (Retry(total=1, connect=3, read=1, redirect=None, status=None)) after connection broken by 'ProtocolError('Connection aborted.', OSError(0, 'Error'))': /history/v1.0/subscriptions/140247fd-63ff-4369-8eab-15ff11693adb/resourceGroups/automl_time_series/providers/Microsoft.MachineLearningServices/workspaces/automl_time_series_ws/experiments/experiment/metrics:query?mergestrategytype=None
WARNING - Retrying (Retry(total=0, connect=3, read=0, redirect=None, status=None)) after connection broken by 'ProtocolError('Connection aborted.', BrokenPipeError(32, 'Broken pipe'))': /history/v1.0/subscriptions/140247fd-63ff-4369-8eab-15ff11693adb/resourceGroups/automl_time_series/providers/Microsoft.MachineLearningServices/workspaces/automl_time_series_ws/experiments/experiment/metrics:query?mergestrategytype=None
WARNING - Retrying (Retry(total=2, connect=3, read=2, redirect=None, status=None)) after connection broken by 'ProtocolError('Connection aborted.', BrokenPipeError(32, 'Broken pipe'))': /history/v1.0/subscriptions/140247fd-63ff-4369-8eab-15ff11693adb/resourceGroups/automl_time_series/providers/Microsoft.MachineLearningServices/workspaces/automl_time_series_ws/experiments/experiment/metrics:query?mergestrategytype=None
WARNING - Retrying (Retry(total=1, connect=3, read=1, redirect=None, status=None)) after connection broken by 'ProtocolError('Connection aborted.', BrokenPipeError(32, 'Broken pipe'))': /history/v1.0/subscriptions/140247fd-63ff-4369-8eab-15ff11693adb/resourceGroups/automl_time_series/providers/Microsoft.MachineLearningServices/workspaces/automl_time_series_ws/experiments/experiment/metrics:query?mergestrategytype=None
WARNING - Retrying (Retry(total=2, connect=3, read=2, redirect=None, status=None)) after connection broken by 'ProtocolError('Connection aborted.', BrokenPipeError(32, 'Broken pipe'))': /history/v1.0/subscriptions/140247fd-63ff-4369-8eab-15ff11693adb/resourceGroups/automl_time_series/providers/Microsoft.MachineLearningServices/workspaces/automl_time_series_ws/experiments/experiment/metrics:query?mergestrategytype=None
WARNING - Retrying (Retry(total=1, connect=3, read=1, redirect=None, status=None)) after connection broken by 'ProtocolError('Connection aborted.', BrokenPipeError(32, 'Broken pipe'))': /history/v1.0/subscriptions/140247fd-63ff-4369-8eab-15ff11693adb/resourceGroups/automl_time_series/providers/Microsoft.MachineLearningServices/workspaces/automl_time_series_ws/experiments/experiment/metrics:query?mergestrategytype=None
WARNING - Retrying (Retry(total=0, connect=3, read=0, redirect=None, status=None)) after connection broken by 'ProtocolError('Connection aborted.', BrokenPipeError(32, 'Broken pipe'))': /history/v1.0/subscriptions/140247fd-63ff-4369-8eab-15ff11693adb/resourceGroups/automl_time_series/providers/Microsoft.MachineLearningServices/workspaces/automl_time_series_ws/experiments/experiment/metrics:query?mergestrategytype=None
Current status: FailedModelExplanations. Failed to explain best model
****************************************************************************************************
WARNING - Received unrecognized parameter ensemble_download_models_timeout_sec
WARNING - Received unrecognized parameter ensemble_download_models_timeout_sec
WARNING - Received unrecognized parameter ensemble_download_models_timeout_sec
WARNING - Retrying (Retry(total=2, connect=3, read=2, redirect=None, status=None)) after connection broken by 'ProtocolError('Connection aborted.', OSError(0, 'Error'))': /history/v1.0/subscriptions/140247fd-63ff-4369-8eab-15ff11693adb/resourceGroups/automl_time_series/providers/Microsoft.MachineLearningServices/workspaces/automl_time_series_ws/experiments/experiment/metrics:query?mergestrategytype=None
WARNING - Retrying (Retry(total=1, connect=3, read=1, redirect=None, status=None)) after connection broken by 'ProtocolError('Connection aborted.', BrokenPipeError(32, 'Broken pipe'))': /history/v1.0/subscriptions/140247fd-63ff-4369-8eab-15ff11693adb/resourceGroups/automl_time_series/providers/Microsoft.MachineLearningServices/workspaces/automl_time_series_ws/experiments/experiment/metrics:query?mergestrategytype=None
WARNING - Retrying (Retry(total=2, connect=3, read=2, redirect=None, status=None)) after connection broken by 'ProtocolError('Connection aborted.', BrokenPipeError(32, 'Broken pipe'))': /history/v1.0/subscriptions/140247fd-63ff-4369-8eab-15ff11693adb/resourceGroups/automl_time_series/providers/Microsoft.MachineLearningServices/workspaces/automl_time_series_ws/experiments/experiment/metrics:query?mergestrategytype=None
WARNING - Retrying (Retry(total=1, connect=3, read=1, redirect=None, status=None)) after connection broken by 'ProtocolError('Connection aborted.', BrokenPipeError(32, 'Broken pipe'))': /history/v1.0/subscriptions/140247fd-63ff-4369-8eab-15ff11693adb/resourceGroups/automl_time_series/providers/Microsoft.MachineLearningServices/workspaces/automl_time_series_ws/experiments/experiment/metrics:query?mergestrategytype=None
WARNING - Retrying (Retry(total=2, connect=3, read=2, redirect=None, status=None)) after connection broken by 'ProtocolError('Connection aborted.', BrokenPipeError(32, 'Broken pipe'))': /history/v1.0/subscriptions/140247fd-63ff-4369-8eab-15ff11693adb/resourceGroups/automl_time_series/providers/Microsoft.MachineLearningServices/workspaces/automl_time_series_ws/experiments/experiment/metrics:query?mergestrategytype=None
WARNING - Retrying (Retry(total=1, connect=3, read=1, redirect=None, status=None)) after connection broken by 'ProtocolError('Connection aborted.', BrokenPipeError(32, 'Broken pipe'))': /history/v1.0/subscriptions/140247fd-63ff-4369-8eab-15ff11693adb/resourceGroups/automl_time_series/providers/Microsoft.MachineLearningServices/workspaces/automl_time_series_ws/experiments/experiment/metrics:query?mergestrategytype=None
WARNING - Retrying (Retry(total=2, connect=3, read=2, redirect=None, status=None)) after connection broken by 'ProtocolError('Connection aborted.', BrokenPipeError(32, 'Broken pipe'))': /history/v1.0/subscriptions/140247fd-63ff-4369-8eab-15ff11693adb/resourceGroups/automl_time_series/providers/Microsoft.MachineLearningServices/workspaces/automl_time_series_ws/experiments/experiment/metrics:query?mergestrategytype=None
WARNING - Retrying (Retry(total=1, connect=3, read=1, redirect=None, status=None)) after connection broken by 'ProtocolError('Connection aborted.', BrokenPipeError(32, 'Broken pipe'))': /history/v1.0/subscriptions/140247fd-63ff-4369-8eab-15ff11693adb/resourceGroups/automl_time_series/providers/Microsoft.MachineLearningServices/workspaces/automl_time_series_ws/experiments/experiment/metrics:query?mergestrategytype=None
WARNING - Retrying (Retry(total=0, connect=3, read=0, redirect=None, status=None)) after connection broken by 'ProtocolError('Connection aborted.', OSError(0, 'Error'))': /history/v1.0/subscriptions/140247fd-63ff-4369-8eab-15ff11693adb/resourceGroups/automl_time_series/providers/Microsoft.MachineLearningServices/workspaces/automl_time_series_ws/experiments/experiment/metrics:query?mergestrategytype=None
Traceback (most recent call last):
  File "/projappl/project_2003107/anaconda3/envs/azure_automl/lib/python3.7/site-packages/urllib3/connectionpool.py", line 677, in urlopen
    chunked=chunked,
  File "/projappl/project_2003107/anaconda3/envs/azure_automl/lib/python3.7/site-packages/urllib3/connectionpool.py", line 392, in _make_request
    conn.request(method, url, **httplib_request_kw)
  File "/projappl/project_2003107/anaconda3/envs/azure_automl/lib/python3.7/http/client.py", line 1252, in request
    self._send_request(method, url, body, headers, encode_chunked)
  File "/projappl/project_2003107/anaconda3/envs/azure_automl/lib/python3.7/http/client.py", line 1298, in _send_request
    self.endheaders(body, encode_chunked=encode_chunked)
  File "/projappl/project_2003107/anaconda3/envs/azure_automl/lib/python3.7/http/client.py", line 1247, in endheaders
    self._send_output(message_body, encode_chunked=encode_chunked)
  File "/projappl/project_2003107/anaconda3/envs/azure_automl/lib/python3.7/http/client.py", line 1065, in _send_output
    self.send(chunk)
  File "/projappl/project_2003107/anaconda3/envs/azure_automl/lib/python3.7/http/client.py", line 987, in send
    self.sock.sendall(data)
  File "/projappl/project_2003107/anaconda3/envs/azure_automl/lib/python3.7/ssl.py", line 1034, in sendall
    v = self.send(byte_view[count:])
  File "/projappl/project_2003107/anaconda3/envs/azure_automl/lib/python3.7/ssl.py", line 1003, in send
    return self._sslobj.write(data)
BrokenPipeError: [Errno 32] Broken pipe

During handling of the above exception, another exception occurred:

Traceback (most recent call last):
  File "/projappl/project_2003107/anaconda3/envs/azure_automl/lib/python3.7/site-packages/requests/adapters.py", line 449, in send
    timeout=timeout
  File "/projappl/project_2003107/anaconda3/envs/azure_automl/lib/python3.7/site-packages/urllib3/connectionpool.py", line 767, in urlopen
    **response_kw
  File "/projappl/project_2003107/anaconda3/envs/azure_automl/lib/python3.7/site-packages/urllib3/connectionpool.py", line 767, in urlopen
    **response_kw
  File "/projappl/project_2003107/anaconda3/envs/azure_automl/lib/python3.7/site-packages/urllib3/connectionpool.py", line 767, in urlopen
    **response_kw
  File "/projappl/project_2003107/anaconda3/envs/azure_automl/lib/python3.7/site-packages/urllib3/connectionpool.py", line 727, in urlopen
    method, url, error=e, _pool=self, _stacktrace=sys.exc_info()[2]
  File "/projappl/project_2003107/anaconda3/envs/azure_automl/lib/python3.7/site-packages/urllib3/util/retry.py", line 439, in increment
    raise MaxRetryError(_pool, url, error or ResponseError(cause))
urllib3.exceptions.MaxRetryError: HTTPSConnectionPool(host='northeurope.experiments.azureml.net', port=443): Max retries exceeded with url: /history/v1.0/subscriptions/140247fd-63ff-4369-8eab-15ff11693adb/resourceGroups/automl_time_series/providers/Microsoft.MachineLearningServices/workspaces/automl_time_series_ws/experiments/experiment/metrics:query?mergestrategytype=None (Caused by ProtocolError('Connection aborted.', BrokenPipeError(32, 'Broken pipe')))

During handling of the above exception, another exception occurred:

Traceback (most recent call last):
  File "/projappl/project_2003107/anaconda3/envs/azure_automl/lib/python3.7/site-packages/msrest/universal_http/requests.py", line 142, in send
    **kwargs)
  File "/projappl/project_2003107/anaconda3/envs/azure_automl/lib/python3.7/site-packages/requests/sessions.py", line 530, in request
    resp = self.send(prep, **send_kwargs)
  File "/projappl/project_2003107/anaconda3/envs/azure_automl/lib/python3.7/site-packages/requests/sessions.py", line 643, in send
    r = adapter.send(request, **kwargs)
  File "/projappl/project_2003107/anaconda3/envs/azure_automl/lib/python3.7/site-packages/requests/adapters.py", line 516, in send
    raise ConnectionError(e, request=request)
requests.exceptions.ConnectionError: HTTPSConnectionPool(host='northeurope.experiments.azureml.net', port=443): Max retries exceeded with url: /history/v1.0/subscriptions/140247fd-63ff-4369-8eab-15ff11693adb/resourceGroups/automl_time_series/providers/Microsoft.MachineLearningServices/workspaces/automl_time_series_ws/experiments/experiment/metrics:query?mergestrategytype=None (Caused by ProtocolError('Connection aborted.', BrokenPipeError(32, 'Broken pipe')))

During handling of the above exception, another exception occurred:

Traceback (most recent call last):
  File "azure_automl.py", line 72, in <module>
    main(args.train_path, args.pred_path, args.n_pred, args.dt, args.target, args.time_limit_min)
  File "azure_automl.py", line 33, in main
    best_run, fitted_model = experiment.submit(automl_config, show_output=True).get_output()
  File "/projappl/project_2003107/anaconda3/envs/azure_automl/lib/python3.7/site-packages/azureml/train/automl/run.py", line 666, in get_output
    activity_name=automl_shared_constants.TelemetryConstants.GET_OUTPUT
  File "/projappl/project_2003107/anaconda3/envs/azure_automl/lib/python3.7/site-packages/azureml/train/automl/run.py", line 591, in _get_child_run
    curr_run, child_runs_and_scores = self._get_run_internal(iteration, metric, "get_output")
  File "/projappl/project_2003107/anaconda3/envs/azure_automl/lib/python3.7/site-packages/azureml/train/automl/run.py", line 746, in _get_run_internal
    child_runs_and_scores = self._get_all_automl_child_runs(metric)
  File "/projappl/project_2003107/anaconda3/envs/azure_automl/lib/python3.7/site-packages/azureml/train/automl/run.py", line 766, in _get_all_automl_child_runs
    metrics = self.get_metrics(recursive=True)
  File "/projappl/project_2003107/anaconda3/envs/azure_automl/lib/python3.7/site-packages/azureml/core/run.py", line 1160, in get_metrics
    populate=populate, root_run_id=self._root_run_id)
  File "/projappl/project_2003107/anaconda3/envs/azure_automl/lib/python3.7/site-packages/azureml/_run_impl/run_history_facade.py", line 341, in get_metrics
    data_container=self._data_container_id, name=name)
  File "/projappl/project_2003107/anaconda3/envs/azure_automl/lib/python3.7/site-packages/azureml/_restclient/metrics_client.py", line 252, in get_all_metrics
    custom_headers=custom_headers)
  File "/projappl/project_2003107/anaconda3/envs/azure_automl/lib/python3.7/site-packages/azureml/_restclient/metrics_client.py", line 287, in _get_all_metrics
    custom_headers=custom_headers)
  File "/projappl/project_2003107/anaconda3/envs/azure_automl/lib/python3.7/site-packages/azureml/_restclient/metrics_client.py", line 212, in _get_metrics_for_runs
    for dto in task:
  File "/projappl/project_2003107/anaconda3/envs/azure_automl/lib/python3.7/site-packages/azureml/_restclient/clientbase.py", line 251, in _call_paginated_api
    paginated_dto = next_page.wait(awaiter_name="ApiPagination")
  File "/projappl/project_2003107/anaconda3/envs/azure_automl/lib/python3.7/site-packages/azureml/_common/async_utils/async_task.py", line 59, in wait
    res = self._handler(self._future, self._logger)
  File "/projappl/project_2003107/anaconda3/envs/azure_automl/lib/python3.7/site-packages/azureml/_common/async_utils/async_task.py", line 16, in basic_handler
    return future.result()
  File "/projappl/project_2003107/anaconda3/envs/azure_automl/lib/python3.7/concurrent/futures/_base.py", line 435, in result
    return self.__get_result()
  File "/projappl/project_2003107/anaconda3/envs/azure_automl/lib/python3.7/concurrent/futures/_base.py", line 384, in __get_result
    raise self._exception
  File "/projappl/project_2003107/anaconda3/envs/azure_automl/lib/python3.7/concurrent/futures/thread.py", line 57, in run
    result = self.fn(*self.args, **self.kwargs)
  File "/projappl/project_2003107/anaconda3/envs/azure_automl/lib/python3.7/site-packages/azureml/_restclient/clientbase.py", line 321, in _execute_with_base_arguments
    back_off, total_retry, self._logger, func, _noop_reset, *args, **kwargs)
  File "/projappl/project_2003107/anaconda3/envs/azure_automl/lib/python3.7/site-packages/azureml/_restclient/clientbase.py", line 336, in _execute_func_internal
    left_retry = cls._handle_retry(back_off, left_retry, total_retry, error, logger, func)
  File "/projappl/project_2003107/anaconda3/envs/azure_automl/lib/python3.7/site-packages/azureml/_restclient/clientbase.py", line 387, in _handle_retry
    raise error
  File "/projappl/project_2003107/anaconda3/envs/azure_automl/lib/python3.7/site-packages/azureml/_restclient/clientbase.py", line 334, in _execute_func_internal
    return func(*args, **kwargs)
  File "/projappl/project_2003107/anaconda3/envs/azure_automl/lib/python3.7/site-packages/azureml/_restclient/operations/run_metric_operations.py", line 306, in get_by_query
    request, header_parameters, body_content, stream=False, **operation_config)
  File "/projappl/project_2003107/anaconda3/envs/azure_automl/lib/python3.7/site-packages/msrest/service_client.py", line 336, in send
    pipeline_response = self.config.pipeline.run(request, **kwargs)
  File "/projappl/project_2003107/anaconda3/envs/azure_automl/lib/python3.7/site-packages/msrest/pipeline/__init__.py", line 197, in run
    return first_node.send(pipeline_request, **kwargs)  # type: ignore
  File "/projappl/project_2003107/anaconda3/envs/azure_automl/lib/python3.7/site-packages/msrest/pipeline/__init__.py", line 150, in send
    response = self.next.send(request, **kwargs)
  File "/projappl/project_2003107/anaconda3/envs/azure_automl/lib/python3.7/site-packages/msrest/pipeline/requests.py", line 72, in send
    return self.next.send(request, **kwargs)
  File "/projappl/project_2003107/anaconda3/envs/azure_automl/lib/python3.7/site-packages/msrest/pipeline/requests.py", line 137, in send
    return self.next.send(request, **kwargs)
  File "/projappl/project_2003107/anaconda3/envs/azure_automl/lib/python3.7/site-packages/msrest/pipeline/__init__.py", line 150, in send
    response = self.next.send(request, **kwargs)
  File "/projappl/project_2003107/anaconda3/envs/azure_automl/lib/python3.7/site-packages/msrest/pipeline/requests.py", line 193, in send
    self.driver.send(request.http_request, **kwargs)
  File "/projappl/project_2003107/anaconda3/envs/azure_automl/lib/python3.7/site-packages/msrest/universal_http/requests.py", line 333, in send
    return super(RequestsHTTPSender, self).send(request, **requests_kwargs)
  File "/projappl/project_2003107/anaconda3/envs/azure_automl/lib/python3.7/site-packages/msrest/universal_http/requests.py", line 145, in send
    raise_with_traceback(ClientRequestError, msg, err)
  File "/projappl/project_2003107/anaconda3/envs/azure_automl/lib/python3.7/site-packages/msrest/exceptions.py", line 51, in raise_with_traceback
    raise error.with_traceback(exc_traceback)
  File "/projappl/project_2003107/anaconda3/envs/azure_automl/lib/python3.7/site-packages/msrest/universal_http/requests.py", line 142, in send
    **kwargs)
  File "/projappl/project_2003107/anaconda3/envs/azure_automl/lib/python3.7/site-packages/requests/sessions.py", line 530, in request
    resp = self.send(prep, **send_kwargs)
  File "/projappl/project_2003107/anaconda3/envs/azure_automl/lib/python3.7/site-packages/requests/sessions.py", line 643, in send
    r = adapter.send(request, **kwargs)
  File "/projappl/project_2003107/anaconda3/envs/azure_automl/lib/python3.7/site-packages/requests/adapters.py", line 516, in send
    raise ConnectionError(e, request=request)
msrest.exceptions.ClientRequestError: Error occurred in request., ConnectionError: HTTPSConnectionPool(host='northeurope.experiments.azureml.net', port=443): Max retries exceeded with url: /history/v1.0/subscriptions/140247fd-63ff-4369-8eab-15ff11693adb/resourceGroups/automl_time_series/providers/Microsoft.MachineLearningServices/workspaces/automl_time_series_ws/experiments/experiment/metrics:query?mergestrategytype=None (Caused by ProtocolError('Connection aborted.', BrokenPipeError(32, 'Broken pipe')))
