WARNING - Received unrecognized parameter ensemble_download_models_timeout_sec
Running on local machine
Parent Run ID: AutoML_4077bdb6-1c78-4906-a62c-c60b40dc06cb

Current status: DatasetFeaturization. Beginning to featurize the dataset.
Current status: DatasetFeaturizationCompleted. Completed featurizing the dataset.
Heuristic parameters: Target_Lag = '[0]', Target_Rolling_Window = '0'.
WARNING - Converting non-string tag to string: (forecasting_target_lags: [0])
WARNING - Converting non-string tag to string: (forecasting_target_rolling_window_size: 0)
WARNING - Converting non-string tag to string: (forecasting_max_horizon: 2223)
Current status: DatasetCrossValidationSplit. Generating individually featurized CV splits.
Current status: DatasetFeaturization. Beginning to featurize the CV split.
Current status: DatasetFeaturizationCompleted. Completed featurizing the CV split.
Current status: DatasetFeaturization. Beginning to featurize the CV split.
Current status: DatasetFeaturizationCompleted. Completed featurizing the CV split.
Current status: DatasetFeaturization. Beginning to featurize the CV split.
Current status: DatasetFeaturizationCompleted. Completed featurizing the CV split.
Current status: DatasetFeaturization. Beginning to featurize the CV split.
Current status: DatasetFeaturizationCompleted. Completed featurizing the CV split.
Current status: DatasetFeaturization. Beginning to featurize the CV split.
Current status: DatasetFeaturizationCompleted. Completed featurizing the CV split.

****************************************************************************************************
DATA GUARDRAILS: 

TYPE:         Frequency detection
STATUS:       PASSED
DESCRIPTION:  The time series was analyzed, all data points are aligned with detected frequency.
              

****************************************************************************************************

TYPE:         Missing feature values imputation
STATUS:       PASSED
DESCRIPTION:  No feature missing values were detected in the training data.
              Learn more about missing value imputation: https://aka.ms/AutomatedMLFeaturization

****************************************************************************************************

TYPE:         Memory Issues Detection
STATUS:       PASSED
DESCRIPTION:  The selected horizon, lag and rolling window values were analyzed, and no potential memory issues were detected.
              Learn more about time-series forecasting configurations: https://aka.ms/AutomatedMLForecastingConfiguration

****************************************************************************************************
Current status: ModelSelection. Beginning model selection.

****************************************************************************************************
ITERATION: The iteration being evaluated.
PIPELINE: A summary description of the pipeline being evaluated.
DURATION: Time taken for the current iteration.
METRIC: The result of computing score on the fitted pipeline.
BEST: The best observed score thus far.
****************************************************************************************************

 ITERATION   PIPELINE                                       DURATION      METRIC      BEST
         0   RobustScaler LassoLars                         0:00:23       0.1324    0.1324
         1   RobustScaler DecisionTree                      0:00:16       0.1324    0.1324
         2   StandardScalerWrapper DecisionTree             0:00:16       0.1302    0.1302
         3   RobustScaler DecisionTree                      0:00:15       0.1317    0.1302
         4   StandardScalerWrapper ElasticNet               0:00:18       0.1321    0.1302
         5   MinMaxScaler DecisionTree                      0:00:17       0.1294    0.1294
         6   MinMaxScaler ElasticNet                        0:00:21       0.1323    0.1294
         7   StandardScalerWrapper DecisionTree             0:00:23       0.1297    0.1294
         8   WARNING - Retrying (Retry(total=2, connect=None, read=None, redirect=None, status=None)) after connection broken by 'ProtocolError('Connection aborted.', ConnectionResetError(104, 'Connection reset by peer'))': /azureml/ExperimentRun/dcid.AutoML_4077bdb6-1c78-4906-a62c-c60b40dc06cb_8/outputs/model.pkl?sv=2019-02-02&sr=b&sig=L6Jn394j%2F4%2BSYPXIKueoARxtGrU%2FW75KF7js8d1Zm3U%3D&st=2021-01-21T13%3A06%3A10Z&se=2021-01-22T13%3A16%3A10Z&sp=rcw&comp=block&blockid=TURBd01EQXdNREF3TURBd01EQXdNREF3TURBd01EQXdNREF3TURBd01EQSUzRA%3D%3D&timeout=30
StandardScalerWrapper DecisionTree             0:00:23       0.1312    0.1294
         9   RobustScaler DecisionTree                      0:00:16       0.1320    0.1294
        10   RobustScaler ElasticNet                        0:00:18       0.1324    0.1294
        11   RobustScaler DecisionTree                      0:00:21       0.1305    0.1294
        12   RobustScaler DecisionTree                      0:00:19       0.1305    0.1294
        13   StandardScalerWrapper DecisionTree             0:00:23       0.1310    0.1294
        14   MinMaxScaler DecisionTree                      0:00:19       0.1306    0.1294
        15   MinMaxScaler DecisionTree                      0:00:18       0.1325    0.1294
        16   RobustScaler DecisionTree                      0:00:17       0.1303    0.1294
        17   StandardScalerWrapper DecisionTree             0:00:21       0.1302    0.1294
        18   MinMaxScaler DecisionTree                      0:00:18       0.1309    0.1294
        19   StandardScalerWrapper LassoLars                0:00:20       0.1325    0.1294
        20   StandardScalerWrapper DecisionTree             0:00:18       0.1317    0.1294
        21   MinMaxScaler RandomForest                      0:00:28       0.1292    0.1292
        22   MaxAbsScaler RandomForest                      0:00:33       0.1306    0.1292
        23   MaxAbsScaler RandomForest                      0:00:25       0.1293    0.1292
        24   WARNING - Retrying (Retry(total=2, connect=None, read=None, redirect=None, status=None)) after connection broken by 'ProtocolError('Connection aborted.', ConnectionResetError(104, 'Connection reset by peer'))': /azureml/ExperimentRun/dcid.AutoML_4077bdb6-1c78-4906-a62c-c60b40dc06cb_24/outputs/scoring_file_v_1_0_0.py?sv=2019-02-02&sr=b&sig=4%2F31s3rVNpoOY3qiZo0PjzbtmdLxIXALrFxBjR6aCyk%3D&st=2021-01-21T13%3A12%3A19Z&se=2021-01-22T13%3A22%3A19Z&sp=rcw&comp=block&blockid=TURBd01EQXdNREF3TURBd01EQXdNREF3TURBd01EQXdNREF3TURBd01EQSUzRA%3D%3D&timeout=30
MinMaxScaler RandomForest                      0:00:40       0.1307    0.1292
        25   StandardScalerWrapper RandomForest             0:01:08       0.1302    0.1292
        26   StandardScalerWrapper RandomForest             0:00:26       0.1296    0.1292
        27   MaxAbsScaler RandomForest                      0:00:23       0.1290    0.1290
        28   MinMaxScaler ExtremeRandomTrees                0:00:18       0.1288    0.1288
        29   MinMaxScaler RandomForest                      0:00:24       0.1308    0.1288
        30   MinMaxScaler ExtremeRandomTrees                0:00:40       0.1289    0.1288
        31   RobustScaler RandomForest                      0:00:29       0.1298    0.1288
        32   StandardScalerWrapper GradientBoosting         0:00:37       0.1290    0.1288
        33   StandardScalerWrapper GradientBoosting         0:00:25       0.1313    0.1288
        34   RobustScaler ExtremeRandomTrees                0:00:53       0.1290    0.1288
        35   RobustScaler ExtremeRandomTrees                0:00:23       0.1287    0.1287
        36   RobustScaler RandomForest                      0:00:25       0.1294    0.1287
        37   StandardScalerWrapper GradientBoosting         0:00:27       0.1290    0.1287
        38   MaxAbsScaler GradientBoosting                  0:00:23       0.1292    0.1287
        39   RobustScaler RandomForest                      0:00:25       0.1290    0.1287
        40   MinMaxScaler ExtremeRandomTrees                0:00:22       0.1288    0.1287
        41   MinMaxScaler RandomForest                      0:00:28       0.1305    0.1287
        42   MinMaxScaler GradientBoosting                  0:00:26       0.1297    0.1287
        43   StandardScalerWrapper RandomForest             0:00:20       0.1292    0.1287
        44   MinMaxScaler DecisionTree                      0:00:23       0.1306    0.1287
        45   StandardScalerWrapper ExtremeRandomTrees       0:00:28       0.1289    0.1287
        46   RobustScaler GradientBoosting                  0:00:21       0.1290    0.1287
        47   MinMaxScaler GradientBoosting                  0:00:40       0.1292    0.1287
        48   RobustScaler GradientBoosting                  0:00:25       0.1293    0.1287
        49   RobustScaler ExtremeRandomTrees                0:00:37       0.1292    0.1287
        50   RobustScaler ExtremeRandomTrees                0:00:28       0.1288    0.1287
        51   RobustScaler ExtremeRandomTrees                0:00:20       0.1292    0.1287
        52   MinMaxScaler GradientBoosting                  0:00:30       0.1302    0.1287
        53   RobustScaler RandomForest                      0:00:36       0.1309    0.1287
        54   MaxAbsScaler RandomForest                      0:00:22       0.1292    0.1287
        55   StandardScalerWrapper ExtremeRandomTrees       0:00:23       0.1288    0.1287
        56   MinMaxScaler GradientBoosting                  0:00:31       0.1293    0.1287
        57   RobustScaler RandomForest                      0:00:23       0.1289    0.1287
        58   StandardScalerWrapper RandomForest             0:00:23       0.1305    0.1287
        59   RobustScaler GradientBoosting                  0:00:23       0.1303    0.1287
        60   TruncatedSVDWrapper ExtremeRandomTrees         0:00:50       0.1292    0.1287
        61   RobustScaler ExtremeRandomTrees                0:00:22       0.1288    0.1287
        62   StandardScalerWrapper ExtremeRandomTrees       0:00:28       0.1290    0.1287
        63   MinMaxScaler RandomForest                      0:00:19       0.1294    0.1287
        64   StandardScalerWrapper GradientBoosting         0:00:23       0.1294    0.1287
        65   MinMaxScaler ExtremeRandomTrees                0:00:48       0.1289    0.1287
        66   StandardScalerWrapper RandomForest             0:00:18       0.1291    0.1287
        67   MinMaxScaler GradientBoosting                  0:00:51       0.1290    0.1287
        68   MaxAbsScaler RandomForest                      0:00:22       0.1292    0.1287
        69   StandardScalerWrapper RandomForest             0:00:21       0.1293    0.1287
        70   RobustScaler ExtremeRandomTrees                0:00:20       0.1288    0.1287
        71   WARNING - Retrying (Retry(total=2, connect=None, read=None, redirect=None, status=None)) after connection broken by 'ProtocolError('Connection aborted.', ConnectionResetError(104, 'Connection reset by peer'))': /azureml/ExperimentRun/dcid.AutoML_4077bdb6-1c78-4906-a62c-c60b40dc06cb_71/outputs/model.pkl?sv=2019-02-02&sr=b&sig=yP4NDfamcyqCLkChBy83Jt5VRariA6zI55m8LBvWhbw%3D&st=2021-01-21T13%3A35%3A18Z&se=2021-01-22T13%3A45%3A18Z&sp=rcw&comp=block&blockid=TURBd01EQXdNREF3TURBd01EQXdNREF3TURBd01EQXdNREF3TURBd01EQSUzRA%3D%3D&timeout=30
StandardScalerWrapper RandomForest             0:00:25       0.1292    0.1287
        72   RobustScaler RandomForest                      0:00:19       0.1291    0.1287
        73   RobustScaler GradientBoosting                  0:00:38       0.1292    0.1287
        74   StandardScalerWrapper RandomForest             0:00:26       0.1292    0.1287
        75   StandardScalerWrapper ExtremeRandomTrees       0:00:28       0.1291    0.1287
        76   StandardScalerWrapper RandomForest             0:00:32       0.1292    0.1287
        77   MinMaxScaler RandomForest                      0:00:26       0.1298    0.1287
        78   RobustScaler DecisionTree                      0:00:21       0.1300    0.1287
        79   MaxAbsScaler RandomForest                      0:00:18       0.1289    0.1287
        80   StandardScalerWrapper ExtremeRandomTrees       0:00:33       0.1288    0.1287
        81   RobustScaler RandomForest                      0:00:25       0.1289    0.1287
        82   MaxAbsScaler GradientBoosting                  0:00:28       0.1299    0.1287
        83   StandardScalerWrapper ExtremeRandomTrees       0:00:19       0.1290    0.1287
        84   StandardScalerWrapper RandomForest             0:00:26       0.1289    0.1287
        85   MinMaxScaler ExtremeRandomTrees                0:00:26       0.1293    0.1287
        86   MaxAbsScaler RandomForest                      0:00:27       0.1296    0.1287
        87   MinMaxScaler GradientBoosting                  0:01:02       0.1297    0.1287
        88   StandardScalerWrapper GradientBoosting         0:00:49       0.1303    0.1287
        89   MaxAbsScaler GradientBoosting                  0:00:34       0.1289    0.1287
        90   RobustScaler ExtremeRandomTrees                0:00:21       0.1288    0.1287
        91   StandardScalerWrapper RandomForest             0:00:34       0.1298    0.1287
        92   RobustScaler ElasticNet                        0:00:17       0.1324    0.1287
        93   RobustScaler ExtremeRandomTrees                0:00:21       0.1292    0.1287
        94   StandardScalerWrapper GradientBoosting         0:00:20       0.1293    0.1287
        95   MaxAbsScaler ExtremeRandomTrees                0:00:19       0.1290    0.1287
        96   StandardScalerWrapper RandomForest             0:00:24       0.1298    0.1287
        97   StandardScalerWrapper RandomForest             0:00:21       0.1293    0.1287
        98   StandardScalerWrapper RandomForest             0:00:41       0.1296    0.1287
        99   RobustScaler GradientBoosting                  0:00:26       0.1292    0.1287
       100   WARNING - Retrying (Retry(total=2, connect=None, read=None, redirect=None, status=None)) after connection broken by 'ProtocolError('Connection aborted.', ConnectionResetError(104, 'Connection reset by peer'))': /azureml/ExperimentRun/dcid.AutoML_4077bdb6-1c78-4906-a62c-c60b40dc06cb_100/outputs/env_dependencies.json?sv=2019-02-02&sr=b&sig=GKHpOUZFUF%2Fdp4Fk9vpOesAt7m7JEVPuqpmTQV0aa7Y%3D&st=2021-01-21T13%3A49%3A18Z&se=2021-01-22T13%3A59%3A18Z&sp=rcw&comp=block&blockid=TURBd01EQXdNREF3TURBd01EQXdNREF3TURBd01EQXdNREF3TURBd01EQSUzRA%3D%3D&timeout=30
WARNING - Retrying (Retry(total=2, connect=None, read=None, redirect=None, status=None)) after connection broken by 'ProtocolError('Connection aborted.', ConnectionResetError(104, 'Connection reset by peer'))': /azureml/ExperimentRun/dcid.AutoML_4077bdb6-1c78-4906-a62c-c60b40dc06cb_100/outputs/pipeline_graph.json?sv=2019-02-02&sr=b&sig=VG5itO63GDPHiV7KYUWSQ7NAbDNUS8F1T7xoPzLBS50%3D&st=2021-01-21T13%3A49%3A18Z&se=2021-01-22T13%3A59%3A18Z&sp=rcw&comp=block&blockid=TURBd01EQXdNREF3TURBd01EQXdNREF3TURBd01EQXdNREF3TURBd01EQSUzRA%3D%3D&timeout=30
StandardScalerWrapper ExtremeRandomTrees       0:00:42       0.1289    0.1287
       101   StandardScalerWrapper ExtremeRandomTrees       0:01:32       0.1290    0.1287
       102   StandardScalerWrapper RandomForest             0:00:26       0.1294    0.1287
       103   MaxAbsScaler ExtremeRandomTrees                0:00:18       0.1288    0.1287
       104   StandardScalerWrapper GradientBoosting         0:00:35       0.1290    0.1287
       105   StandardScalerWrapper ExtremeRandomTrees       0:01:10       0.1288    0.1287
       106   MaxAbsScaler GradientBoosting                  0:00:33       0.1289    0.1287
       107   MaxAbsScaler RandomForest                      0:00:21       0.1291    0.1287
       108   StandardScalerWrapper RandomForest             0:00:30       0.1291    0.1287
       109   StandardScalerWrapper RandomForest             0:00:28       0.1288    0.1287
       110   StandardScalerWrapper ExtremeRandomTrees       0:00:31       0.1289    0.1287
       111   MaxAbsScaler RandomForest                      0:00:35       0.1299    0.1287
       112   MaxAbsScaler RandomForest                      0:00:27       0.1295    0.1287
       113   RobustScaler GradientBoosting                  0:00:19       0.1288    0.1287
       114   StandardScalerWrapper RandomForest             0:00:30       0.1297    0.1287
       115   StandardScalerWrapper ExtremeRandomTrees       0:00:32       0.1291    0.1287
       116   MaxAbsScaler RandomForest                      0:00:26       0.1297    0.1287
       117   MaxAbsScaler GradientBoosting                  0:00:21       0.1292    0.1287
       118   StandardScalerWrapper ElasticNet               0:00:17       0.1324    0.1287
       119   MaxAbsScaler RandomForest                      0:00:32       0.1300    0.1287
       120   WARNING - Retrying (Retry(total=2, connect=None, read=None, redirect=None, status=None)) after connection broken by 'ProtocolError('Connection aborted.', ConnectionResetError(104, 'Connection reset by peer'))': /azureml/ExperimentRun/dcid.AutoML_4077bdb6-1c78-4906-a62c-c60b40dc06cb_120/outputs/scoring_file_v_1_0_0.py?sv=2019-02-02&sr=b&sig=yG0JITba6Kc4LE0NSFePeAuEh7JfVbD%2F%2BEnYUPqJCIc%3D&st=2021-01-21T14%3A00%3A24Z&se=2021-01-22T14%3A10%3A24Z&sp=rcw&comp=block&blockid=TURBd01EQXdNREF3TURBd01EQXdNREF3TURBd01EQXdNREF3TURBd01EQSUzRA%3D%3D&timeout=30
RobustScaler ExtremeRandomTrees                0:00:28       0.1292    0.1287
       121   RobustScaler RandomForest                      0:00:34       0.1293    0.1287
       122   MaxAbsScaler RandomForest                      0:00:26       0.1288    0.1287
       123   MinMaxScaler RandomForest                      0:00:23       0.1295    0.1287
       124   RobustScaler RandomForest                      0:00:18       0.1288    0.1287
       125   MinMaxScaler ExtremeRandomTrees                0:00:28       0.1289    0.1287
       126   MinMaxScaler RandomForest                      0:00:20       0.1295    0.1287
       127   RobustScaler RandomForest                      0:00:26       0.1302    0.1287
       128   MinMaxScaler GradientBoosting                  0:00:26       0.1289    0.1287
       129   WARNING - Retrying (Retry(total=2, connect=None, read=None, redirect=None, status=None)) after connection broken by 'ProtocolError('Connection aborted.', ConnectionResetError(104, 'Connection reset by peer'))': /azureml/ExperimentRun/dcid.AutoML_4077bdb6-1c78-4906-a62c-c60b40dc06cb_129/outputs/conda_env_v_1_0_0.yml?sv=2019-02-02&sr=b&sig=5dFpSsclqGV8fm9lYRgt%2B2Y4CnXLzlX3aliMjuJKhcs%3D&st=2021-01-21T14%3A04%3A25Z&se=2021-01-22T14%3A14%3A25Z&sp=rcw&comp=block&blockid=TURBd01EQXdNREF3TURBd01EQXdNREF3TURBd01EQXdNREF3TURBd01EQSUzRA%3D%3D&timeout=30
StandardScalerWrapper GradientBoosting         0:00:32       0.1291    0.1287
       130   SparseNormalizer ExtremeRandomTrees            0:00:21       0.1297    0.1287
       131   RobustScaler RandomForest                      0:00:25       0.1291    0.1287
       132   RobustScaler RandomForest                      0:00:32       0.1288    0.1287
       133   MinMaxScaler GradientBoosting                  0:00:34       0.1296    0.1287
       134   StandardScalerWrapper GradientBoosting         0:00:59       0.1298    0.1287
       135   SparseNormalizer ExtremeRandomTrees            0:00:29       0.1291    0.1287
       136   MaxAbsScaler RandomForest                      0:00:30       0.1302    0.1287
       137   StandardScalerWrapper RandomForest             0:00:21       0.1295    0.1287
       138   StandardScalerWrapper RandomForest             0:00:19       0.1291    0.1287
       139   StandardScalerWrapper RandomForest             0:00:20       0.1293    0.1287
       140   MinMaxScaler ExtremeRandomTrees                0:00:22       0.1288    0.1287
       141   MaxAbsScaler RandomForest                      0:00:45       0.1290    0.1287
       142   RobustScaler LassoLars                         0:00:20       0.1324    0.1287
       143   RobustScaler GradientBoosting                  0:00:25       0.1290    0.1287
       144   MaxAbsScaler GradientBoosting                  0:00:24       0.1290    0.1287
       145   StandardScalerWrapper ExtremeRandomTrees       0:00:23       0.1293    0.1287
       146   MinMaxScaler GradientBoosting                  0:00:28       0.1289    0.1287
       147   MaxAbsScaler ExtremeRandomTrees                0:00:29       0.1294    0.1287
       148   RobustScaler GradientBoosting                  0:00:27       0.1291    0.1287
       149   RobustScaler RandomForest                      0:00:19       0.1292    0.1287
       150   RobustScaler ExtremeRandomTrees                0:00:20       0.1291    0.1287
       151   MinMaxScaler DecisionTree                      0:00:17       0.1300    0.1287
       152   MinMaxScaler RandomForest                      0:00:19       0.1292    0.1287
       153   MaxAbsScaler GradientBoosting                  0:00:19       0.1290    0.1287
       154   MaxAbsScaler RandomForest                      0:00:23       0.1290    0.1287
       155   RobustScaler ExtremeRandomTrees                0:01:05       0.1290    0.1287
       156   StandardScalerWrapper ElasticNet               0:00:23       0.1324    0.1287
       157   StandardScalerWrapper RandomForest             0:00:48       0.1338    0.1287
       158   StandardScalerWrapper RandomForest             0:00:24       0.1292    0.1287
       159   MinMaxScaler RandomForest                      0:00:32       0.1296    0.1287
       160   RobustScaler ExtremeRandomTrees                0:00:28       0.1289    0.1287
       161   StandardScalerWrapper GradientBoosting         0:00:19       0.1292    0.1287
       162   StandardScalerWrapper RandomForest             0:00:20       0.1289    0.1287
       163   RobustScaler RandomForest                      0:00:25       0.1304    0.1287
       164   StandardScalerWrapper ExtremeRandomTrees       0:00:27       0.1288    0.1287
       165   StandardScalerWrapper ExtremeRandomTrees       0:00:27       0.1288    0.1287
       166   RobustScaler RandomForest                      0:00:23       0.1295    0.1287
       167   WARNING - Retrying (Retry(total=2, connect=None, read=None, redirect=None, status=None)) after connection broken by 'ProtocolError('Connection aborted.', ConnectionResetError(104, 'Connection reset by peer'))': /azureml/ExperimentRun/dcid.AutoML_4077bdb6-1c78-4906-a62c-c60b40dc06cb_167/outputs/scoring_file_v_1_0_0.py?sv=2019-02-02&sr=b&sig=HfGQIm0Hgdz6Er%2B4slPMVjYrQ8BHj%2Fgs%2B8GdmIWgkkE%3D&st=2021-01-21T14%3A22%3A21Z&se=2021-01-22T14%3A32%3A21Z&sp=rcw&comp=block&blockid=TURBd01EQXdNREF3TURBd01EQXdNREF3TURBd01EQXdNREF3TURBd01EQSUzRA%3D%3D&timeout=30
StandardScalerWrapper RandomForest             0:00:27       0.1292    0.1287
       168   StandardScalerWrapper GradientBoosting         0:00:22       0.1295    0.1287
       169   StandardScalerWrapper RandomForest             0:00:26       0.1304    0.1287
       170   StandardScalerWrapper ExtremeRandomTrees       0:00:29       0.1288    0.1287
       171   StandardScalerWrapper GradientBoosting         0:00:24       0.1290    0.1287
       172   RobustScaler LassoLars                         0:00:19       0.1325    0.1287
       173   StandardScalerWrapper RandomForest             0:00:20       0.1291    0.1287
       174   StandardScalerWrapper ExtremeRandomTrees       0:00:25       0.1289    0.1287
       175   SparseNormalizer ExtremeRandomTrees            0:00:25       0.1288    0.1287
       176   StandardScalerWrapper GradientBoosting         0:00:21       0.1293    0.1287
       177   MinMaxScaler RandomForest                      0:00:28       0.1291    0.1287
       178   StandardScalerWrapper RandomForest             0:00:34       0.1298    0.1287
       179   MaxAbsScaler RandomForest                      0:00:18       0.1292    0.1287
       180   MinMaxScaler ExtremeRandomTrees                0:00:28       0.1288    0.1287
       181   MaxAbsScaler RandomForest                      0:00:20       0.1307    0.1287
       182   StandardScalerWrapper RandomForest             0:00:19       0.1294    0.1287
       183   RobustScaler GradientBoosting                  0:00:36       0.1290    0.1287
       184   StandardScalerWrapper RandomForest             0:00:32       0.1301    0.1287
       185   StandardScalerWrapper ExtremeRandomTrees       0:00:28       0.1292    0.1287
       186   StandardScalerWrapper RandomForest             0:00:23       0.1289    0.1287
       187   StandardScalerWrapper GradientBoosting         0:00:20       0.1290    0.1287
       188   MaxAbsScaler RandomForest                      0:00:27       0.1291    0.1287
       189   StandardScalerWrapper RandomForest             0:00:29       0.1304    0.1287
       190   MinMaxScaler ExtremeRandomTrees                0:00:22       0.1292    0.1287
       191   RobustScaler GradientBoosting                  0:00:18       0.1290    0.1287
       192   StandardScalerWrapper GradientBoosting         0:00:25       0.1300    0.1287
       193   RobustScaler RandomForest                      0:00:24       0.1294    0.1287
       194   StandardScalerWrapper GradientBoosting         0:00:20       0.1288    0.1287
       195   SparseNormalizer ExtremeRandomTrees            0:00:44       0.1293    0.1287
       196   MinMaxScaler RandomForest                      0:00:29       0.1318    0.1287
       197   MaxAbsScaler RandomForest                      0:00:29       0.1295    0.1287
       198   MaxAbsScaler RandomForest                      0:00:23       0.1293    0.1287
       199   StandardScalerWrapper GradientBoosting         0:00:18       0.1289    0.1287
       200   MinMaxScaler ExtremeRandomTrees                0:00:19       0.1291    0.1287
       201   StandardScalerWrapper RandomForest             0:00:41       0.1293    0.1287
       202   MaxAbsScaler RandomForest                      0:00:18       0.1290    0.1287
       203   MaxAbsScaler RandomForest                      0:00:19       0.1293    0.1287
       204   StandardScalerWrapper ElasticNet               0:00:17       0.1324    0.1287
       205   RobustScaler ExtremeRandomTrees                0:01:04       0.1290    0.1287
       206   MinMaxScaler RandomForest                      0:00:22       0.1289    0.1287
       207   MinMaxScaler RandomForest                      0:00:20       0.1289    0.1287
       208   StandardScalerWrapper GradientBoosting         0:00:35       0.1293    0.1287
       209   StandardScalerWrapper LassoLars                0:00:22       0.1325    0.1287
       210   MaxAbsScaler ExtremeRandomTrees                0:00:23       0.1288    0.1287
       211   StandardScalerWrapper RandomForest             0:00:26       0.1289    0.1287
       212   StandardScalerWrapper RandomForest             0:00:32       0.1333    0.1287
       213   WARNING - Retrying (Retry(total=2, connect=None, read=None, redirect=None, status=None)) after connection broken by 'ProtocolError('Connection aborted.', ConnectionResetError(104, 'Connection reset by peer'))': /azureml/ExperimentRun/dcid.AutoML_4077bdb6-1c78-4906-a62c-c60b40dc06cb_213/outputs/conda_env_v_1_0_0.yml?sv=2019-02-02&sr=b&sig=lYmol3qigA4Bxjjt1BecU0d3SacQJugY1sA6E867nAY%3D&st=2021-01-21T14%3A43%3A29Z&se=2021-01-22T14%3A53%3A29Z&sp=rcw&comp=block&blockid=TURBd01EQXdNREF3TURBd01EQXdNREF3TURBd01EQXdNREF3TURBd01EQSUzRA%3D%3D&timeout=30
WARNING - Retrying (Retry(total=2, connect=None, read=None, redirect=None, status=None)) after connection broken by 'ProtocolError('Connection aborted.', ConnectionResetError(104, 'Connection reset by peer'))': /azureml/ExperimentRun/dcid.AutoML_4077bdb6-1c78-4906-a62c-c60b40dc06cb_213/outputs/model.pkl?sv=2019-02-02&sr=b&sig=NGFYM%2B9yT83LrCT98PVrq%2FZpUjbVmRV7jLsSmDV1U0Y%3D&st=2021-01-21T14%3A43%3A29Z&se=2021-01-22T14%3A53%3A29Z&sp=rcw&comp=block&blockid=TURBd01EQXdNREF3TURBd01EQXdNREF3TURBd01EQXdNREF3TURBd01EQSUzRA%3D%3D&timeout=30
MaxAbsScaler GradientBoosting                  0:01:19       0.1303    0.1287
       214   StandardScalerWrapper GradientBoosting         0:00:23       0.1290    0.1287
       215   RobustScaler ExtremeRandomTrees                0:00:44       0.1292    0.1287
       216   RobustScaler RandomForest                      0:00:19       0.1292    0.1287
       217   RobustScaler GradientBoosting                  0:00:29       0.1293    0.1287
       218   RobustScaler GradientBoosting                  0:00:26       0.1291    0.1287
       219   StandardScalerWrapper RandomForest             0:00:19       0.1291    0.1287
       220   MinMaxScaler ExtremeRandomTrees                0:00:29       0.1292    0.1287
       221   StandardScalerWrapper ElasticNet               0:00:19       0.1324    0.1287
       222   WARNING - Retrying (Retry(total=2, connect=None, read=None, redirect=None, status=None)) after connection broken by 'ProtocolError('Connection aborted.', ConnectionResetError(104, 'Connection reset by peer'))': /azureml/ExperimentRun/dcid.AutoML_4077bdb6-1c78-4906-a62c-c60b40dc06cb_222/outputs/pipeline_graph.json?sv=2019-02-02&sr=b&sig=cfzjDMKr%2BYP3Itro6PoIc50%2F9SOppZ%2BjcvugVxwLqnE%3D&st=2021-01-21T14%3A47%3A35Z&se=2021-01-22T14%3A57%3A35Z&sp=rcw&comp=block&blockid=TURBd01EQXdNREF3TURBd01EQXdNREF3TURBd01EQXdNREF3TURBd01EQSUzRA%3D%3D&timeout=30
MinMaxScaler GradientBoosting                  0:00:31       0.1291    0.1287
       223   StandardScalerWrapper ExtremeRandomTrees       0:00:22       0.1298    0.1287
       224   StandardScalerWrapper RandomForest             0:00:19       0.1298    0.1287
       225   TruncatedSVDWrapper ExtremeRandomTrees         0:00:31       0.1292    0.1287
       226   MinMaxScaler RandomForest                      0:00:21       0.1290    0.1287
       227   WARNING - Retrying (Retry(total=2, connect=None, read=None, redirect=None, status=None)) after connection broken by 'ProtocolError('Connection aborted.', ConnectionResetError(104, 'Connection reset by peer'))': /azureml/ExperimentRun/dcid.AutoML_4077bdb6-1c78-4906-a62c-c60b40dc06cb_227/outputs/conda_env_v_1_0_0.yml?sv=2019-02-02&sr=b&sig=jBRX2W0dnuSUgICU%2BdBQ94xj6f5TgXsOJCyGzVwUjUA%3D&st=2021-01-21T14%3A49%3A31Z&se=2021-01-22T14%3A59%3A31Z&sp=rcw&comp=block&blockid=TURBd01EQXdNREF3TURBd01EQXdNREF3TURBd01EQXdNREF3TURBd01EQSUzRA%3D%3D&timeout=30
StandardScalerWrapper RandomForest             0:00:22       0.1292    0.1287
       228   MaxAbsScaler RandomForest                      0:00:28       0.1290    0.1287
       229   RobustScaler RandomForest                      0:00:30       0.1311    0.1287
       230   StandardScalerWrapper ExtremeRandomTrees       0:00:21       0.1292    0.1287
       231   MaxAbsScaler DecisionTree                      0:00:17       0.1328    0.1287
       232   RobustScaler RandomForest                      0:00:21       0.1301    0.1287
       233   StandardScalerWrapper DecisionTree             0:00:17       0.1299    0.1287
       234   StandardScalerWrapper DecisionTree             0:00:18       0.1297    0.1287
       235   MinMaxScaler ExtremeRandomTrees                0:00:33       0.1288    0.1287
       236   RobustScaler ElasticNet                        0:00:24       0.1324    0.1287
       237   MinMaxScaler RandomForest                      0:00:25       0.1309    0.1287
       238   MinMaxScaler DecisionTree                      0:00:17       0.1304    0.1287
       239   MaxAbsScaler RandomForest                      0:00:44       0.1304    0.1287
       240   StandardScalerWrapper ExtremeRandomTrees       0:00:25       0.1314    0.1287
       241   StandardScalerWrapper ElasticNet               0:00:21       0.1324    0.1287
       242   RobustScaler DecisionTree                      0:00:19       0.1304    0.1287
       243   StandardScalerWrapper DecisionTree             0:00:17       0.1293    0.1287
       244   RobustScaler RandomForest                      0:00:24       0.1305    0.1287
       245   StandardScalerWrapper ExtremeRandomTrees       0:01:35       0.1287    0.1287
       246   RobustScaler DecisionTree                      0:00:23       0.1313    0.1287
       247   MinMaxScaler DecisionTree                      0:00:17       0.1306    0.1287
       248   MinMaxScaler DecisionTree                      0:00:17       0.1309    0.1287
       249   RobustScaler DecisionTree                      0:00:17       0.1311    0.1287
       250   RobustScaler ExtremeRandomTrees                0:00:33       0.1294    0.1287
       251   StandardScalerWrapper DecisionTree             0:00:17       0.1304    0.1287
       252   RobustScaler RandomForest                      0:00:22       0.1313    0.1287
       253   StandardScalerWrapper LightGBM                 0:00:18       0.1292    0.1287
       254   StandardScalerWrapper RandomForest             0:00:19       0.1297    0.1287
       255   MinMaxScaler ExtremeRandomTrees                0:00:25       0.1290    0.1287
       256   RobustScaler RandomForest                      0:00:20       0.1289    0.1287
       257   StandardScalerWrapper RandomForest             0:00:27       0.1323    0.1287
       258   StandardScalerWrapper ElasticNet               0:00:18       0.1322    0.1287
       259   StandardScalerWrapper RandomForest             0:00:28       0.1305    0.1287
       260   WARNING - Retrying (Retry(total=2, connect=None, read=None, redirect=None, status=None)) after connection broken by 'ProtocolError('Connection aborted.', ConnectionResetError(104, 'Connection reset by peer'))': /azureml/ExperimentRun/dcid.AutoML_4077bdb6-1c78-4906-a62c-c60b40dc06cb_260/outputs/scoring_file_v_1_0_0.py?sv=2019-02-02&sr=b&sig=w2OdCyVF%2BGy7nhE6KSrdtVM%2FT8b1lcxnznPNbJh6%2F30%3D&st=2021-01-21T15%3A03%3A43Z&se=2021-01-22T15%3A13%3A43Z&sp=rcw&comp=block&blockid=TURBd01EQXdNREF3TURBd01EQXdNREF3TURBd01EQXdNREF3TURBd01EQSUzRA%3D%3D&timeout=30
StandardScalerWrapper ExtremeRandomTrees       0:00:30       0.1289    0.1287
       261   StandardScalerWrapper DecisionTree             0:00:17       0.1295    0.1287
       262   RobustScaler RandomForest                      0:00:27       0.1294    0.1287
       263   RobustScaler RandomForest                      0:00:25       0.1292    0.1287
       264   StandardScalerWrapper ExtremeRandomTrees       0:00:21       0.1288    0.1287
       265   MinMaxScaler ExtremeRandomTrees                0:00:19       0.1289    0.1287
       266   MinMaxScaler ExtremeRandomTrees                0:01:00       0.1292    0.1287
       267   StandardScalerWrapper RandomForest             0:00:26       0.1309    0.1287
       268   RobustScaler RandomForest                      0:00:27       0.1302    0.1287
       269   RobustScaler RandomForest                      0:00:25       0.1292    0.1287
       270   SparseNormalizer ExtremeRandomTrees            0:00:31       0.1297    0.1287
       271   StandardScalerWrapper RandomForest             0:00:19       0.1322    0.1287
       272   StandardScalerWrapper ExtremeRandomTrees       0:00:27       0.1290    0.1287
       273   RobustScaler ExtremeRandomTrees                0:00:25       0.1298    0.1287
       274   StandardScalerWrapper ExtremeRandomTrees       0:00:25       0.1293    0.1287
       275   RobustScaler ExtremeRandomTrees                0:00:54       0.1292    0.1287
       276   MinMaxScaler RandomForest                      0:00:28       0.1294    0.1287
       277   MinMaxScaler ExtremeRandomTrees                0:00:34       0.1291    0.1287
       278   MinMaxScaler RandomForest                      0:00:22       0.1298    0.1287
       279   StandardScalerWrapper RandomForest             0:00:27       0.1295    0.1287
       280   RobustScaler ExtremeRandomTrees                0:00:25       0.1300    0.1287
       281   StandardScalerWrapper ExtremeRandomTrees       0:00:27       0.1291    0.1287
       282   StandardScalerWrapper RandomForest             0:00:21       0.1295    0.1287
       283   StandardScalerWrapper RandomForest             0:00:21       0.1291    0.1287
       284   RobustScaler RandomForest                      0:00:21       0.1292    0.1287
       285   MinMaxScaler ExtremeRandomTrees                0:00:31       0.1292    0.1287
       286   StandardScalerWrapper RandomForest             0:00:24       0.1293    0.1287
       287   StandardScalerWrapper ExtremeRandomTrees       0:00:24       0.1293    0.1287
       288   RobustScaler RandomForest                      0:00:20       0.1319    0.1287
       289   StandardScalerWrapper RandomForest             0:00:26       0.1290    0.1287
       290   MinMaxScaler ExtremeRandomTrees                0:00:27       0.1289    0.1287
       291   RobustScaler ExtremeRandomTrees                0:00:24       0.1291    0.1287
       292   MinMaxScaler ExtremeRandomTrees                0:00:20       0.1289    0.1287
       293   StandardScalerWrapper RandomForest             0:00:19       0.1313    0.1287
       294   MinMaxScaler ExtremeRandomTrees                0:00:23       0.1292    0.1287
       295   MinMaxScaler ExtremeRandomTrees                0:00:29       0.1290    0.1287
       296   StandardScalerWrapper RandomForest             0:00:24       0.1292    0.1287
       297   StandardScalerWrapper ExtremeRandomTrees       0:00:28       0.1289    0.1287
       298   RobustScaler ExtremeRandomTrees                0:00:27       0.1303    0.1287
       299   StandardScalerWrapper RandomForest             0:00:22       0.1304    0.1287
       300   RobustScaler ExtremeRandomTrees                0:00:20       0.1303    0.1287
       301   MinMaxScaler ExtremeRandomTrees                0:00:23       0.1290    0.1287
       302   RobustScaler RandomForest                      0:00:22       0.1301    0.1287
       303   MinMaxScaler ExtremeRandomTrees                0:00:22       0.1289    0.1287
       304   MinMaxScaler ExtremeRandomTrees                0:00:25       0.1289    0.1287
       305   MinMaxScaler ExtremeRandomTrees                0:00:21       0.1289    0.1287
       306   MinMaxScaler ExtremeRandomTrees                0:00:25       0.1291    0.1287
       307   RobustScaler ExtremeRandomTrees                0:00:29       0.1291    0.1287
       308   StandardScalerWrapper ExtremeRandomTrees       0:00:27       0.1288    0.1287
       309   RobustScaler ExtremeRandomTrees                0:00:27       0.1288    0.1287
       310   StandardScalerWrapper ExtremeRandomTrees       0:00:29       0.1289    0.1287
       311   RobustScaler ExtremeRandomTrees                0:00:31       0.1288    0.1287
       312   MinMaxScaler RandomForest                      0:00:25       0.1292    0.1287
       313   MinMaxScaler ExtremeRandomTrees                0:00:26       0.1292    0.1287
       314   MinMaxScaler ExtremeRandomTrees                0:00:28       0.1290    0.1287
       315   RobustScaler ExtremeRandomTrees                0:00:24       0.1288    0.1287
       316   RobustScaler RandomForest                      0:00:20       0.1289    0.1287
       317   MinMaxScaler ExtremeRandomTrees                0:00:20       0.1289    0.1287
       318   MinMaxScaler ExtremeRandomTrees                0:00:26       0.1293    0.1287
       319   RobustScaler RandomForest                      0:00:24       0.1289    0.1287
       320   MinMaxScaler ExtremeRandomTrees                0:00:24       0.1288    0.1287
       321   StandardScalerWrapper RandomForest             0:00:25       0.1293    0.1287
       322   RobustScaler ExtremeRandomTrees                0:00:32       0.1292    0.1287
       323   StandardScalerWrapper ExtremeRandomTrees       0:00:34       0.1295    0.1287
       324   RobustScaler ExtremeRandomTrees                0:00:21       0.1293    0.1287
       325   MinMaxScaler ExtremeRandomTrees                0:00:33       0.1287    0.1287
       326   StandardScalerWrapper RandomForest             0:00:35       0.1289    0.1287
       327   MinMaxScaler GradientBoosting                  0:00:26       0.1289    0.1287
       328   StandardScalerWrapper ExtremeRandomTrees       0:00:27       0.1290    0.1287
       329   RobustScaler RandomForest                      0:00:33       0.1291    0.1287
       330   WARNING - Retrying (Retry(total=2, connect=None, read=None, redirect=None, status=None)) after connection broken by 'ProtocolError('Connection aborted.', ConnectionResetError(104, 'Connection reset by peer'))': /azureml/ExperimentRun/dcid.AutoML_4077bdb6-1c78-4906-a62c-c60b40dc06cb_330/outputs/conda_env_v_1_0_0.yml?sv=2019-02-02&sr=b&sig=k9d35sJ%2BIpgNV%2B%2FbWdKIff3ELkwhXZXkJdVME2jSkjQ%3D&st=2021-01-21T15%3A35%3A18Z&se=2021-01-22T15%3A45%3A18Z&sp=rcw&comp=block&blockid=TURBd01EQXdNREF3TURBd01EQXdNREF3TURBd01EQXdNREF3TURBd01EQSUzRA%3D%3D&timeout=30
WARNING - Retrying (Retry(total=2, connect=None, read=None, redirect=None, status=None)) after connection broken by 'ProtocolError('Connection aborted.', ConnectionResetError(104, 'Connection reset by peer'))': /azureml/ExperimentRun/dcid.AutoML_4077bdb6-1c78-4906-a62c-c60b40dc06cb_330/outputs/pipeline_graph.json?sv=2019-02-02&sr=b&sig=sO%2Fqh%2BZmAdG0RiFiZNLqht%2FMR265xKLW74Pn1iOhFAU%3D&st=2021-01-21T15%3A35%3A18Z&se=2021-01-22T15%3A45%3A18Z&sp=rcw&comp=block&blockid=TURBd01EQXdNREF3TURBd01EQXdNREF3TURBd01EQXdNREF3TURBd01EQSUzRA%3D%3D&timeout=30
StandardScalerWrapper ExtremeRandomTrees       0:00:21       0.1289    0.1287
       331   MinMaxScaler ExtremeRandomTrees                0:00:26       0.1294    0.1287
       332   RobustScaler ExtremeRandomTrees                0:00:22       0.1289    0.1287
       333   MinMaxScaler ExtremeRandomTrees                0:00:28       0.1290    0.1287
       334   MinMaxScaler ExtremeRandomTrees                0:00:21       0.1289    0.1287
       335   RobustScaler ExtremeRandomTrees                0:00:28       0.1289    0.1287
       336   MinMaxScaler ExtremeRandomTrees                0:00:32       0.1293    0.1287
       337   StandardScalerWrapper RandomForest             0:00:28       0.1290    0.1287
       338   MinMaxScaler RandomForest                      0:00:20       0.1291    0.1287
       339   StandardScalerWrapper ExtremeRandomTrees       0:00:27       0.1290    0.1287
       340   StandardScalerWrapper ExtremeRandomTrees       0:00:33       0.1289    0.1287
       341   StandardScalerWrapper RandomForest             0:00:27       0.1289    0.1287
       342   StandardScalerWrapper ExtremeRandomTrees       0:00:26       0.1291    0.1287
       343   RobustScaler RandomForest                      0:00:21       0.1289    0.1287
       344   StandardScalerWrapper RandomForest             0:00:27       0.1295    0.1287
       345   RobustScaler ExtremeRandomTrees                0:00:28       0.1290    0.1287
       346   MinMaxScaler ExtremeRandomTrees                0:00:26       0.1289    0.1287
       347   StandardScalerWrapper RandomForest             0:00:31       0.1292    0.1287
       348   StandardScalerWrapper RandomForest             0:00:31       0.1291    0.1287
       349   MinMaxScaler ExtremeRandomTrees                0:00:28       0.1288    0.1287
       350   MinMaxScaler ExtremeRandomTrees                0:00:25       0.1291    0.1287
       351   RobustScaler ExtremeRandomTrees                0:00:26       0.1288    0.1287
       352   RobustScaler ExtremeRandomTrees                0:00:21       0.1290    0.1287
       353   StandardScalerWrapper ExtremeRandomTrees       0:00:23       0.1289    0.1287
       354   MinMaxScaler RandomForest                      0:00:22       0.1291    0.1287
       355   WARNING - Retrying (Retry(total=2, connect=None, read=None, redirect=None, status=None)) after connection broken by 'ProtocolError('Connection aborted.', ConnectionResetError(104, 'Connection reset by peer'))': /azureml/ExperimentRun/dcid.AutoML_4077bdb6-1c78-4906-a62c-c60b40dc06cb_355/outputs/env_dependencies.json?sv=2019-02-02&sr=b&sig=Cll3EK9WUho1csg2dLRa1SDzSMgJH%2FANIZYFziBiUe0%3D&st=2021-01-21T15%3A46%3A25Z&se=2021-01-22T15%3A56%3A25Z&sp=rcw&comp=block&blockid=TURBd01EQXdNREF3TURBd01EQXdNREF3TURBd01EQXdNREF3TURBd01EQSUzRA%3D%3D&timeout=30
WARNING - Retrying (Retry(total=2, connect=None, read=None, redirect=None, status=None)) after connection broken by 'ProtocolError('Connection aborted.', ConnectionResetError(104, 'Connection reset by peer'))': /azureml/ExperimentRun/dcid.AutoML_4077bdb6-1c78-4906-a62c-c60b40dc06cb_355/outputs/pipeline_graph.json?sv=2019-02-02&sr=b&sig=sQR0ni12BouXUlbTtpqbCg9b0SIQr86z2kNc%2BPoDOBA%3D&st=2021-01-21T15%3A46%3A25Z&se=2021-01-22T15%3A56%3A25Z&sp=rcw&comp=block&blockid=TURBd01EQXdNREF3TURBd01EQXdNREF3TURBd01EQXdNREF3TURBd01EQSUzRA%3D%3D&timeout=30
MinMaxScaler ExtremeRandomTrees                0:00:29       0.1292    0.1287
       356   StandardScalerWrapper ExtremeRandomTrees       0:00:31       0.1288    0.1287
       357   MinMaxScaler ExtremeRandomTrees                0:00:25       0.1290    0.1287
       358   MinMaxScaler RandomForest                      0:00:27       0.1292    0.1287
       359   WARNING - Retrying (Retry(total=2, connect=None, read=None, redirect=None, status=None)) after connection broken by 'ProtocolError('Connection aborted.', ConnectionResetError(104, 'Connection reset by peer'))': /azureml/ExperimentRun/dcid.AutoML_4077bdb6-1c78-4906-a62c-c60b40dc06cb_359/outputs/env_dependencies.json?sv=2019-02-02&sr=b&sig=qqvVzIKvYvVR3lnJx8Q%2BJIhTbFyP%2F4XbfvhbJ8HKa%2Bw%3D&st=2021-01-21T15%3A48%3A18Z&se=2021-01-22T15%3A58%3A18Z&sp=rcw&comp=block&blockid=TURBd01EQXdNREF3TURBd01EQXdNREF3TURBd01EQXdNREF3TURBd01EQSUzRA%3D%3D&timeout=30
MinMaxScaler ExtremeRandomTrees                0:00:25       0.1289    0.1287
       360   RobustScaler ExtremeRandomTrees                0:00:22       0.1290    0.1287
       361   MinMaxScaler LightGBM                          0:00:18       0.1289    0.1287
       362   MinMaxScaler ExtremeRandomTrees                0:00:22       0.1288    0.1287
       363   StandardScalerWrapper RandomForest             0:00:19       0.1290    0.1287
       364   MinMaxScaler ExtremeRandomTrees                0:00:26       0.1292    0.1287
       365   RobustScaler ExtremeRandomTrees                0:00:28       0.1290    0.1287
       366   RobustScaler ExtremeRandomTrees                0:00:22       0.1290    0.1287
       367   StandardScalerWrapper ExtremeRandomTrees       0:00:23       0.1288    0.1287
       368   MinMaxScaler RandomForest                      0:00:28       0.1291    0.1287
       369   RobustScaler ExtremeRandomTrees                0:00:28       0.1288    0.1287
       370   StandardScalerWrapper ExtremeRandomTrees       0:00:26       0.1290    0.1287
       371   StandardScalerWrapper ExtremeRandomTrees       0:00:25       0.1288    0.1287
       372   StandardScalerWrapper ExtremeRandomTrees       0:00:23       0.1288    0.1287
       373   RobustScaler ExtremeRandomTrees                0:00:32       0.1288    0.1287
       374   StandardScalerWrapper ExtremeRandomTrees       0:00:32       0.1288    0.1287
       375   RobustScaler ExtremeRandomTrees                0:00:23       0.1289    0.1287
       376   StandardScalerWrapper ExtremeRandomTrees       0:00:22       0.1290    0.1287
       377   MinMaxScaler RandomForest                      0:00:38       0.1291    0.1287
       378   RobustScaler ExtremeRandomTrees                0:00:21       0.1290    0.1287
       379   RobustScaler ExtremeRandomTrees                0:00:23       0.1288    0.1287
       380   RobustScaler ExtremeRandomTrees                0:00:26       0.1289    0.1287
       381   RobustScaler ExtremeRandomTrees                0:00:29       0.1291    0.1287
       382   RobustScaler RandomForest                      0:00:31       0.1290    0.1287
       383   MinMaxScaler ExtremeRandomTrees                0:00:27       0.1294    0.1287
       384   RobustScaler ExtremeRandomTrees                0:00:19       0.1288    0.1287
       385   MinMaxScaler ExtremeRandomTrees                0:00:28       0.1291    0.1287
       386   MinMaxScaler RandomForest                      0:00:28       0.1290    0.1287
       387   MinMaxScaler ExtremeRandomTrees                0:00:20       0.1289    0.1287
       388   MinMaxScaler ExtremeRandomTrees                0:00:23       0.1288    0.1287
       389   RobustScaler RandomForest                      0:00:25       0.1288    0.1287
       390   MinMaxScaler ExtremeRandomTrees                0:00:21       0.1291    0.1287
       391   StandardScalerWrapper RandomForest             0:00:30       0.1289    0.1287
       392   MinMaxScaler ExtremeRandomTrees                0:00:24       0.1288    0.1287
       393   MinMaxScaler RandomForest                      0:00:21       0.1288    0.1287
       394   StandardScalerWrapper RandomForest             0:00:29       0.1289    0.1287
       395   MinMaxScaler ExtremeRandomTrees                0:00:29       0.1289    0.1287
       396   StandardScalerWrapper RandomForest             0:00:19       0.1305    0.1287
       397   RobustScaler ExtremeRandomTrees                0:00:31       0.1296    0.1287
       398   MinMaxScaler RandomForest                      0:00:27       0.1291    0.1287
       399   StandardScalerWrapper ExtremeRandomTrees       0:00:20       0.1290    0.1287
       400   MinMaxScaler ExtremeRandomTrees                0:00:20       0.1294    0.1287
       401   StandardScalerWrapper RandomForest             0:00:24       0.1288    0.1287
       402   WARNING - Retrying (Retry(total=2, connect=None, read=None, redirect=None, status=None)) after connection broken by 'ProtocolError('Connection aborted.', ConnectionResetError(104, 'Connection reset by peer'))': /azureml/ExperimentRun/dcid.AutoML_4077bdb6-1c78-4906-a62c-c60b40dc06cb_402/outputs/conda_env_v_1_0_0.yml?sv=2019-02-02&sr=b&sig=pUg0SpbgN7Aobw6i12gQmmgGn5EGawmdAoUX9dB9auk%3D&st=2021-01-21T16%3A06%3A42Z&se=2021-01-22T16%3A16%3A42Z&sp=rcw&comp=block&blockid=TURBd01EQXdNREF3TURBd01EQXdNREF3TURBd01EQXdNREF3TURBd01EQSUzRA%3D%3D&timeout=30
RobustScaler ExtremeRandomTrees                0:00:25       0.1290    0.1287
       403   MinMaxScaler ExtremeRandomTrees                0:00:20       0.1290    0.1287
       404   StandardScalerWrapper ExtremeRandomTrees       0:00:27       0.1290    0.1287
       405   RobustScaler ExtremeRandomTrees                0:00:26       0.1288    0.1287
       406   MinMaxScaler RandomForest                      0:00:22       0.1288    0.1287
       407   StandardScalerWrapper ExtremeRandomTrees       0:00:24       0.1288    0.1287
       408   MinMaxScaler ExtremeRandomTrees                0:00:22       0.1291    0.1287
       409   StandardScalerWrapper RandomForest             0:00:22       0.1290    0.1287
       410   WARNING - Retrying (Retry(total=2, connect=None, read=None, redirect=None, status=None)) after connection broken by 'ProtocolError('Connection aborted.', ConnectionResetError(104, 'Connection reset by peer'))': /azureml/ExperimentRun/dcid.AutoML_4077bdb6-1c78-4906-a62c-c60b40dc06cb_410/outputs/pipeline_graph.json?sv=2019-02-02&sr=b&sig=bhNFC7YJj6%2FIOVH1luLVdVrM6iwn2W7CvG4tdKDPPyg%3D&st=2021-01-21T16%3A09%3A56Z&se=2021-01-22T16%3A19%3A56Z&sp=rcw&comp=block&blockid=TURBd01EQXdNREF3TURBd01EQXdNREF3TURBd01EQXdNREF3TURBd01EQSUzRA%3D%3D&timeout=30
StandardScalerWrapper ExtremeRandomTrees       0:00:21       0.1290    0.1287
       411   RobustScaler RandomForest                      0:00:19       0.1289    0.1287
       412   MinMaxScaler ExtremeRandomTrees                0:00:35       0.1290    0.1287
       413   StandardScalerWrapper RandomForest             0:00:26       0.1291    0.1287
       414   MinMaxScaler ExtremeRandomTrees                0:00:22       0.1289    0.1287
       415   MinMaxScaler ExtremeRandomTrees                0:00:25       0.1290    0.1287
       416   StandardScalerWrapper ExtremeRandomTrees       0:00:32       0.1288    0.1287
       417   MinMaxScaler RandomForest                      0:00:26       0.1291    0.1287
       418   StandardScalerWrapper ExtremeRandomTrees       0:00:20       0.1288    0.1287
       419   StandardScalerWrapper RandomForest             0:00:26       0.1292    0.1287
       420   WARNING - Retrying (Retry(total=2, connect=None, read=None, redirect=None, status=None)) after connection broken by 'ProtocolError('Connection aborted.', ConnectionResetError(104, 'Connection reset by peer'))': /azureml/ExperimentRun/dcid.AutoML_4077bdb6-1c78-4906-a62c-c60b40dc06cb_420/outputs/model.pkl?sv=2019-02-02&sr=b&sig=o7LQzYgndgMvR9OfY0pxxoIsuWHTus37MF3G3J0Plj0%3D&st=2021-01-21T16%3A14%3A17Z&se=2021-01-22T16%3A24%3A17Z&sp=rcw&comp=block&blockid=TURBd01EQXdNREF3TURBd01EQXdNREF3TURBd01EQXdNREF3TURBd01EQSUzRA%3D%3D&timeout=30
MinMaxScaler ExtremeRandomTrees                0:00:25       0.1288    0.1287
       421   RobustScaler GradientBoosting                  0:00:19       0.1288    0.1287
       422   MinMaxScaler RandomForest                      0:00:21       0.1291    0.1287
       423   MinMaxScaler RandomForest                      0:00:33       0.1289    0.1287
       424   WARNING - Retrying (Retry(total=2, connect=None, read=None, redirect=None, status=None)) after connection broken by 'ProtocolError('Connection aborted.', ConnectionResetError(104, 'Connection reset by peer'))': /azureml/ExperimentRun/dcid.AutoML_4077bdb6-1c78-4906-a62c-c60b40dc06cb_424/outputs/pipeline_graph.json?sv=2019-02-02&sr=b&sig=0W%2BR%2Fo%2BEpU9TpaSN6j49jwC01lgCC0LXVsaDOknyJYo%3D&st=2021-01-21T16%3A15%3A57Z&se=2021-01-22T16%3A25%3A57Z&sp=rcw&comp=block&blockid=TURBd01EQXdNREF3TURBd01EQXdNREF3TURBd01EQXdNREF3TURBd01EQSUzRA%3D%3D&timeout=30
StandardScalerWrapper RandomForest             0:00:23       0.1296    0.1287
       425   RobustScaler ExtremeRandomTrees                0:00:27       0.1297    0.1287
       426   MinMaxScaler ExtremeRandomTrees                0:00:20       0.1288    0.1287
       427   RobustScaler RandomForest                      0:00:20       0.1289    0.1287
       428   StandardScalerWrapper ExtremeRandomTrees       0:00:24       0.1290    0.1287
       429   RobustScaler ExtremeRandomTrees                0:00:20       0.1292    0.1287
       430   MinMaxScaler ExtremeRandomTrees                0:00:21       0.1290    0.1287
       431   RobustScaler RandomForest                      0:00:23       0.1290    0.1287
       432   StandardScalerWrapper RandomForest             0:00:22       0.1290    0.1287
       433   RobustScaler RandomForest                      0:00:20       0.1292    0.1287
       434   RobustScaler ExtremeRandomTrees                0:00:24       0.1288    0.1287
       435   MinMaxScaler ExtremeRandomTrees                0:00:25       0.1288    0.1287
       436   MinMaxScaler ExtremeRandomTrees                0:00:25       0.1288    0.1287
       437   StandardScalerWrapper RandomForest             0:00:23       0.1291    0.1287
       438   MinMaxScaler ExtremeRandomTrees                0:00:29       0.1288    0.1287
       439   StandardScalerWrapper ExtremeRandomTrees       0:00:30       0.1288    0.1287
       440   RobustScaler ExtremeRandomTrees                0:00:22       0.1291    0.1287
       441   RobustScaler ExtremeRandomTrees                0:00:19       0.1290    0.1287
       442   RobustScaler RandomForest                      0:00:25       0.1291    0.1287
       443   StandardScalerWrapper ExtremeRandomTrees       0:00:19       0.1289    0.1287
       444   WARNING - Retrying (Retry(total=2, connect=None, read=None, redirect=None, status=None)) after connection broken by 'ProtocolError('Connection aborted.', ConnectionResetError(104, 'Connection reset by peer'))': /azureml/ExperimentRun/dcid.AutoML_4077bdb6-1c78-4906-a62c-c60b40dc06cb_444/outputs/pipeline_graph.json?sv=2019-02-02&sr=b&sig=nmM4u4mJ4clnWIIgfxV%2F4WD8otxj6%2FCSCGpFnFVYbdk%3D&st=2021-01-21T16%3A23%3A49Z&se=2021-01-22T16%3A33%3A49Z&sp=rcw&comp=block&blockid=TURBd01EQXdNREF3TURBd01EQXdNREF3TURBd01EQXdNREF3TURBd01EQSUzRA%3D%3D&timeout=30
MinMaxScaler ExtremeRandomTrees                0:00:26       0.1290    0.1287
       445   StandardScalerWrapper ExtremeRandomTrees       0:00:30       0.1288    0.1287
       446   StandardScalerWrapper RandomForest             0:00:25       0.1289    0.1287
       447   MinMaxScaler RandomForest                      0:00:25       0.1291    0.1287
       448   MinMaxScaler ExtremeRandomTrees                0:00:32       0.1295    0.1287
       449   StandardScalerWrapper ExtremeRandomTrees       0:00:28       0.1288    0.1287
       450   MinMaxScaler ExtremeRandomTrees                0:00:27       0.1300    0.1287
       451   RobustScaler ExtremeRandomTrees                0:00:27       0.1288    0.1287
       452   StandardScalerWrapper RandomForest             0:00:30       0.1292    0.1287
       453   StandardScalerWrapper ExtremeRandomTrees       0:00:25       0.1290    0.1287
       454   StandardScalerWrapper ExtremeRandomTrees       0:00:19       0.1289    0.1287
       455   MinMaxScaler ExtremeRandomTrees                0:00:22       0.1289    0.1287
       456   StandardScalerWrapper ExtremeRandomTrees       0:00:20       0.1288    0.1287
       457   RobustScaler ExtremeRandomTrees                0:00:26       0.1288    0.1287
       458   StandardScalerWrapper RandomForest             0:00:25       0.1288    0.1287
       459   RobustScaler ExtremeRandomTrees                0:00:22       0.1288    0.1287
       460   RobustScaler ExtremeRandomTrees                0:00:24       0.1288    0.1287
       461   MinMaxScaler ExtremeRandomTrees                0:00:32       0.1290    0.1287
       462   MinMaxScaler RandomForest                      0:00:21       0.1293    0.1287
       463   RobustScaler RandomForest                      0:00:24       0.1289    0.1287
       464   StandardScalerWrapper RandomForest             0:00:22       0.1290    0.1287
       465   RobustScaler ExtremeRandomTrees                0:00:30       0.1289    0.1287
       466   StandardScalerWrapper ExtremeRandomTrees       0:00:25       0.1288    0.1287
       467   MinMaxScaler RandomForest                      0:00:26       0.1289    0.1287
       468   RobustScaler ExtremeRandomTrees                0:00:24       0.1289    0.1287
       469   RobustScaler ExtremeRandomTrees                0:00:20       0.1294    0.1287
       470   RobustScaler ExtremeRandomTrees                0:00:24       0.1289    0.1287
       471   StandardScalerWrapper ExtremeRandomTrees       0:00:30       0.1288    0.1287
       472   WARNING - Retrying (Retry(total=2, connect=None, read=None, redirect=None, status=None)) after connection broken by 'ProtocolError('Connection aborted.', ConnectionResetError(104, 'Connection reset by peer'))': /azureml/ExperimentRun/dcid.AutoML_4077bdb6-1c78-4906-a62c-c60b40dc06cb_472/outputs/model.pkl?sv=2019-02-02&sr=b&sig=S4mXlWwvmPnpvXhSZxa5r2rMLrdEz4PLqTFxtkpVo8M%3D&st=2021-01-21T16%3A36%3A01Z&se=2021-01-22T16%3A46%3A01Z&sp=rcw&comp=block&blockid=TURBd01EQXdNREF3TURBd01EQXdNREF3TURBd01EQXdNREF3TURBd01EQSUzRA%3D%3D&timeout=30
WARNING - Retrying (Retry(total=2, connect=None, read=None, redirect=None, status=None)) after connection broken by 'ProtocolError('Connection aborted.', ConnectionResetError(104, 'Connection reset by peer'))': /azureml/ExperimentRun/dcid.AutoML_4077bdb6-1c78-4906-a62c-c60b40dc06cb_472/outputs/scoring_file_v_1_0_0.py?sv=2019-02-02&sr=b&sig=ogqhGX9zJFQROM4R7bkIB%2FTql9YI6G%2BIIHluvn2nwvk%3D&st=2021-01-21T16%3A36%3A01Z&se=2021-01-22T16%3A46%3A01Z&sp=rcw&comp=block&blockid=TURBd01EQXdNREF3TURBd01EQXdNREF3TURBd01EQXdNREF3TURBd01EQSUzRA%3D%3D&timeout=30
WARNING - Retrying (Retry(total=2, connect=None, read=None, redirect=None, status=None)) after connection broken by 'ProtocolError('Connection aborted.', ConnectionResetError(104, 'Connection reset by peer'))': /azureml/ExperimentRun/dcid.AutoML_4077bdb6-1c78-4906-a62c-c60b40dc06cb_472/outputs/pipeline_graph.json?sv=2019-02-02&sr=b&sig=o3faBpeLaJJquwFKapTNhJe9oe%2BbIU9AlK8qP5zKDiE%3D&st=2021-01-21T16%3A36%3A01Z&se=2021-01-22T16%3A46%3A01Z&sp=rcw&comp=block&blockid=TURBd01EQXdNREF3TURBd01EQXdNREF3TURBd01EQXdNREF3TURBd01EQSUzRA%3D%3D&timeout=30
StandardScalerWrapper ExtremeRandomTrees       0:00:20       0.1290    0.1287
       473   MinMaxScaler ExtremeRandomTrees                0:00:25       0.1290    0.1287
       474   MinMaxScaler ExtremeRandomTrees                0:00:28       0.1296    0.1287
       475   RobustScaler ExtremeRandomTrees                0:00:23       0.1290    0.1287
       476   MinMaxScaler RandomForest                      0:00:21       0.1290    0.1287
       477   MinMaxScaler ExtremeRandomTrees                0:00:27       0.1289    0.1287
       478   RobustScaler RandomForest                      0:00:30       0.1291    0.1287
       479   WARNING - Retrying (Retry(total=2, connect=None, read=None, redirect=None, status=None)) after connection broken by 'ProtocolError('Connection aborted.', ConnectionResetError(104, 'Connection reset by peer'))': /azureml/ExperimentRun/dcid.AutoML_4077bdb6-1c78-4906-a62c-c60b40dc06cb_479/outputs/model.pkl?sv=2019-02-02&sr=b&sig=FVQzdLvKKjCAlf702Wou9cw%2BvuLQARRkjbhy3%2FuhVSU%3D&st=2021-01-21T16%3A39%3A08Z&se=2021-01-22T16%3A49%3A08Z&sp=rcw&comp=block&blockid=TURBd01EQXdNREF3TURBd01EQXdNREF3TURBd01EQXdNREF3TURBd01EQSUzRA%3D%3D&timeout=30
RobustScaler ExtremeRandomTrees                0:00:25       0.1288    0.1287
       480   MinMaxScaler ExtremeRandomTrees                0:00:22       0.1288    0.1287
       481   WARNING - Retrying (Retry(total=2, connect=None, read=None, redirect=None, status=None)) after connection broken by 'ProtocolError('Connection aborted.', ConnectionResetError(104, 'Connection reset by peer'))': /azureml/ExperimentRun/dcid.AutoML_4077bdb6-1c78-4906-a62c-c60b40dc06cb_481/outputs/conda_env_v_1_0_0.yml?sv=2019-02-02&sr=b&sig=FFo8GCRPtcKy6Nv9vK0ZG5GBoWQ2yEqJnOTBAU3MEDM%3D&st=2021-01-21T16%3A39%3A51Z&se=2021-01-22T16%3A49%3A51Z&sp=rcw&comp=block&blockid=TURBd01EQXdNREF3TURBd01EQXdNREF3TURBd01EQXdNREF3TURBd01EQSUzRA%3D%3D&timeout=30
RobustScaler ExtremeRandomTrees                0:00:26       0.1288    0.1287
       482   StandardScalerWrapper ExtremeRandomTrees       0:00:27       0.1288    0.1287
       483   RobustScaler RandomForest                      0:00:20       0.1295    0.1287
       484   StandardScalerWrapper RandomForest             0:00:25       0.1300    0.1287
       485   StandardScalerWrapper ExtremeRandomTrees       0:00:23       0.1288    0.1287
       486   MinMaxScaler RandomForest                      0:00:19       0.1292    0.1287
       487   MinMaxScaler ExtremeRandomTrees                0:00:25       0.1288    0.1287
       488   StandardScalerWrapper GradientBoosting         0:00:21       0.1292    0.1287
       489   RobustScaler ExtremeRandomTrees                0:00:26       0.1288    0.1287
       490   StandardScalerWrapper ExtremeRandomTrees       0:00:30       0.1290    0.1287
       491   StandardScalerWrapper ExtremeRandomTrees       0:00:28       0.1289    0.1287
       492   StandardScalerWrapper ExtremeRandomTrees       0:00:28       0.1290    0.1287
       493   StandardScalerWrapper RandomForest             0:00:31       0.1295    0.1287
       494   MinMaxScaler RandomForest                      0:00:34       0.1293    0.1287
       495   RobustScaler ExtremeRandomTrees                0:00:30       0.1287    0.1287
       496   MinMaxScaler RandomForest                      0:00:26       0.1289    0.1287
       497   MinMaxScaler RandomForest                      0:00:20       0.1292    0.1287
       498   MinMaxScaler ExtremeRandomTrees                0:00:20       0.1289    0.1287
       499   StandardScalerWrapper RandomForest             0:00:19       0.1288    0.1287
       500   RobustScaler ExtremeRandomTrees                0:00:22       0.1296    0.1287
       501   StandardScalerWrapper RandomForest             0:00:25       0.1289    0.1287
       502   StandardScalerWrapper RandomForest             0:00:29       0.1288    0.1287
       503   RobustScaler ExtremeRandomTrees                0:00:24       0.1293    0.1287
       504   StandardScalerWrapper ExtremeRandomTrees       0:00:30       0.1294    0.1287
       505   RobustScaler ExtremeRandomTrees                0:00:22       0.1291    0.1287
       506   StandardScalerWrapper ExtremeRandomTrees       0:00:42       0.1292    0.1287
       507   StandardScalerWrapper GradientBoosting         0:00:21       0.1288    0.1287
       508   RobustScaler RandomForest                      0:00:24       0.1288    0.1287
       509   RobustScaler ExtremeRandomTrees                0:00:32       0.1290    0.1287
       510   StandardScalerWrapper ExtremeRandomTrees       0:00:29       0.1288    0.1287
       511   MinMaxScaler ExtremeRandomTrees                0:00:27       0.1289    0.1287
       512   RobustScaler ExtremeRandomTrees                0:00:37       0.1288    0.1287
       513   StandardScalerWrapper GradientBoosting         0:00:26       0.1292    0.1287
       514   RobustScaler ExtremeRandomTrees                0:00:26       0.1291    0.1287
       515   RobustScaler ExtremeRandomTrees                0:00:28       0.1292    0.1287
       516   MinMaxScaler RandomForest                      0:01:54       0.1289    0.1287
       517   MinMaxScaler ExtremeRandomTrees                0:00:31       0.1288    0.1287
       518   RobustScaler ExtremeRandomTrees                0:00:27       0.1289    0.1287
       519   StandardScalerWrapper RandomForest             0:16:16       0.1300    0.1287
       520   MinMaxScaler ExtremeRandomTrees                0:00:28       0.1288    0.1287
       521   RobustScaler RandomForest                      0:00:22       0.1290    0.1287
       522   MinMaxScaler GradientBoosting                  0:00:24       0.1290    0.1287
       523   MinMaxScaler RandomForest                      0:00:29       0.1289    0.1287
       524   StandardScalerWrapper ExtremeRandomTrees       0:00:19       0.1289    0.1287
       525   MinMaxScaler ExtremeRandomTrees                0:00:27       0.1288    0.1287
       526   StandardScalerWrapper ExtremeRandomTrees       0:00:27       0.1288    0.1287
       527   WARNING - Retrying (Retry(total=2, connect=3, read=2, redirect=None, status=None)) after connection broken by 'ProtocolError('Connection aborted.', OSError(0, 'Error'))': /history/v1.0/subscriptions/140247fd-63ff-4369-8eab-15ff11693adb/resourceGroups/automl_time_series/providers/Microsoft.MachineLearningServices/workspaces/automl_time_series_ws/experimentids/4af4e9b5-1028-4323-a4cd-55a1a708ef60/runs/AutoML_4077bdb6-1c78-4906-a62c-c60b40dc06cb_527
WARNING - Retrying (Retry(total=1, connect=3, read=1, redirect=None, status=None)) after connection broken by 'ProtocolError('Connection aborted.', RemoteDisconnected('Remote end closed connection without response'))': /history/v1.0/subscriptions/140247fd-63ff-4369-8eab-15ff11693adb/resourceGroups/automl_time_series/providers/Microsoft.MachineLearningServices/workspaces/automl_time_series_ws/experimentids/4af4e9b5-1028-4323-a4cd-55a1a708ef60/runs/AutoML_4077bdb6-1c78-4906-a62c-c60b40dc06cb_527
WARNING - Retrying (Retry(total=0, connect=3, read=0, redirect=None, status=None)) after connection broken by 'ProtocolError('Connection aborted.', RemoteDisconnected('Remote end closed connection without response'))': /history/v1.0/subscriptions/140247fd-63ff-4369-8eab-15ff11693adb/resourceGroups/automl_time_series/providers/Microsoft.MachineLearningServices/workspaces/automl_time_series_ws/experimentids/4af4e9b5-1028-4323-a4cd-55a1a708ef60/runs/AutoML_4077bdb6-1c78-4906-a62c-c60b40dc06cb_527
MinMaxScaler RandomForest                      0:38:19       0.1291    0.1287
ERROR: Run AutoML_4077bdb6-1c78-4906-a62c-c60b40dc06cb_527 failed with exception of type: ServiceException. Pipeline Class Names: { MinMaxScaler, RandomForestRegressor } Pipeline ID: b7771fb267fbd4d312871cbc5ba209deff57d0d7
       528   RobustScaler RandomForest                      0:00:21       0.1290    0.1287
       529   RobustScaler RandomForest                      0:00:19       0.1289    0.1287
       530   MinMaxScaler ExtremeRandomTrees                0:00:23       0.1290    0.1287
       531   WARNING - Retrying (Retry(total=2, connect=None, read=None, redirect=None, status=None)) after connection broken by 'ProtocolError('Connection aborted.', ConnectionResetError(104, 'Connection reset by peer'))': /azureml/ExperimentRun/dcid.AutoML_4077bdb6-1c78-4906-a62c-c60b40dc06cb_531/outputs/scoring_file_v_1_0_0.py?sv=2019-02-02&sr=b&sig=13Ef%2BFSLtXlko4D34E6rM2yIVniXy4PSpzePp7AVXd0%3D&st=2021-01-21T17%3A57%3A20Z&se=2021-01-22T18%3A07%3A20Z&sp=rcw&comp=block&blockid=TURBd01EQXdNREF3TURBd01EQXdNREF3TURBd01EQXdNREF3TURBd01EQSUzRA%3D%3D&timeout=30
RobustScaler RandomForest                      0:00:31       0.1291    0.1287
       532   RobustScaler RandomForest                      0:02:04       0.1288    0.1287
       533   RobustScaler ExtremeRandomTrees                0:00:34       0.1289    0.1287
       534   WARNING - Retrying (Retry(total=2, connect=None, read=None, redirect=None, status=None)) after connection broken by 'ProtocolError('Connection aborted.', ConnectionResetError(104, 'Connection reset by peer'))': /azureml/ExperimentRun/dcid.AutoML_4077bdb6-1c78-4906-a62c-c60b40dc06cb_534/outputs/pipeline_graph.json?sv=2019-02-02&sr=b&sig=aUnvvvi6u0jIErIBsuRmZ325v5BQ4XGpSiaXIhETrMQ%3D&st=2021-01-21T18%3A00%3A24Z&se=2021-01-22T18%3A10%3A24Z&sp=rcw&comp=block&blockid=TURBd01EQXdNREF3TURBd01EQXdNREF3TURBd01EQXdNREF3TURBd01EQSUzRA%3D%3D&timeout=30
RobustScaler ExtremeRandomTrees                0:00:20       0.1292    0.1287
       535   StandardScalerWrapper ExtremeRandomTrees       0:00:25       0.1297    0.1287
       536   MinMaxScaler GradientBoosting                  0:00:19       0.1290    0.1287
       537   RobustScaler ExtremeRandomTrees                0:00:21       0.1289    0.1287
       538   RobustScaler RandomForest                      0:00:20       0.1289    0.1287
       539   StandardScalerWrapper ExtremeRandomTrees       0:11:24       0.1289    0.1287
       540   StandardScalerWrapper ExtremeRandomTrees       0:00:22       0.1288    0.1287
       541   MinMaxScaler RandomForest                      0:00:21       0.1293    0.1287
       542   MinMaxScaler RandomForest                      0:00:31       0.1291    0.1287
       543   RobustScaler RandomForest                      0:00:20       0.1288    0.1287
       544   StandardScalerWrapper ExtremeRandomTrees       0:14:30       0.1289    0.1287
       545   RobustScaler ExtremeRandomTrees                0:00:29       0.1287    0.1287
       546   MinMaxScaler ExtremeRandomTrees                0:00:22       0.1292    0.1287
       547   StandardScalerWrapper ExtremeRandomTrees       0:00:21       0.1289    0.1287
       548   MinMaxScaler LightGBM                          0:00:25       0.1293    0.1287
       549   RobustScaler ExtremeRandomTrees                0:26:16       0.1289    0.1287
       550   MinMaxScaler ExtremeRandomTrees                0:00:32       0.1291    0.1287
       551   RobustScaler RandomForest                      0:00:27       0.1289    0.1287
       552   WARNING - Retrying (Retry(total=2, connect=3, read=2, redirect=None, status=None)) after connection broken by 'ProtocolError('Connection aborted.', OSError(0, 'Error'))': /history/v1.0/subscriptions/140247fd-63ff-4369-8eab-15ff11693adb/resourceGroups/automl_time_series/providers/Microsoft.MachineLearningServices/workspaces/automl_time_series_ws/experimentids/4af4e9b5-1028-4323-a4cd-55a1a708ef60/runs/AutoML_4077bdb6-1c78-4906-a62c-c60b40dc06cb_552
WARNING - Retrying (Retry(total=1, connect=3, read=1, redirect=None, status=None)) after connection broken by 'ProtocolError('Connection aborted.', OSError(0, 'Error'))': /history/v1.0/subscriptions/140247fd-63ff-4369-8eab-15ff11693adb/resourceGroups/automl_time_series/providers/Microsoft.MachineLearningServices/workspaces/automl_time_series_ws/experimentids/4af4e9b5-1028-4323-a4cd-55a1a708ef60/runs/AutoML_4077bdb6-1c78-4906-a62c-c60b40dc06cb_552
WARNING - Retrying (Retry(total=0, connect=3, read=0, redirect=None, status=None)) after connection broken by 'ProtocolError('Connection aborted.', RemoteDisconnected('Remote end closed connection without response'))': /history/v1.0/subscriptions/140247fd-63ff-4369-8eab-15ff11693adb/resourceGroups/automl_time_series/providers/Microsoft.MachineLearningServices/workspaces/automl_time_series_ws/experimentids/4af4e9b5-1028-4323-a4cd-55a1a708ef60/runs/AutoML_4077bdb6-1c78-4906-a62c-c60b40dc06cb_552
Exception thrown. Cancelling run, since there is at least one successful child run.
WARNING - Received unrecognized parameter ensemble_download_models_timeout_sec
WARNING - Received unrecognized parameter ensemble_download_models_timeout_sec
WARNING - Received unrecognized parameter ensemble_download_models_timeout_sec
WARNING - Retrying (Retry(total=2, connect=3, read=2, redirect=None, status=None)) after connection broken by 'ProtocolError('Connection aborted.', OSError(0, 'Error'))': /history/v1.0/subscriptions/140247fd-63ff-4369-8eab-15ff11693adb/resourceGroups/automl_time_series/providers/Microsoft.MachineLearningServices/workspaces/automl_time_series_ws/experiments/experiment/metrics:query?mergestrategytype=None
WARNING - Retrying (Retry(total=1, connect=3, read=1, redirect=None, status=None)) after connection broken by 'ProtocolError('Connection aborted.', OSError(0, 'Error'))': /history/v1.0/subscriptions/140247fd-63ff-4369-8eab-15ff11693adb/resourceGroups/automl_time_series/providers/Microsoft.MachineLearningServices/workspaces/automl_time_series_ws/experiments/experiment/metrics:query?mergestrategytype=None
WARNING - Retrying (Retry(total=0, connect=3, read=0, redirect=None, status=None)) after connection broken by 'ProtocolError('Connection aborted.', BrokenPipeError(32, 'Broken pipe'))': /history/v1.0/subscriptions/140247fd-63ff-4369-8eab-15ff11693adb/resourceGroups/automl_time_series/providers/Microsoft.MachineLearningServices/workspaces/automl_time_series_ws/experiments/experiment/metrics:query?mergestrategytype=None
Traceback (most recent call last):
  File "/projappl/project_2003107/anaconda3/envs/azure_automl/lib/python3.7/site-packages/urllib3/connectionpool.py", line 677, in urlopen
    chunked=chunked,
  File "/projappl/project_2003107/anaconda3/envs/azure_automl/lib/python3.7/site-packages/urllib3/connectionpool.py", line 392, in _make_request
    conn.request(method, url, **httplib_request_kw)
  File "/projappl/project_2003107/anaconda3/envs/azure_automl/lib/python3.7/http/client.py", line 1252, in request
    self._send_request(method, url, body, headers, encode_chunked)
  File "/projappl/project_2003107/anaconda3/envs/azure_automl/lib/python3.7/http/client.py", line 1298, in _send_request
    self.endheaders(body, encode_chunked=encode_chunked)
  File "/projappl/project_2003107/anaconda3/envs/azure_automl/lib/python3.7/http/client.py", line 1247, in endheaders
    self._send_output(message_body, encode_chunked=encode_chunked)
  File "/projappl/project_2003107/anaconda3/envs/azure_automl/lib/python3.7/http/client.py", line 1065, in _send_output
    self.send(chunk)
  File "/projappl/project_2003107/anaconda3/envs/azure_automl/lib/python3.7/http/client.py", line 987, in send
    self.sock.sendall(data)
  File "/projappl/project_2003107/anaconda3/envs/azure_automl/lib/python3.7/ssl.py", line 1034, in sendall
    v = self.send(byte_view[count:])
  File "/projappl/project_2003107/anaconda3/envs/azure_automl/lib/python3.7/ssl.py", line 1003, in send
    return self._sslobj.write(data)
BrokenPipeError: [Errno 32] Broken pipe

During handling of the above exception, another exception occurred:

Traceback (most recent call last):
  File "/projappl/project_2003107/anaconda3/envs/azure_automl/lib/python3.7/site-packages/requests/adapters.py", line 449, in send
    timeout=timeout
  File "/projappl/project_2003107/anaconda3/envs/azure_automl/lib/python3.7/site-packages/urllib3/connectionpool.py", line 767, in urlopen
    **response_kw
  File "/projappl/project_2003107/anaconda3/envs/azure_automl/lib/python3.7/site-packages/urllib3/connectionpool.py", line 767, in urlopen
    **response_kw
  File "/projappl/project_2003107/anaconda3/envs/azure_automl/lib/python3.7/site-packages/urllib3/connectionpool.py", line 767, in urlopen
    **response_kw
  File "/projappl/project_2003107/anaconda3/envs/azure_automl/lib/python3.7/site-packages/urllib3/connectionpool.py", line 727, in urlopen
    method, url, error=e, _pool=self, _stacktrace=sys.exc_info()[2]
  File "/projappl/project_2003107/anaconda3/envs/azure_automl/lib/python3.7/site-packages/urllib3/util/retry.py", line 439, in increment
    raise MaxRetryError(_pool, url, error or ResponseError(cause))
urllib3.exceptions.MaxRetryError: HTTPSConnectionPool(host='northeurope.experiments.azureml.net', port=443): Max retries exceeded with url: /history/v1.0/subscriptions/140247fd-63ff-4369-8eab-15ff11693adb/resourceGroups/automl_time_series/providers/Microsoft.MachineLearningServices/workspaces/automl_time_series_ws/experiments/experiment/metrics:query?mergestrategytype=None (Caused by ProtocolError('Connection aborted.', BrokenPipeError(32, 'Broken pipe')))

During handling of the above exception, another exception occurred:

Traceback (most recent call last):
  File "/projappl/project_2003107/anaconda3/envs/azure_automl/lib/python3.7/site-packages/msrest/universal_http/requests.py", line 142, in send
    **kwargs)
  File "/projappl/project_2003107/anaconda3/envs/azure_automl/lib/python3.7/site-packages/requests/sessions.py", line 530, in request
    resp = self.send(prep, **send_kwargs)
  File "/projappl/project_2003107/anaconda3/envs/azure_automl/lib/python3.7/site-packages/requests/sessions.py", line 643, in send
    r = adapter.send(request, **kwargs)
  File "/projappl/project_2003107/anaconda3/envs/azure_automl/lib/python3.7/site-packages/requests/adapters.py", line 516, in send
    raise ConnectionError(e, request=request)
requests.exceptions.ConnectionError: HTTPSConnectionPool(host='northeurope.experiments.azureml.net', port=443): Max retries exceeded with url: /history/v1.0/subscriptions/140247fd-63ff-4369-8eab-15ff11693adb/resourceGroups/automl_time_series/providers/Microsoft.MachineLearningServices/workspaces/automl_time_series_ws/experiments/experiment/metrics:query?mergestrategytype=None (Caused by ProtocolError('Connection aborted.', BrokenPipeError(32, 'Broken pipe')))

During handling of the above exception, another exception occurred:

Traceback (most recent call last):
  File "azure_automl.py", line 72, in <module>
    main(args.train_path, args.pred_path, args.n_pred, args.dt, args.target, args.time_limit_min)
  File "azure_automl.py", line 33, in main
    best_run, fitted_model = experiment.submit(automl_config, show_output=True).get_output()
  File "/projappl/project_2003107/anaconda3/envs/azure_automl/lib/python3.7/site-packages/azureml/train/automl/run.py", line 666, in get_output
    activity_name=automl_shared_constants.TelemetryConstants.GET_OUTPUT
  File "/projappl/project_2003107/anaconda3/envs/azure_automl/lib/python3.7/site-packages/azureml/train/automl/run.py", line 591, in _get_child_run
    curr_run, child_runs_and_scores = self._get_run_internal(iteration, metric, "get_output")
  File "/projappl/project_2003107/anaconda3/envs/azure_automl/lib/python3.7/site-packages/azureml/train/automl/run.py", line 746, in _get_run_internal
    child_runs_and_scores = self._get_all_automl_child_runs(metric)
  File "/projappl/project_2003107/anaconda3/envs/azure_automl/lib/python3.7/site-packages/azureml/train/automl/run.py", line 766, in _get_all_automl_child_runs
    metrics = self.get_metrics(recursive=True)
  File "/projappl/project_2003107/anaconda3/envs/azure_automl/lib/python3.7/site-packages/azureml/core/run.py", line 1160, in get_metrics
    populate=populate, root_run_id=self._root_run_id)
  File "/projappl/project_2003107/anaconda3/envs/azure_automl/lib/python3.7/site-packages/azureml/_run_impl/run_history_facade.py", line 341, in get_metrics
    data_container=self._data_container_id, name=name)
  File "/projappl/project_2003107/anaconda3/envs/azure_automl/lib/python3.7/site-packages/azureml/_restclient/metrics_client.py", line 252, in get_all_metrics
    custom_headers=custom_headers)
  File "/projappl/project_2003107/anaconda3/envs/azure_automl/lib/python3.7/site-packages/azureml/_restclient/metrics_client.py", line 287, in _get_all_metrics
    custom_headers=custom_headers)
  File "/projappl/project_2003107/anaconda3/envs/azure_automl/lib/python3.7/site-packages/azureml/_restclient/metrics_client.py", line 212, in _get_metrics_for_runs
    for dto in task:
  File "/projappl/project_2003107/anaconda3/envs/azure_automl/lib/python3.7/site-packages/azureml/_restclient/clientbase.py", line 251, in _call_paginated_api
    paginated_dto = next_page.wait(awaiter_name="ApiPagination")
  File "/projappl/project_2003107/anaconda3/envs/azure_automl/lib/python3.7/site-packages/azureml/_common/async_utils/async_task.py", line 59, in wait
    res = self._handler(self._future, self._logger)
  File "/projappl/project_2003107/anaconda3/envs/azure_automl/lib/python3.7/site-packages/azureml/_common/async_utils/async_task.py", line 16, in basic_handler
    return future.result()
  File "/projappl/project_2003107/anaconda3/envs/azure_automl/lib/python3.7/concurrent/futures/_base.py", line 435, in result
    return self.__get_result()
  File "/projappl/project_2003107/anaconda3/envs/azure_automl/lib/python3.7/concurrent/futures/_base.py", line 384, in __get_result
    raise self._exception
  File "/projappl/project_2003107/anaconda3/envs/azure_automl/lib/python3.7/concurrent/futures/thread.py", line 57, in run
    result = self.fn(*self.args, **self.kwargs)
  File "/projappl/project_2003107/anaconda3/envs/azure_automl/lib/python3.7/site-packages/azureml/_restclient/clientbase.py", line 321, in _execute_with_base_arguments
    back_off, total_retry, self._logger, func, _noop_reset, *args, **kwargs)
  File "/projappl/project_2003107/anaconda3/envs/azure_automl/lib/python3.7/site-packages/azureml/_restclient/clientbase.py", line 336, in _execute_func_internal
    left_retry = cls._handle_retry(back_off, left_retry, total_retry, error, logger, func)
  File "/projappl/project_2003107/anaconda3/envs/azure_automl/lib/python3.7/site-packages/azureml/_restclient/clientbase.py", line 387, in _handle_retry
    raise error
  File "/projappl/project_2003107/anaconda3/envs/azure_automl/lib/python3.7/site-packages/azureml/_restclient/clientbase.py", line 334, in _execute_func_internal
    return func(*args, **kwargs)
  File "/projappl/project_2003107/anaconda3/envs/azure_automl/lib/python3.7/site-packages/azureml/_restclient/operations/run_metric_operations.py", line 306, in get_by_query
    request, header_parameters, body_content, stream=False, **operation_config)
  File "/projappl/project_2003107/anaconda3/envs/azure_automl/lib/python3.7/site-packages/msrest/service_client.py", line 336, in send
    pipeline_response = self.config.pipeline.run(request, **kwargs)
  File "/projappl/project_2003107/anaconda3/envs/azure_automl/lib/python3.7/site-packages/msrest/pipeline/__init__.py", line 197, in run
    return first_node.send(pipeline_request, **kwargs)  # type: ignore
  File "/projappl/project_2003107/anaconda3/envs/azure_automl/lib/python3.7/site-packages/msrest/pipeline/__init__.py", line 150, in send
    response = self.next.send(request, **kwargs)
  File "/projappl/project_2003107/anaconda3/envs/azure_automl/lib/python3.7/site-packages/msrest/pipeline/requests.py", line 72, in send
    return self.next.send(request, **kwargs)
  File "/projappl/project_2003107/anaconda3/envs/azure_automl/lib/python3.7/site-packages/msrest/pipeline/requests.py", line 137, in send
    return self.next.send(request, **kwargs)
  File "/projappl/project_2003107/anaconda3/envs/azure_automl/lib/python3.7/site-packages/msrest/pipeline/__init__.py", line 150, in send
    response = self.next.send(request, **kwargs)
  File "/projappl/project_2003107/anaconda3/envs/azure_automl/lib/python3.7/site-packages/msrest/pipeline/requests.py", line 193, in send
    self.driver.send(request.http_request, **kwargs)
  File "/projappl/project_2003107/anaconda3/envs/azure_automl/lib/python3.7/site-packages/msrest/universal_http/requests.py", line 333, in send
    return super(RequestsHTTPSender, self).send(request, **requests_kwargs)
  File "/projappl/project_2003107/anaconda3/envs/azure_automl/lib/python3.7/site-packages/msrest/universal_http/requests.py", line 145, in send
    raise_with_traceback(ClientRequestError, msg, err)
  File "/projappl/project_2003107/anaconda3/envs/azure_automl/lib/python3.7/site-packages/msrest/exceptions.py", line 51, in raise_with_traceback
    raise error.with_traceback(exc_traceback)
  File "/projappl/project_2003107/anaconda3/envs/azure_automl/lib/python3.7/site-packages/msrest/universal_http/requests.py", line 142, in send
    **kwargs)
  File "/projappl/project_2003107/anaconda3/envs/azure_automl/lib/python3.7/site-packages/requests/sessions.py", line 530, in request
    resp = self.send(prep, **send_kwargs)
  File "/projappl/project_2003107/anaconda3/envs/azure_automl/lib/python3.7/site-packages/requests/sessions.py", line 643, in send
    r = adapter.send(request, **kwargs)
  File "/projappl/project_2003107/anaconda3/envs/azure_automl/lib/python3.7/site-packages/requests/adapters.py", line 516, in send
    raise ConnectionError(e, request=request)
msrest.exceptions.ClientRequestError: Error occurred in request., ConnectionError: HTTPSConnectionPool(host='northeurope.experiments.azureml.net', port=443): Max retries exceeded with url: /history/v1.0/subscriptions/140247fd-63ff-4369-8eab-15ff11693adb/resourceGroups/automl_time_series/providers/Microsoft.MachineLearningServices/workspaces/automl_time_series_ws/experiments/experiment/metrics:query?mergestrategytype=None (Caused by ProtocolError('Connection aborted.', BrokenPipeError(32, 'Broken pipe')))
