WARNING - Received unrecognized parameter ensemble_download_models_timeout_sec
Running on local machine
Parent Run ID: AutoML_21e53133-57e1-4908-9ece-8554e5f63f4a

Current status: DatasetFeaturization. Beginning to featurize the dataset.
Current status: DatasetFeaturizationCompleted. Completed featurizing the dataset.
Heuristic parameters: Target_Lag = '[0]', Target_Rolling_Window = '0'.
WARNING - Converting non-string tag to string: (forecasting_target_lags: [0])
WARNING - Converting non-string tag to string: (forecasting_target_rolling_window_size: 0)
WARNING - Converting non-string tag to string: (forecasting_max_horizon: 2223)
Current status: DatasetCrossValidationSplit. Generating individually featurized CV splits.
Current status: DatasetFeaturization. Beginning to featurize the CV split.
Current status: DatasetFeaturizationCompleted. Completed featurizing the CV split.
Current status: DatasetFeaturization. Beginning to featurize the CV split.
Current status: DatasetFeaturizationCompleted. Completed featurizing the CV split.
Current status: DatasetFeaturization. Beginning to featurize the CV split.
Current status: DatasetFeaturizationCompleted. Completed featurizing the CV split.
Current status: DatasetFeaturization. Beginning to featurize the CV split.
Current status: DatasetFeaturizationCompleted. Completed featurizing the CV split.
Current status: DatasetFeaturization. Beginning to featurize the CV split.
Current status: DatasetFeaturizationCompleted. Completed featurizing the CV split.

****************************************************************************************************
DATA GUARDRAILS: 

TYPE:         Frequency detection
STATUS:       PASSED
DESCRIPTION:  The time series was analyzed, all data points are aligned with detected frequency.
              

****************************************************************************************************

TYPE:         Missing feature values imputation
STATUS:       PASSED
DESCRIPTION:  No feature missing values were detected in the training data.
              Learn more about missing value imputation: https://aka.ms/AutomatedMLFeaturization

****************************************************************************************************

TYPE:         Memory Issues Detection
STATUS:       PASSED
DESCRIPTION:  The selected horizon, lag and rolling window values were analyzed, and no potential memory issues were detected.
              Learn more about time-series forecasting configurations: https://aka.ms/AutomatedMLForecastingConfiguration

****************************************************************************************************
Current status: ModelSelection. Beginning model selection.

****************************************************************************************************
ITERATION: The iteration being evaluated.
PIPELINE: A summary description of the pipeline being evaluated.
DURATION: Time taken for the current iteration.
METRIC: The result of computing score on the fitted pipeline.
BEST: The best observed score thus far.
****************************************************************************************************

 ITERATION   PIPELINE                                       DURATION      METRIC      BEST
         0   RobustScaler LassoLars                         0:00:22       0.1324    0.1324
         1   RobustScaler DecisionTree                      0:00:22       0.1323    0.1323
         2   StandardScalerWrapper DecisionTree             0:00:21       0.1302    0.1302
         3   RobustScaler DecisionTree                      0:00:16       0.1317    0.1302
         4   StandardScalerWrapper ElasticNet               0:00:21       0.1321    0.1302
         5   MinMaxScaler DecisionTree                      0:00:21       0.1294    0.1294
         6   MinMaxScaler ElasticNet                        0:00:16       0.1323    0.1294
         7   StandardScalerWrapper DecisionTree             0:00:17       0.1297    0.1294
         8   StandardScalerWrapper DecisionTree             0:00:21       0.1315    0.1294
         9   RobustScaler DecisionTree                      0:00:20       0.1320    0.1294
        10   RobustScaler ElasticNet                        0:00:22       0.1324    0.1294
        11   RobustScaler DecisionTree                      0:00:16       0.1305    0.1294
        12   RobustScaler DecisionTree                      0:00:16       0.1305    0.1294
        13   StandardScalerWrapper DecisionTree             0:00:16       0.1311    0.1294
        14   MinMaxScaler DecisionTree                      0:00:16       0.1305    0.1294
        15   MinMaxScaler DecisionTree                      0:00:16       0.1325    0.1294
        16   RobustScaler DecisionTree                      0:00:16       0.1303    0.1294
        17   StandardScalerWrapper DecisionTree             0:00:17       0.1302    0.1294
        18   MinMaxScaler DecisionTree                      0:00:16       0.1315    0.1294
        19   StandardScalerWrapper LassoLars                0:00:21       0.1325    0.1294
        20   StandardScalerWrapper DecisionTree             0:00:17       0.1317    0.1294
        21   StandardScalerWrapper GradientBoosting         0:00:19       0.1291    0.1291
        22   RobustScaler DecisionTree                      0:00:17       0.1300    0.1291
        23   StandardScalerWrapper RandomForest             0:00:27       0.1292    0.1291
        24   RobustScaler RandomForest                      0:00:23       0.1289    0.1289
        25   RobustScaler RandomForest                      0:00:28       0.1303    0.1289
        26   MinMaxScaler ExtremeRandomTrees                0:00:18       0.1288    0.1288
        27   RobustScaler GradientBoosting                  0:00:20       0.1290    0.1288
        28   MaxAbsScaler RandomForest                      0:00:30       0.1290    0.1288
        29   RobustScaler LassoLars                         0:00:18       0.1325    0.1288
        30   StandardScalerWrapper ExtremeRandomTrees       0:00:25       0.1313    0.1288
        31   MaxAbsScaler RandomForest                      0:00:27       0.1297    0.1288
        32   MaxAbsScaler RandomForest                      0:00:20       0.1294    0.1288
        33   RobustScaler RandomForest                      0:00:25       0.1311    0.1288
        34   MinMaxScaler GradientBoosting                  0:00:34       0.1294    0.1288
        35   MaxAbsScaler ExtremeRandomTrees                0:00:25       0.1293    0.1288
        36   StandardScalerWrapper RandomForest             0:00:23       0.1293    0.1288
        37   RobustScaler RandomForest                      0:00:32       0.1288    0.1288
        38   MaxAbsScaler GradientBoosting                  0:00:20       0.1293    0.1288
        39   StandardScalerWrapper RandomForest             0:00:20       0.1295    0.1288
        40   MinMaxScaler ExtremeRandomTrees                0:00:24       0.1292    0.1288
        41   RobustScaler RandomForest                      0:00:19       0.1290    0.1288
        42   MaxAbsScaler GradientBoosting                  0:00:18       0.1292    0.1288
        43   StandardScalerWrapper RandomForest             0:00:22       0.1294    0.1288
        44   MinMaxScaler DecisionTree                      0:00:16       0.1298    0.1288
        45   StandardScalerWrapper ExtremeRandomTrees       0:01:25       0.1290    0.1288
        46   MaxAbsScaler RandomForest                      0:00:25       0.1290    0.1288
        47   StandardScalerWrapper RandomForest             0:00:27       0.1293    0.1288
        48   StandardScalerWrapper GradientBoosting         0:00:36       0.1292    0.1288
        49   MaxAbsScaler GradientBoosting                  0:00:40       0.1289    0.1288
        50   RobustScaler ExtremeRandomTrees                0:00:31       0.1293    0.1288
        51   RobustScaler GradientBoosting                  0:00:18       0.1288    0.1288
        52   RobustScaler RandomForest                      0:00:23       0.1290    0.1288
        53   WARNING - Retrying (Retry(total=2, connect=None, read=None, redirect=None, status=None)) after connection broken by 'ProtocolError('Connection aborted.', ConnectionResetError(104, 'Connection reset by peer'))': /azureml/ExperimentRun/dcid.AutoML_21e53133-57e1-4908-9ece-8554e5f63f4a_53/outputs/scoring_file_v_1_0_0.py?sv=2019-02-02&sr=b&sig=rUlNpmFjnvPx%2FrI7i6VMpxqtpzfwIgINgu3lThAOmcA%3D&st=2021-01-21T09%3A15%3A23Z&se=2021-01-22T09%3A25%3A23Z&sp=rcw&comp=block&blockid=TURBd01EQXdNREF3TURBd01EQXdNREF3TURBd01EQXdNREF3TURBd01EQSUzRA%3D%3D&timeout=30
MinMaxScaler RandomForest                      0:00:18       0.1293    0.1288
        54   RobustScaler GradientBoosting                  0:00:35       0.1291    0.1288
        55   MinMaxScaler ExtremeRandomTrees                0:00:25       0.1288    0.1288
        56   StandardScalerWrapper GradientBoosting         0:00:23       0.1291    0.1288
        57   StandardScalerWrapper RandomForest             0:00:21       0.1288    0.1288
        58   StandardScalerWrapper ExtremeRandomTrees       0:00:26       0.1297    0.1288
        59   MinMaxScaler RandomForest                      0:00:25       0.1289    0.1288
        60   WARNING - Retrying (Retry(total=2, connect=None, read=None, redirect=None, status=None)) after connection broken by 'ProtocolError('Connection aborted.', ConnectionResetError(104, 'Connection reset by peer'))': /azureml/ExperimentRun/dcid.AutoML_21e53133-57e1-4908-9ece-8554e5f63f4a_60/outputs/model.pkl?sv=2019-02-02&sr=b&sig=UxUBEnxCTFJvbvO6BcaxK1ubYk471KGGBfbawUdknEA%3D&st=2021-01-21T09%3A18%3A24Z&se=2021-01-22T09%3A28%3A24Z&sp=rcw&comp=block&blockid=TURBd01EQXdNREF3TURBd01EQXdNREF3TURBd01EQXdNREF3TURBd01EQSUzRA%3D%3D&timeout=30
RobustScaler RandomForest                      0:00:22       0.1293    0.1288
        61   StandardScalerWrapper ExtremeRandomTrees       0:00:20       0.1290    0.1288
        62   MaxAbsScaler GradientBoosting                  0:00:39       0.1289    0.1288
        63   MaxAbsScaler RandomForest                      0:00:22       0.1291    0.1288
        64   MaxAbsScaler RandomForest                      0:00:28       0.1299    0.1288
        65   MinMaxScaler RandomForest                      0:00:22       0.1292    0.1288
        66   StandardScalerWrapper RandomForest             0:00:28       0.1292    0.1288
        67   StandardScalerWrapper GradientBoosting         0:00:28       0.1289    0.1288
        68   StandardScalerWrapper RandomForest             0:00:19       0.1292    0.1288
        69   MaxAbsScaler RandomForest                      0:00:34       0.1295    0.1288
        70   MinMaxScaler RandomForest                      0:00:45       0.1294    0.1288
        71   StandardScalerWrapper RandomForest             0:00:41       0.1293    0.1288
        72   WARNING - Retrying (Retry(total=2, connect=None, read=None, redirect=None, status=None)) after connection broken by 'ProtocolError('Connection aborted.', ConnectionResetError(104, 'Connection reset by peer'))': /azureml/ExperimentRun/dcid.AutoML_21e53133-57e1-4908-9ece-8554e5f63f4a_72/outputs/env_dependencies.json?sv=2019-02-02&sr=b&sig=Y37q0QMI7Z43f502um5%2F0i9YyggsNJlrRnJj%2BbXuxgc%3D&st=2021-01-21T09%3A24%3A38Z&se=2021-01-22T09%3A34%3A38Z&sp=rcw&comp=block&blockid=TURBd01EQXdNREF3TURBd01EQXdNREF3TURBd01EQXdNREF3TURBd01EQSUzRA%3D%3D&timeout=30
WARNING - Retrying (Retry(total=2, connect=None, read=None, redirect=None, status=None)) after connection broken by 'ProtocolError('Connection aborted.', ConnectionResetError(104, 'Connection reset by peer'))': /azureml/ExperimentRun/dcid.AutoML_21e53133-57e1-4908-9ece-8554e5f63f4a_72/outputs/pipeline_graph.json?sv=2019-02-02&sr=b&sig=lQGFn%2Fwjr3rcxNiFEDnjyyPj8118caNGSJMFbRY0H0Y%3D&st=2021-01-21T09%3A24%3A38Z&se=2021-01-22T09%3A34%3A38Z&sp=rcw&comp=block&blockid=TURBd01EQXdNREF3TURBd01EQXdNREF3TURBd01EQXdNREF3TURBd01EQSUzRA%3D%3D&timeout=30
StandardScalerWrapper RandomForest             0:01:00       0.1338    0.1288
        73   RobustScaler RandomForest                      0:00:25       0.1294    0.1288
        74   StandardScalerWrapper ExtremeRandomTrees       0:00:26       0.1288    0.1288
        75   StandardScalerWrapper RandomForest             0:00:22       0.1297    0.1288
        76   MinMaxScaler RandomForest                      0:00:26       0.1292    0.1288
        77   StandardScalerWrapper GradientBoosting         0:00:29       0.1290    0.1288
        78   RobustScaler RandomForest                      0:00:33       0.1298    0.1288
        79   RobustScaler ExtremeRandomTrees                0:00:25       0.1293    0.1288
        80   MaxAbsScaler RandomForest                      0:00:19       0.1291    0.1288
        81   MinMaxScaler GradientBoosting                  0:00:32       0.1289    0.1288
        82   StandardScalerWrapper RandomForest             0:00:21       0.1306    0.1288
        83   MaxAbsScaler RandomForest                      0:00:25       0.1294    0.1288
        84   MinMaxScaler GradientBoosting                  0:01:04       0.1297    0.1288
        85   RobustScaler RandomForest                      0:00:23       0.1290    0.1288
        86   MaxAbsScaler GradientBoosting                  0:00:25       0.1290    0.1288
        87   RobustScaler ExtremeRandomTrees                0:00:24       0.1288    0.1288
        88   StandardScalerWrapper RandomForest             0:00:22       0.1292    0.1288
        89   MinMaxScaler RandomForest                      0:00:18       0.1292    0.1288
        90   MinMaxScaler RandomForest                      0:00:29       0.1294    0.1288
        91   MinMaxScaler GradientBoosting                  0:00:26       0.1298    0.1288
        92   StandardScalerWrapper ElasticNet               0:00:18       0.1324    0.1288
        93   StandardScalerWrapper RandomForest             0:00:24       0.1296    0.1288
        94   RobustScaler GradientBoosting                  0:00:22       0.1289    0.1288
        95   MaxAbsScaler RandomForest                      0:00:35       0.1301    0.1288
        96   RobustScaler GradientBoosting                  0:00:22       0.1290    0.1288
        97   MaxAbsScaler RandomForest                      0:00:23       0.1296    0.1288
        98   WARNING - Retrying (Retry(total=2, connect=None, read=None, redirect=None, status=None)) after connection broken by 'ProtocolError('Connection aborted.', ConnectionResetError(104, 'Connection reset by peer'))': /azureml/ExperimentRun/dcid.AutoML_21e53133-57e1-4908-9ece-8554e5f63f4a_98/outputs/scoring_file_v_1_0_0.py?sv=2019-02-02&sr=b&sig=QvvwUzYOzF1xwuQ0Ritl5Hey2FJjyqCgv7PqSyGMBZk%3D&st=2021-01-21T09%3A36%3A23Z&se=2021-01-22T09%3A46%3A23Z&sp=rcw&comp=block&blockid=TURBd01EQXdNREF3TURBd01EQXdNREF3TURBd01EQXdNREF3TURBd01EQSUzRA%3D%3D&timeout=30
StandardScalerWrapper LassoLars                0:00:22       0.1325    0.1288
        99   RobustScaler RandomForest                      0:00:18       0.1294    0.1288
       100   StandardScalerWrapper RandomForest             0:00:24       0.1291    0.1288
       101   MinMaxScaler RandomForest                      0:00:18       0.1307    0.1288
       102   MaxAbsScaler RandomForest                      0:00:23       0.1294    0.1288
       103   RobustScaler GradientBoosting                  0:00:26       0.1292    0.1288
       104   MaxAbsScaler ExtremeRandomTrees                0:00:24       0.1288    0.1288
       105   StandardScalerWrapper RandomForest             0:00:33       0.1291    0.1288
       106   WARNING - Retrying (Retry(total=2, connect=None, read=None, redirect=None, status=None)) after connection broken by 'ProtocolError('Connection aborted.', ConnectionResetError(104, 'Connection reset by peer'))': /azureml/ExperimentRun/dcid.AutoML_21e53133-57e1-4908-9ece-8554e5f63f4a_106/outputs/conda_env_v_1_0_0.yml?sv=2019-02-02&sr=b&sig=nAA3ZdHQdE%2BEarXm3MvzKfTiPzhTGs%2FIOwhV3zYjn4M%3D&st=2021-01-21T09%3A40%3A01Z&se=2021-01-22T09%3A50%3A01Z&sp=rcw&comp=block&blockid=TURBd01EQXdNREF3TURBd01EQXdNREF3TURBd01EQXdNREF3TURBd01EQSUzRA%3D%3D&timeout=30
StandardScalerWrapper GradientBoosting         0:00:43       0.1302    0.1288
       107   StandardScalerWrapper RandomForest             0:00:29       0.1301    0.1288
       108   MaxAbsScaler RandomForest                      0:00:22       0.1295    0.1288
       109   RobustScaler GradientBoosting                  0:00:18       0.1290    0.1288
       110   MinMaxScaler RandomForest                      0:01:11       0.1293    0.1288
       111   MinMaxScaler ExtremeRandomTrees                0:00:21       0.1294    0.1288
       112   MaxAbsScaler RandomForest                      0:00:48       0.1290    0.1288
       113   MaxAbsScaler GradientBoosting                  0:00:29       0.1299    0.1288
       114   MaxAbsScaler RandomForest                      0:00:25       0.1300    0.1288
       115   MinMaxScaler RandomForest                      0:00:22       0.1299    0.1288
       116   MaxAbsScaler RandomForest                      0:00:19       0.1291    0.1288
       117   StandardScalerWrapper RandomForest             0:00:26       0.1298    0.1288
       118   StandardScalerWrapper RandomForest             0:00:26       0.1291    0.1288
       119   WARNING - Retrying (Retry(total=2, connect=None, read=None, redirect=None, status=None)) after connection broken by 'ProtocolError('Connection aborted.', ConnectionResetError(104, 'Connection reset by peer'))': /azureml/ExperimentRun/dcid.AutoML_21e53133-57e1-4908-9ece-8554e5f63f4a_119/outputs/pipeline_graph.json?sv=2019-02-02&sr=b&sig=PFJsUI84V4e%2FiLV9t1oLlJxJMBUg5yK9qtlFK7PDwKA%3D&st=2021-01-21T09%3A46%3A22Z&se=2021-01-22T09%3A56%3A22Z&sp=rcw&comp=block&blockid=TURBd01EQXdNREF3TURBd01EQXdNREF3TURBd01EQXdNREF3TURBd01EQSUzRA%3D%3D&timeout=30
RobustScaler RandomForest                      0:00:24       0.1291    0.1288
       120   StandardScalerWrapper RandomForest             0:00:27       0.1289    0.1288
       121   StandardScalerWrapper GradientBoosting         0:00:22       0.1296    0.1288
       122   StandardScalerWrapper RandomForest             0:00:18       0.1290    0.1288
       123   RobustScaler RandomForest                      0:00:23       0.1291    0.1288
       124   RobustScaler GradientBoosting                  0:00:20       0.1303    0.1288
       125   MinMaxScaler RandomForest                      0:01:14       0.1290    0.1288
       126   StandardScalerWrapper RandomForest             0:00:32       0.1289    0.1288
       127   StandardScalerWrapper RandomForest             0:00:20       0.1294    0.1288
       128   RobustScaler ExtremeRandomTrees                0:00:38       0.1292    0.1288
       129   StandardScalerWrapper GradientBoosting         0:00:24       0.1292    0.1288
       130   StandardScalerWrapper RandomForest             0:00:26       0.1290    0.1288
       131   StandardScalerWrapper ElasticNet               0:00:18       0.1324    0.1288
       132   StandardScalerWrapper ExtremeRandomTrees       0:00:21       0.1291    0.1288
       133   MinMaxScaler RandomForest                      0:00:24       0.1296    0.1288
       134   RobustScaler LassoLars                         0:00:17       0.1324    0.1288
       135   RobustScaler RandomForest                      0:00:31       0.1289    0.1288
       136   RobustScaler GradientBoosting                  0:00:25       0.1292    0.1288
       137   StandardScalerWrapper ExtremeRandomTrees       0:00:25       0.1289    0.1288
       138   StandardScalerWrapper RandomForest             0:00:25       0.1294    0.1288
       139   RobustScaler RandomForest                      0:00:27       0.1293    0.1288
       140   StandardScalerWrapper RandomForest             0:00:27       0.1290    0.1288
       141   RobustScaler GradientBoosting                  0:00:19       0.1294    0.1288
       142   StandardScalerWrapper RandomForest             0:00:21       0.1294    0.1288
       143   MaxAbsScaler RandomForest                      0:00:19       0.1290    0.1288
       144   RobustScaler ExtremeRandomTrees                0:00:21       0.1291    0.1288
       145   SparseNormalizer RandomForest                  0:00:50       0.1295    0.1288
       146   StandardScalerWrapper RandomForest             0:00:28       0.1292    0.1288
       147   StandardScalerWrapper RandomForest             0:00:27       0.1297    0.1288
       148   StandardScalerWrapper GradientBoosting         0:00:26       0.1299    0.1288
       149   RobustScaler RandomForest                      0:00:19       0.1289    0.1288
       150   SparseNormalizer RandomForest                  0:00:26       0.1293    0.1288
       151   StandardScalerWrapper ElasticNet               0:00:22       0.1324    0.1288
       152   MinMaxScaler RandomForest                      0:00:24       0.1297    0.1288
       153   MinMaxScaler RandomForest                      0:00:29       0.1318    0.1288
       154   MinMaxScaler GradientBoosting                  0:00:27       0.1289    0.1288
       155   StandardScalerWrapper RandomForest             0:00:26       0.1290    0.1288
       156   MinMaxScaler GradientBoosting                  0:00:59       0.1290    0.1288
       157   StandardScalerWrapper RandomForest             0:00:23       0.1292    0.1288
       158   MaxAbsScaler GradientBoosting                  0:00:26       0.1290    0.1288
       159   MinMaxScaler DecisionTree                      0:00:17       0.1306    0.1288
       160   StandardScalerWrapper RandomForest             0:00:21       0.1290    0.1288
       161   StandardScalerWrapper GradientBoosting         0:00:24       0.1291    0.1288
       162   MaxAbsScaler RandomForest                      0:00:23       0.1293    0.1288
       163   RobustScaler RandomForest                      0:00:19       0.1294    0.1288
       164   RobustScaler RandomForest                      0:00:18       0.1291    0.1288
       165   MinMaxScaler RandomForest                      0:00:26       0.1296    0.1288
       166   MinMaxScaler GradientBoosting                  0:00:26       0.1301    0.1288
       167   StandardScalerWrapper ExtremeRandomTrees       0:00:25       0.1288    0.1288
       168   StandardScalerWrapper GradientBoosting         0:00:24       0.1289    0.1288
       169   StandardScalerWrapper ElasticNet               0:00:17       0.1324    0.1288
       170   StandardScalerWrapper ExtremeRandomTrees       0:01:30       0.1288    0.1288
       171   RobustScaler RandomForest                      0:00:31       0.1309    0.1288
       172   RobustScaler RandomForest                      0:00:28       0.1304    0.1288
       173   StandardScalerWrapper RandomForest             0:00:19       0.1292    0.1288
       174   StandardScalerWrapper RandomForest             0:00:22       0.1297    0.1288
       175   MinMaxScaler ExtremeRandomTrees                0:00:33       0.1288    0.1288
       176   StandardScalerWrapper GradientBoosting         0:00:20       0.1290    0.1288
       177   MinMaxScaler RandomForest                      0:00:19       0.1292    0.1288
       178   MaxAbsScaler RandomForest                      0:00:38       0.1306    0.1288
       179   StandardScalerWrapper GradientBoosting         0:00:24       0.1290    0.1288
       180   RobustScaler ExtremeRandomTrees                0:00:27       0.1291    0.1288
       181   StandardScalerWrapper RandomForest             0:00:24       0.1290    0.1288
       182   MinMaxScaler RandomForest                      0:00:20       0.1297    0.1288
       183   StandardScalerWrapper GradientBoosting         0:00:21       0.1291    0.1288
       184   MaxAbsScaler RandomForest                      0:00:24       0.1289    0.1288
       185   RobustScaler ExtremeRandomTrees                0:00:19       0.1291    0.1288
       186   StandardScalerWrapper GradientBoosting         0:00:47       0.1298    0.1288
       187   MaxAbsScaler RandomForest                      0:00:25       0.1290    0.1288
       188   StandardScalerWrapper GradientBoosting         0:00:18       0.1293    0.1288
       189   StandardScalerWrapper RandomForest             0:00:20       0.1304    0.1288
       190   RobustScaler ExtremeRandomTrees                0:00:23       0.1300    0.1288
       191   StandardScalerWrapper GradientBoosting         0:00:18       0.1291    0.1288
       192   MinMaxScaler GradientBoosting                  0:00:32       0.1293    0.1288
       193   RobustScaler ElasticNet                        0:00:17       0.1324    0.1288
       194   MinMaxScaler ExtremeRandomTrees                0:00:22       0.1289    0.1288
       195   StandardScalerWrapper ExtremeRandomTrees       0:00:21       0.1293    0.1288
       196   MinMaxScaler GradientBoosting                  0:00:42       0.1292    0.1288
       197   StandardScalerWrapper GradientBoosting         0:00:23       0.1312    0.1288
       198   StandardScalerWrapper RandomForest             0:00:19       0.1291    0.1288
       199   RobustScaler GradientBoosting                  0:00:21       0.1291    0.1288
       200   MaxAbsScaler ExtremeRandomTrees                0:00:24       0.1288    0.1288
       201   MaxAbsScaler GradientBoosting                  0:01:17       0.1303    0.1288
       202   StandardScalerWrapper GradientBoosting         0:00:21       0.1288    0.1288
       203   MaxAbsScaler RandomForest                      0:00:21       0.1307    0.1288
       204   StandardScalerWrapper RandomForest             0:00:20       0.1293    0.1288
       205   SparseNormalizer ExtremeRandomTrees            0:00:24       0.1298    0.1288
       206   MinMaxScaler RandomForest                      0:00:39       0.1307    0.1288
       207   MinMaxScaler GradientBoosting                  0:00:32       0.1291    0.1288
       208   MinMaxScaler RandomForest                      0:00:22       0.1305    0.1288
       209   MaxAbsScaler RandomForest                      0:00:21       0.1291    0.1288
       210   RobustScaler ExtremeRandomTrees                0:00:50       0.1292    0.1288
       211   RobustScaler GradientBoosting                  0:00:32       0.1292    0.1288
       212   MinMaxScaler RandomForest                      0:00:27       0.1295    0.1288
       213   RobustScaler ExtremeRandomTrees                0:00:51       0.1290    0.1288
       214   RobustScaler RandomForest                      0:00:19       0.1292    0.1288
       215   MinMaxScaler ExtremeRandomTrees                0:00:48       0.1289    0.1288
       216   MinMaxScaler RandomForest                      0:00:20       0.1289    0.1288
       217   StandardScalerWrapper RandomForest             0:00:23       0.1289    0.1288
       218   StandardScalerWrapper RandomForest             0:00:39       0.1299    0.1288
       219   MaxAbsScaler RandomForest                      0:00:21       0.1292    0.1288
       220   MinMaxScaler ExtremeRandomTrees                0:00:20       0.1290    0.1288
       221   MaxAbsScaler RandomForest                      0:00:25       0.1288    0.1288
       222   StandardScalerWrapper RandomForest             0:00:42       0.1297    0.1288
       223   StandardScalerWrapper ExtremeRandomTrees       0:00:19       0.1290    0.1288
       224   WARNING - Retrying (Retry(total=2, connect=None, read=None, redirect=None, status=None)) after connection broken by 'ProtocolError('Connection aborted.', ConnectionResetError(104, 'Connection reset by peer'))': /azureml/ExperimentRun/dcid.AutoML_21e53133-57e1-4908-9ece-8554e5f63f4a_224/outputs/conda_env_v_1_0_0.yml?sv=2019-02-02&sr=b&sig=R45DkPCTKw2ESNr%2BKBuRlgnnBndSxKAA2QGEA5ecFJQ%3D&st=2021-01-21T10%3A35%3A10Z&se=2021-01-22T10%3A45%3A10Z&sp=rcw&comp=block&blockid=TURBd01EQXdNREF3TURBd01EQXdNREF3TURBd01EQXdNREF3TURBd01EQSUzRA%3D%3D&timeout=30
StandardScalerWrapper RandomForest             0:00:31       0.1333    0.1288
       225   StandardScalerWrapper ExtremeRandomTrees       0:00:22       0.1288    0.1288
       226   MaxAbsScaler RandomForest                      0:00:29       0.1302    0.1288
       227   StandardScalerWrapper RandomForest             0:00:20       0.1289    0.1288
       228   StandardScalerWrapper RandomForest             0:00:31       0.1303    0.1288
       229   StandardScalerWrapper RandomForest             0:00:25       0.1291    0.1288
       230   RobustScaler ExtremeRandomTrees                0:00:21       0.1293    0.1288
       231   MinMaxScaler RandomForest                      0:00:19       0.1289    0.1288
       232   MaxAbsScaler DecisionTree                      0:00:22       0.1328    0.1288
       233   RobustScaler RandomForest                      0:00:24       0.1301    0.1288
       234   StandardScalerWrapper DecisionTree             0:00:24       0.1299    0.1288
       235   StandardScalerWrapper ExtremeRandomTrees       0:00:23       0.1290    0.1288
       236   StandardScalerWrapper DecisionTree             0:00:23       0.1296    0.1288
       237   RobustScaler ElasticNet                        0:00:17       0.1324    0.1288
       238   MinMaxScaler RandomForest                      0:00:19       0.1309    0.1288
       239   MinMaxScaler DecisionTree                      0:00:18       0.1304    0.1288
       240   SparseNormalizer ExtremeRandomTrees            0:00:21       0.1291    0.1288
       241   MaxAbsScaler RandomForest                      0:00:40       0.1304    0.1288
       242   StandardScalerWrapper ElasticNet               0:00:17       0.1324    0.1288
       243   RobustScaler DecisionTree                      0:00:22       0.1304    0.1288
       244   StandardScalerWrapper DecisionTree             0:00:17       0.1293    0.1288
       245   SparseNormalizer ExtremeRandomTrees            0:00:28       0.1288    0.1288
       246   RobustScaler RandomForest                      0:00:24       0.1305    0.1288
       247   RobustScaler DecisionTree                      0:00:17       0.1316    0.1288
       248   MinMaxScaler DecisionTree                      0:00:17       0.1306    0.1288
       249   MinMaxScaler DecisionTree                      0:00:17       0.1315    0.1288
       250   TruncatedSVDWrapper ExtremeRandomTrees         0:00:35       0.1292    0.1288
       251   RobustScaler DecisionTree                      0:00:18       0.1310    0.1288
       252   StandardScalerWrapper DecisionTree             0:00:22       0.1304    0.1288
       253   RobustScaler RandomForest                      0:00:19       0.1313    0.1288
       254   StandardScalerWrapper LightGBM                 0:00:17       0.1292    0.1288
       255   RobustScaler ExtremeRandomTrees                0:00:26       0.1289    0.1288
       256   StandardScalerWrapper RandomForest             0:00:20       0.1296    0.1288
       257   RobustScaler RandomForest                      0:00:19       0.1289    0.1288
       258   StandardScalerWrapper RandomForest             0:00:21       0.1322    0.1288
       259   StandardScalerWrapper ElasticNet               0:00:22       0.1322    0.1288
       260   MinMaxScaler ExtremeRandomTrees                0:00:21       0.1288    0.1288
       261   StandardScalerWrapper RandomForest             0:00:27       0.1305    0.1288
       262   StandardScalerWrapper DecisionTree             0:00:18       0.1295    0.1288
       263   RobustScaler RandomForest                      0:00:19       0.1294    0.1288
       264   RobustScaler RandomForest                      0:00:24       0.1292    0.1288
       265   StandardScalerWrapper ExtremeRandomTrees       0:00:26       0.1288    0.1288
       266   StandardScalerWrapper ExtremeRandomTrees       0:00:21       0.1288    0.1288
       267   MinMaxScaler ExtremeRandomTrees                0:00:29       0.1292    0.1288
       268   StandardScalerWrapper RandomForest             0:00:21       0.1309    0.1288
       269   RobustScaler RandomForest                      0:00:19       0.1302    0.1288
       270   MinMaxScaler ExtremeRandomTrees                0:00:30       0.1290    0.1288
       271   RobustScaler RandomForest                      0:00:26       0.1292    0.1288
       272   StandardScalerWrapper RandomForest             0:00:24       0.1323    0.1288
       273   StandardScalerWrapper ExtremeRandomTrees       0:00:25       0.1291    0.1288
       274   RobustScaler ExtremeRandomTrees                0:00:21       0.1295    0.1288
       275   StandardScalerWrapper ExtremeRandomTrees       0:00:21       0.1289    0.1288
       276   StandardScalerWrapper ExtremeRandomTrees       0:00:19       0.1292    0.1288
       277   MinMaxScaler RandomForest                      0:00:21       0.1294    0.1288
       278   MinMaxScaler ExtremeRandomTrees                0:00:30       0.1291    0.1288
       279   MinMaxScaler RandomForest                      0:00:22       0.1298    0.1288
       280   MinMaxScaler ExtremeRandomTrees                0:00:30       0.1292    0.1288
       281   StandardScalerWrapper RandomForest             0:00:22       0.1295    0.1288
       282   StandardScalerWrapper ExtremeRandomTrees       0:00:22       0.1291    0.1288
       283   StandardScalerWrapper RandomForest             0:00:27       0.1295    0.1288
       284   StandardScalerWrapper RandomForest             0:00:27       0.1291    0.1288
       285   RobustScaler ExtremeRandomTrees                0:01:05       0.1290    0.1288
       286   RobustScaler RandomForest                      0:00:24       0.1292    0.1288
       287   StandardScalerWrapper RandomForest             0:00:26       0.1293    0.1288
       288   StandardScalerWrapper ExtremeRandomTrees       0:00:24       0.1293    0.1288
       289   RobustScaler RandomForest                      0:00:20       0.1318    0.1288
       290   MaxAbsScaler ExtremeRandomTrees                0:00:28       0.1290    0.1288
       291   StandardScalerWrapper RandomForest             0:00:19       0.1291    0.1288
       292   RobustScaler RandomForest                      0:00:20       0.1296    0.1288
       293   RobustScaler ExtremeRandomTrees                0:00:31       0.1292    0.1288
       294   MinMaxScaler ExtremeRandomTrees                0:00:29       0.1289    0.1288
       295   WARNING - Retrying (Retry(total=2, connect=None, read=None, redirect=None, status=None)) after connection broken by 'ProtocolError('Connection aborted.', ConnectionResetError(104, 'Connection reset by peer'))': /azureml/ExperimentRun/dcid.AutoML_21e53133-57e1-4908-9ece-8554e5f63f4a_295/outputs/env_dependencies.json?sv=2019-02-02&sr=b&sig=bmFz%2BP3lGrLTSDqlUCEe6giIQWQ8z1BY5HCifx8sPsw%3D&st=2021-01-21T11%3A04%3A04Z&se=2021-01-22T11%3A14%3A04Z&sp=rcw&comp=block&blockid=TURBd01EQXdNREF3TURBd01EQXdNREF3TURBd01EQXdNREF3TURBd01EQSUzRA%3D%3D&timeout=30
TruncatedSVDWrapper ExtremeRandomTrees         0:00:49       0.1292    0.1288
       296   StandardScalerWrapper RandomForest             0:00:20       0.1312    0.1288
       297   MinMaxScaler ExtremeRandomTrees                0:00:18       0.1293    0.1288
       298   MinMaxScaler ExtremeRandomTrees                0:00:26       0.1290    0.1288
       299   RobustScaler ExtremeRandomTrees                0:00:24       0.1291    0.1288
       300   MinMaxScaler ExtremeRandomTrees                0:00:33       0.1288    0.1288
       301   RobustScaler ExtremeRandomTrees                0:00:27       0.1303    0.1288
       302   StandardScalerWrapper RandomForest             0:00:27       0.1292    0.1288
       303   StandardScalerWrapper ExtremeRandomTrees       0:00:22       0.1289    0.1288
       304   StandardScalerWrapper RandomForest             0:00:19       0.1305    0.1288
       305   StandardScalerWrapper ExtremeRandomTrees       0:00:20       0.1293    0.1288
       306   RobustScaler RandomForest                      0:00:19       0.1290    0.1288
       307   MinMaxScaler RandomForest                      0:00:20       0.1324    0.1288
       308   RobustScaler ExtremeRandomTrees                0:00:19       0.1299    0.1288
       309   MinMaxScaler RandomForest                      0:00:19       0.1290    0.1288
       310   StandardScalerWrapper ExtremeRandomTrees       0:00:27       0.1288    0.1288
       311   RobustScaler ExtremeRandomTrees                0:00:23       0.1288    0.1288
       312   MinMaxScaler ExtremeRandomTrees                0:00:23       0.1289    0.1288
       313   RobustScaler RandomForest                      0:00:25       0.1300    0.1288
       314   MinMaxScaler ExtremeRandomTrees                0:00:21       0.1289    0.1288
       315   MinMaxScaler ExtremeRandomTrees                0:00:25       0.1288    0.1288
       316   MinMaxScaler RandomForest                      0:00:19       0.1291    0.1288
       317   MinMaxScaler ExtremeRandomTrees                0:00:27       0.1292    0.1288
       318   MinMaxScaler ExtremeRandomTrees                0:00:20       0.1289    0.1288
       319   MinMaxScaler ExtremeRandomTrees                0:00:29       0.1290    0.1288
       320   StandardScalerWrapper ExtremeRandomTrees       0:00:36       0.1289    0.1288
       321   MinMaxScaler ExtremeRandomTrees                0:00:19       0.1288    0.1288
       322   RobustScaler ExtremeRandomTrees                0:00:23       0.1291    0.1288
       323   StandardScalerWrapper ExtremeRandomTrees       0:00:21       0.1288    0.1288
       324   RobustScaler ExtremeRandomTrees                0:00:27       0.1289    0.1288
       325   StandardScalerWrapper ExtremeRandomTrees       0:00:24       0.1291    0.1288
       326   RobustScaler ExtremeRandomTrees                0:00:33       0.1292    0.1288
       327   StandardScalerWrapper ExtremeRandomTrees       0:00:33       0.1296    0.1288
       328   MinMaxScaler GradientBoosting                  0:00:25       0.1289    0.1288
       329   StandardScalerWrapper RandomForest             0:00:29       0.1289    0.1288
       330   MinMaxScaler ExtremeRandomTrees                0:00:26       0.1292    0.1288
       331   StandardScalerWrapper RandomForest             0:00:19       0.1293    0.1288
       332   MinMaxScaler ExtremeRandomTrees                0:00:25       0.1294    0.1288
       333   RobustScaler ExtremeRandomTrees                0:00:25       0.1293    0.1288
       334   StandardScalerWrapper RandomForest             0:00:24       0.1289    0.1288
       335   StandardScalerWrapper ExtremeRandomTrees       0:00:25       0.1289    0.1288
       336   StandardScalerWrapper RandomForest             0:00:21       0.1297    0.1288
       337   MinMaxScaler RandomForest                      0:00:19       0.1291    0.1288
       338   StandardScalerWrapper ExtremeRandomTrees       0:00:20       0.1290    0.1288
       339   StandardScalerWrapper ExtremeRandomTrees       0:00:18       0.1291    0.1288
       340   StandardScalerWrapper ExtremeRandomTrees       0:00:22       0.1292    0.1288
       341   RobustScaler ExtremeRandomTrees                0:00:23       0.1304    0.1288
       342   MinMaxScaler ExtremeRandomTrees                0:00:21       0.1294    0.1288
       343   RobustScaler RandomForest                      0:00:20       0.1290    0.1288
       344   MinMaxScaler RandomForest                      0:00:29       0.1291    0.1288
       345   SparseNormalizer ExtremeRandomTrees            0:00:25       0.1296    0.1288
       346   StandardScalerWrapper RandomForest             0:00:27       0.1295    0.1288
       347   MinMaxScaler RandomForest                      0:00:30       0.1289    0.1288
       348   RobustScaler ExtremeRandomTrees                0:00:20       0.1289    0.1288
       349   StandardScalerWrapper ExtremeRandomTrees       0:00:19       0.1290    0.1288
       350   RobustScaler ExtremeRandomTrees                0:00:24       0.1287    0.1287
       351   MinMaxScaler ExtremeRandomTrees                0:00:21       0.1296    0.1287
       352   RobustScaler RandomForest                      0:00:26       0.1291    0.1287
       353   RobustScaler RandomForest                      0:00:25       0.1289    0.1287
       354   MinMaxScaler ExtremeRandomTrees                0:00:30       0.1290    0.1287
       355   RobustScaler ExtremeRandomTrees                0:00:22       0.1289    0.1287
       356   StandardScalerWrapper ExtremeRandomTrees       0:00:24       0.1289    0.1287
       357   RobustScaler ExtremeRandomTrees                0:00:20       0.1292    0.1287
       358   MinMaxScaler ExtremeRandomTrees                0:00:22       0.1292    0.1287
       359   StandardScalerWrapper RandomForest             0:00:25       0.1291    0.1287
       360   SparseNormalizer ExtremeRandomTrees            0:00:41       0.1293    0.1287
       361   StandardScalerWrapper RandomForest             0:00:39       0.1290    0.1287
       362   StandardScalerWrapper RandomForest             0:00:20       0.1292    0.1287
       363   StandardScalerWrapper RandomForest             0:00:31       0.1295    0.1287
       364   StandardScalerWrapper ExtremeRandomTrees       0:00:25       0.1290    0.1287
       365   RobustScaler ExtremeRandomTrees                0:00:33       0.1289    0.1287
       366   StandardScalerWrapper ExtremeRandomTrees       0:00:29       0.1288    0.1287
       367   StandardScalerWrapper ExtremeRandomTrees       0:00:27       0.1295    0.1287
       368   StandardScalerWrapper ExtremeRandomTrees       0:00:19       0.1288    0.1287
       369   StandardScalerWrapper RandomForest             0:00:22       0.1289    0.1287
       370   RobustScaler ExtremeRandomTrees                0:00:41       0.1292    0.1287
       371   StandardScalerWrapper ExtremeRandomTrees       0:00:19       0.1292    0.1287
       372   StandardScalerWrapper RandomForest             0:00:21       0.1289    0.1287
       373   MinMaxScaler ExtremeRandomTrees                0:00:26       0.1290    0.1287
       374   MinMaxScaler ExtremeRandomTrees                0:00:21       0.1288    0.1287
       375   RobustScaler ExtremeRandomTrees                0:00:21       0.1289    0.1287
       376   MinMaxScaler LightGBM                          0:00:24       0.1293    0.1287
       377   MinMaxScaler ExtremeRandomTrees                0:00:27       0.1292    0.1287
       378   MinMaxScaler RandomForest                      0:00:21       0.1290    0.1287
       379   StandardScalerWrapper RandomForest             0:00:27       0.1298    0.1287
       380   StandardScalerWrapper ExtremeRandomTrees       0:01:05       0.1288    0.1287
       381   StandardScalerWrapper ExtremeRandomTrees       0:00:34       0.1288    0.1287
       382   StandardScalerWrapper ExtremeRandomTrees       0:00:27       0.1289    0.1287
       383   StandardScalerWrapper ExtremeRandomTrees       0:00:30       0.1292    0.1287
       384   StandardScalerWrapper GradientBoosting         0:00:19       0.1291    0.1287
       385   MinMaxScaler ExtremeRandomTrees                0:00:36       0.1289    0.1287
       386   RobustScaler ExtremeRandomTrees                0:00:23       0.1288    0.1287
       387   WARNING - Retrying (Retry(total=2, connect=None, read=None, redirect=None, status=None)) after connection broken by 'ProtocolError('Connection aborted.', ConnectionResetError(104, 'Connection reset by peer'))': /azureml/ExperimentRun/dcid.AutoML_21e53133-57e1-4908-9ece-8554e5f63f4a_387/outputs/model.pkl?sv=2019-02-02&sr=b&sig=XUAiuDOsY8FywyspctPIh6dseJLGvEa0Dak8aYt3MLU%3D&st=2021-01-21T11%3A43%3A35Z&se=2021-01-22T11%3A53%3A35Z&sp=rcw&comp=block&blockid=TURBd01EQXdNREF3TURBd01EQXdNREF3TURBd01EQXdNRFF4T1RRek1EUSUzRA%3D%3D&timeout=30
MinMaxScaler ExtremeRandomTrees                0:00:26       0.1290    0.1287
       388   RobustScaler ExtremeRandomTrees                0:00:22       0.1290    0.1287
       389   StandardScalerWrapper ExtremeRandomTrees       0:00:26       0.1294    0.1287
       390   MinMaxScaler ExtremeRandomTrees                0:00:26       0.1287    0.1287
       391   MinMaxScaler ExtremeRandomTrees                0:00:32       0.1288    0.1287
       392   WARNING - Retrying (Retry(total=2, connect=None, read=None, redirect=None, status=None)) after connection broken by 'ProtocolError('Connection aborted.', ConnectionResetError(104, 'Connection reset by peer'))': /azureml/ExperimentRun/dcid.AutoML_21e53133-57e1-4908-9ece-8554e5f63f4a_392/outputs/scoring_file_v_1_0_0.py?sv=2019-02-02&sr=b&sig=rzFYmwXykoJNnnhfoq3R6dYNEyxUeyApS59KBWV2xLs%3D&st=2021-01-21T11%3A45%3A53Z&se=2021-01-22T11%3A55%3A53Z&sp=rcw&comp=block&blockid=TURBd01EQXdNREF3TURBd01EQXdNREF3TURBd01EQXdNREF3TURBd01EQSUzRA%3D%3D&timeout=30
WARNING - Retrying (Retry(total=2, connect=None, read=None, redirect=None, status=None)) after connection broken by 'ProtocolError('Connection aborted.', ConnectionResetError(104, 'Connection reset by peer'))': /azureml/ExperimentRun/dcid.AutoML_21e53133-57e1-4908-9ece-8554e5f63f4a_392/outputs/model.pkl?sv=2019-02-02&sr=b&sig=43TEfF73%2BYBUghmr7ef8YYA5%2BFPXrwvy1RfoIgU1zeM%3D&st=2021-01-21T11%3A45%3A53Z&se=2021-01-22T11%3A55%3A53Z&sp=rcw&comp=block&blockid=TURBd01EQXdNREF3TURBd01EQXdNREF3TURBd01EQXdNRFF4T1RRek1EUSUzRA%3D%3D&timeout=30
RobustScaler RandomForest                      0:00:33       0.1291    0.1287
       393   RobustScaler RandomForest                      0:00:32       0.1289    0.1287
       394   RobustScaler ExtremeRandomTrees                0:00:24       0.1289    0.1287
       395   StandardScalerWrapper ExtremeRandomTrees       0:00:22       0.1290    0.1287
       396   MinMaxScaler ExtremeRandomTrees                0:00:21       0.1290    0.1287
       397   RobustScaler ExtremeRandomTrees                0:00:25       0.1288    0.1287
       398   MinMaxScaler ExtremeRandomTrees                0:00:27       0.1288    0.1287
       399   MinMaxScaler RandomForest                      0:00:25       0.1289    0.1287
       400   RobustScaler ExtremeRandomTrees                0:00:26       0.1288    0.1287
       401   MinMaxScaler ExtremeRandomTrees                0:00:21       0.1292    0.1287
       402   RobustScaler ExtremeRandomTrees                0:00:31       0.1288    0.1287
       403   StandardScalerWrapper ExtremeRandomTrees       0:00:30       0.1291    0.1287
       404   MinMaxScaler ExtremeRandomTrees                0:00:29       0.1289    0.1287
       405   StandardScalerWrapper ExtremeRandomTrees       0:00:25       0.1288    0.1287
       406   RobustScaler RandomForest                      0:00:22       0.1292    0.1287
       407   StandardScalerWrapper ExtremeRandomTrees       0:00:22       0.1288    0.1287
       408   RobustScaler ExtremeRandomTrees                0:00:25       0.1290    0.1287
       409   RobustScaler RandomForest                      0:00:25       0.1289    0.1287
       410   RobustScaler ExtremeRandomTrees                0:00:22       0.1290    0.1287
       411   StandardScalerWrapper RandomForest             0:00:20       0.1289    0.1287
       412   WARNING - Retrying (Retry(total=2, connect=None, read=None, redirect=None, status=None)) after connection broken by 'ProtocolError('Connection aborted.', ConnectionResetError(104, 'Connection reset by peer'))': /azureml/ExperimentRun/dcid.AutoML_21e53133-57e1-4908-9ece-8554e5f63f4a_412/outputs/env_dependencies.json?sv=2019-02-02&sr=b&sig=r8QcvsQ0I6XNOd9qhhAnjZfrd4%2Bp1YIAB%2BUD8Vf2ARM%3D&st=2021-01-21T11%3A54%3A29Z&se=2021-01-22T12%3A04%3A29Z&sp=rcw&comp=block&blockid=TURBd01EQXdNREF3TURBd01EQXdNREF3TURBd01EQXdNREF3TURBd01EQSUzRA%3D%3D&timeout=30
MinMaxScaler ExtremeRandomTrees                0:00:25       0.1289    0.1287
       413   RobustScaler RandomForest                      0:00:26       0.1292    0.1287
       414   StandardScalerWrapper ExtremeRandomTrees       0:00:31       0.1288    0.1287
       415   MinMaxScaler ExtremeRandomTrees                0:00:20       0.1290    0.1287
       416   RobustScaler ExtremeRandomTrees                0:00:19       0.1290    0.1287
       417   MinMaxScaler ExtremeRandomTrees                0:00:21       0.1290    0.1287
       418   MinMaxScaler ExtremeRandomTrees                0:00:25       0.1289    0.1287
       419   StandardScalerWrapper ExtremeRandomTrees       0:00:28       0.1288    0.1287
       420   StandardScalerWrapper ExtremeRandomTrees       0:00:34       0.1291    0.1287
       421   StandardScalerWrapper ExtremeRandomTrees       0:00:21       0.1290    0.1287
       422   RobustScaler ExtremeRandomTrees                0:00:25       0.1288    0.1287
       423   RobustScaler ExtremeRandomTrees                0:00:24       0.1290    0.1287
       424   MinMaxScaler RandomForest                      0:00:27       0.1292    0.1287
       425   MinMaxScaler ExtremeRandomTrees                0:00:26       0.1289    0.1287
       426   StandardScalerWrapper ExtremeRandomTrees       0:00:25       0.1297    0.1287
       427   MinMaxScaler RandomForest                      0:00:19       0.1292    0.1287
       428   StandardScalerWrapper RandomForest             0:00:25       0.1289    0.1287
       429   MinMaxScaler ExtremeRandomTrees                0:00:26       0.1290    0.1287
       430   MinMaxScaler ExtremeRandomTrees                0:00:29       0.1289    0.1287
       431   MinMaxScaler RandomForest                      0:00:30       0.1293    0.1287
       432   StandardScalerWrapper GradientBoosting         0:00:21       0.1289    0.1287
       433   MinMaxScaler RandomForest                      0:00:21       0.1289    0.1287
       434   StandardScalerWrapper ExtremeRandomTrees       0:00:24       0.1288    0.1287
       435   RobustScaler ExtremeRandomTrees                0:00:24       0.1288    0.1287
       436   WARNING - Retrying (Retry(total=2, connect=None, read=None, redirect=None, status=None)) after connection broken by 'ProtocolError('Connection aborted.', ConnectionResetError(104, 'Connection reset by peer'))': /azureml/ExperimentRun/dcid.AutoML_21e53133-57e1-4908-9ece-8554e5f63f4a_436/outputs/model.pkl?sv=2019-02-02&sr=b&sig=hi5Zl%2BaEgSXvV2Fry96MJba6wkjyk2SdrPZQWm2zVcI%3D&st=2021-01-21T12%3A04%3A43Z&se=2021-01-22T12%3A14%3A43Z&sp=rcw&comp=block&blockid=TURBd01EQXdNREF3TURBd01EQXdNREF3TURBd01EQXdNREF3TURBd01EQSUzRA%3D%3D&timeout=30
StandardScalerWrapper ExtremeRandomTrees       0:00:35       0.1288    0.1287
       437   StandardScalerWrapper ExtremeRandomTrees       0:00:20       0.1288    0.1287
       438   MinMaxScaler ExtremeRandomTrees                0:00:25       0.1288    0.1287
       439   StandardScalerWrapper ExtremeRandomTrees       0:00:24       0.1288    0.1287
       440   RobustScaler ExtremeRandomTrees                0:00:26       0.1287    0.1287
       441   MinMaxScaler ExtremeRandomTrees                0:00:19       0.1293    0.1287
       442   StandardScalerWrapper RandomForest             0:00:29       0.1289    0.1287
       443   StandardScalerWrapper ExtremeRandomTrees       0:00:20       0.1288    0.1287
       444   RobustScaler GradientBoosting                  0:00:23       0.1289    0.1287
       445   MinMaxScaler ExtremeRandomTrees                0:00:21       0.1288    0.1287
       446   MinMaxScaler RandomForest                      0:00:24       0.1291    0.1287
       447   StandardScalerWrapper RandomForest             0:00:20       0.1290    0.1287
       448   RobustScaler ExtremeRandomTrees                0:00:27       0.1288    0.1287
       449   StandardScalerWrapper RandomForest             0:00:34       0.1290    0.1287
       450   MinMaxScaler ExtremeRandomTrees                0:00:23       0.1288    0.1287
       451   MinMaxScaler ExtremeRandomTrees                0:00:21       0.1292    0.1287
       452   MinMaxScaler RandomForest                      0:00:20       0.1291    0.1287
       453   RobustScaler ExtremeRandomTrees                0:00:25       0.1288    0.1287
       454   RobustScaler ExtremeRandomTrees                0:00:20       0.1288    0.1287
       455   RobustScaler ExtremeRandomTrees                0:00:27       0.1289    0.1287
       456   StandardScalerWrapper RandomForest             0:00:24       0.1288    0.1287
       457   MinMaxScaler RandomForest                      0:00:20       0.1292    0.1287
       458   MinMaxScaler RandomForest                      0:00:25       0.1291    0.1287
       459   MinMaxScaler ExtremeRandomTrees                0:00:22       0.1295    0.1287
       460   MinMaxScaler ExtremeRandomTrees                0:00:24       0.1292    0.1287
       461   MinMaxScaler RandomForest                      0:00:21       0.1288    0.1287
       462   MinMaxScaler ExtremeRandomTrees                0:00:19       0.1288    0.1287
       463   StandardScalerWrapper ExtremeRandomTrees       0:00:21       0.1290    0.1287
       464   StandardScalerWrapper RandomForest             0:00:27       0.1295    0.1287
       465   RobustScaler ExtremeRandomTrees                0:00:23       0.1288    0.1287
       466   MinMaxScaler ExtremeRandomTrees                0:00:23       0.1288    0.1287
       467   RobustScaler ExtremeRandomTrees                0:00:26       0.1290    0.1287
       468   RobustScaler ExtremeRandomTrees                0:00:31       0.1292    0.1287
       469   RobustScaler ExtremeRandomTrees                0:00:19       0.1291    0.1287
       470   StandardScalerWrapper ExtremeRandomTrees       0:00:27       0.1290    0.1287
       471   StandardScalerWrapper ExtremeRandomTrees       0:00:21       0.1290    0.1287
       472   RobustScaler RandomForest                      0:00:26       0.1289    0.1287
       473   StandardScalerWrapper RandomForest             0:00:27       0.1290    0.1287
       474   RobustScaler RandomForest                      0:00:30       0.1291    0.1287
       475   MinMaxScaler ExtremeRandomTrees                0:00:28       0.1288    0.1287
       476   RobustScaler RandomForest                      0:00:20       0.1290    0.1287
       477   RobustScaler ExtremeRandomTrees                0:00:19       0.1288    0.1287
       478   MinMaxScaler ExtremeRandomTrees                0:00:22       0.1288    0.1287
       479   MinMaxScaler RandomForest                      0:00:19       0.1290    0.1287
       480   StandardScalerWrapper ExtremeRandomTrees       0:00:35       0.1290    0.1287
       481   RobustScaler ExtremeRandomTrees                0:00:28       0.1291    0.1287
       482   MinMaxScaler RandomForest                      0:00:28       0.1292    0.1287
       483   StandardScalerWrapper ExtremeRandomTrees       0:00:26       0.1288    0.1287
       484   StandardScalerWrapper ExtremeRandomTrees       0:00:21       0.1289    0.1287
       485   RobustScaler ExtremeRandomTrees                0:00:30       0.1289    0.1287
       486   RobustScaler RandomForest                      0:00:23       0.1290    0.1287
       487   StandardScalerWrapper ExtremeRandomTrees       0:00:26       0.1291    0.1287
       488   StandardScalerWrapper RandomForest             0:00:29       0.1292    0.1287
       489   MinMaxScaler ExtremeRandomTrees                0:00:30       0.1290    0.1287
       490   MinMaxScaler ExtremeRandomTrees                0:00:20       0.1291    0.1287
       491   StandardScalerWrapper ExtremeRandomTrees       0:00:33       0.1288    0.1287
       492   MinMaxScaler LightGBM                          0:00:17       0.1289    0.1287
       493   StandardScalerWrapper ExtremeRandomTrees       0:00:20       0.1289    0.1287
       494   MinMaxScaler ExtremeRandomTrees                0:00:25       0.1292    0.1287
       495   StandardScalerWrapper ExtremeRandomTrees       0:00:21       0.1289    0.1287
       496   MinMaxScaler ExtremeRandomTrees                0:00:19       0.1290    0.1287
       497   RobustScaler RandomForest                      0:00:21       0.1290    0.1287
       498   MinMaxScaler ExtremeRandomTrees                0:00:21       0.1290    0.1287
       499   MinMaxScaler RandomForest                      0:00:24       0.1288    0.1287
       500   WARNING - Retrying (Retry(total=2, connect=None, read=None, redirect=None, status=None)) after connection broken by 'ProtocolError('Connection aborted.', ConnectionResetError(104, 'Connection reset by peer'))': /azureml/ExperimentRun/dcid.AutoML_21e53133-57e1-4908-9ece-8554e5f63f4a_500/outputs/model.pkl?sv=2019-02-02&sr=b&sig=LSPx4sknZiOkUou75xKe08XMcSE6cMzQtM4kLMiRNsU%3D&st=2021-01-21T12%3A31%3A02Z&se=2021-01-22T12%3A41%3A02Z&sp=rcw&comp=block&blockid=TURBd01EQXdNREF3TURBd01EQXdNREF3TURBd01EQXdNREF3TURBd01EQSUzRA%3D%3D&timeout=30
MinMaxScaler ExtremeRandomTrees                0:00:32       0.1289    0.1287
       501   MinMaxScaler RandomForest                      0:00:19       0.1290    0.1287
       502   RobustScaler RandomForest                      0:00:22       0.1288    0.1287
       503   StandardScalerWrapper RandomForest             0:00:21       0.1291    0.1287
       504   StandardScalerWrapper RandomForest             0:00:20       0.1290    0.1287
       505   RobustScaler ExtremeRandomTrees                0:00:26       0.1289    0.1287
       506   RobustScaler ExtremeRandomTrees                0:00:20       0.1289    0.1287
       507   StandardScalerWrapper ExtremeRandomTrees       0:00:25       0.1289    0.1287
       508   MinMaxScaler ExtremeRandomTrees                0:00:23       0.1290    0.1287
       509   MinMaxScaler RandomForest                      0:00:25       0.1292    0.1287
       510   MinMaxScaler ExtremeRandomTrees                0:00:31       0.1289    0.1287
       511   StandardScalerWrapper RandomForest             0:00:20       0.1289    0.1287
       512   MinMaxScaler ExtremeRandomTrees                0:00:19       0.1288    0.1287
       513   StandardScalerWrapper RandomForest             0:00:21       0.1304    0.1287
       514   RobustScaler RandomForest                      0:00:20       0.1289    0.1287
       515   RobustScaler ExtremeRandomTrees                0:00:22       0.1290    0.1287
       516   MinMaxScaler RandomForest                      0:00:26       0.1291    0.1287
       517   MinMaxScaler ExtremeRandomTrees                0:00:19       0.1288    0.1287
       518   RobustScaler RandomForest                      0:00:21       0.1289    0.1287
       519   RobustScaler RandomForest                      0:00:30       0.1291    0.1287
       520   WARNING - Retrying (Retry(total=2, connect=None, read=None, redirect=None, status=None)) after connection broken by 'ProtocolError('Connection aborted.', ConnectionResetError(104, 'Connection reset by peer'))': /azureml/ExperimentRun/dcid.AutoML_21e53133-57e1-4908-9ece-8554e5f63f4a_520/outputs/conda_env_v_1_0_0.yml?sv=2019-02-02&sr=b&sig=sUYdnItdVbPb8oDeGAoRlnccgrPaQU45agB8zX7Z0I8%3D&st=2021-01-21T12%3A38%3A59Z&se=2021-01-22T12%3A48%3A59Z&sp=rcw&comp=block&blockid=TURBd01EQXdNREF3TURBd01EQXdNREF3TURBd01EQXdNREF3TURBd01EQSUzRA%3D%3D&timeout=30
StandardScalerWrapper ExtremeRandomTrees       0:00:22       0.1288    0.1287
       521   MinMaxScaler ExtremeRandomTrees                0:00:20       0.1288    0.1287
       522   RobustScaler ExtremeRandomTrees                0:00:20       0.1288    0.1287
       523   MinMaxScaler ExtremeRandomTrees                0:00:24       0.1288    0.1287
       524   MinMaxScaler ExtremeRandomTrees                0:01:07       0.1288    0.1287
       525   MinMaxScaler ExtremeRandomTrees                0:00:30       0.1288    0.1287
       526   StandardScalerWrapper RandomForest             0:00:29       0.1300    0.1287
       527   MinMaxScaler RandomForest                      0:00:30       0.1289    0.1287
       528   StandardScalerWrapper ExtremeRandomTrees       0:00:22       0.1290    0.1287
       529   MinMaxScaler RandomForest                      0:00:25       0.1292    0.1287
       530   WARNING - Retrying (Retry(total=2, connect=None, read=None, redirect=None, status=None)) after connection broken by 'ProtocolError('Connection aborted.', ConnectionResetError(104, 'Connection reset by peer'))': /azureml/ExperimentRun/dcid.AutoML_21e53133-57e1-4908-9ece-8554e5f63f4a_530/outputs/pipeline_graph.json?sv=2019-02-02&sr=b&sig=1rChoLXHxF5ivDepKKXEOZtCtsi9%2FUB7ncBRx4uC8UY%3D&st=2021-01-21T12%3A43%3A56Z&se=2021-01-22T12%3A53%3A56Z&sp=rcw&comp=block&blockid=TURBd01EQXdNREF3TURBd01EQXdNREF3TURBd01EQXdNREF3TURBd01EQSUzRA%3D%3D&timeout=30
StandardScalerWrapper ExtremeRandomTrees       0:00:24       0.1288    0.1287
       531   StandardScalerWrapper RandomForest             0:00:21       0.1291    0.1287
       532   WARNING - Retrying (Retry(total=2, connect=3, read=2, redirect=None, status=None)) after connection broken by 'ProtocolError('Connection aborted.', RemoteDisconnected('Remote end closed connection without response'))': /history/v1.0/subscriptions/140247fd-63ff-4369-8eab-15ff11693adb/resourceGroups/automl_time_series/providers/Microsoft.MachineLearningServices/workspaces/automl_time_series_ws/experimentids/4af4e9b5-1028-4323-a4cd-55a1a708ef60/runs/AutoML_21e53133-57e1-4908-9ece-8554e5f63f4a_532
WARNING - Retrying (Retry(total=1, connect=3, read=1, redirect=None, status=None)) after connection broken by 'ProtocolError('Connection aborted.', OSError(0, 'Error'))': /history/v1.0/subscriptions/140247fd-63ff-4369-8eab-15ff11693adb/resourceGroups/automl_time_series/providers/Microsoft.MachineLearningServices/workspaces/automl_time_series_ws/experimentids/4af4e9b5-1028-4323-a4cd-55a1a708ef60/runs/AutoML_21e53133-57e1-4908-9ece-8554e5f63f4a_532
WARNING - Retrying (Retry(total=0, connect=3, read=0, redirect=None, status=None)) after connection broken by 'ProtocolError('Connection aborted.', RemoteDisconnected('Remote end closed connection without response'))': /history/v1.0/subscriptions/140247fd-63ff-4369-8eab-15ff11693adb/resourceGroups/automl_time_series/providers/Microsoft.MachineLearningServices/workspaces/automl_time_series_ws/experimentids/4af4e9b5-1028-4323-a4cd-55a1a708ef60/runs/AutoML_21e53133-57e1-4908-9ece-8554e5f63f4a_532
WARNING - Retrying (Retry(total=2, connect=3, read=2, redirect=None, status=None)) after connection broken by 'ProtocolError('Connection aborted.', RemoteDisconnected('Remote end closed connection without response'))': /history/v1.0/subscriptions/140247fd-63ff-4369-8eab-15ff11693adb/resourceGroups/automl_time_series/providers/Microsoft.MachineLearningServices/workspaces/automl_time_series_ws/experimentids/4af4e9b5-1028-4323-a4cd-55a1a708ef60/runs/AutoML_21e53133-57e1-4908-9ece-8554e5f63f4a_532
StandardScalerWrapper ExtremeRandomTrees       1:02:14       0.1295    0.1287
ERROR: Run AutoML_21e53133-57e1-4908-9ece-8554e5f63f4a_532 failed with exception of type: ClientRequestError. Pipeline Class Names: { StandardScaler, ExtraTreesRegressor } Pipeline ID: b1335867ab9fa24a9b495880bbbb623309bee284
       533   MinMaxScaler RandomForest                      0:00:22       0.1289    0.1287
       534   StandardScalerWrapper ExtremeRandomTrees       0:00:32       0.1289    0.1287
       535   RobustScaler ExtremeRandomTrees                0:00:34       0.1289    0.1287
       536   MinMaxScaler RandomForest                      0:00:26       0.1289    0.1287
WARNING - Retrying (Retry(total=2, connect=3, read=2, redirect=None, status=None)) after connection broken by 'ProtocolError('Connection aborted.', OSError(0, 'Error'))': /jasmine/v1.0/subscriptions/140247fd-63ff-4369-8eab-15ff11693adb/resourceGroups/automl_time_series/providers/Microsoft.MachineLearningServices/workspaces/automl_time_series_ws/experiment/experiment/runs/AutoML_21e53133-57e1-4908-9ece-8554e5f63f4a/next
WARNING - Retrying (Retry(total=1, connect=3, read=1, redirect=None, status=None)) after connection broken by 'ProtocolError('Connection aborted.', BrokenPipeError(32, 'Broken pipe'))': /jasmine/v1.0/subscriptions/140247fd-63ff-4369-8eab-15ff11693adb/resourceGroups/automl_time_series/providers/Microsoft.MachineLearningServices/workspaces/automl_time_series_ws/experiment/experiment/runs/AutoML_21e53133-57e1-4908-9ece-8554e5f63f4a/next
WARNING - Retrying (Retry(total=0, connect=3, read=0, redirect=None, status=None)) after connection broken by 'ProtocolError('Connection aborted.', BrokenPipeError(32, 'Broken pipe'))': /jasmine/v1.0/subscriptions/140247fd-63ff-4369-8eab-15ff11693adb/resourceGroups/automl_time_series/providers/Microsoft.MachineLearningServices/workspaces/automl_time_series_ws/experiment/experiment/runs/AutoML_21e53133-57e1-4908-9ece-8554e5f63f4a/next
Exception thrown. Cancelling run, since there is at least one successful child run.
WARNING - Received unrecognized parameter ensemble_download_models_timeout_sec
WARNING - Received unrecognized parameter ensemble_download_models_timeout_sec
WARNING - Received unrecognized parameter ensemble_download_models_timeout_sec
WARNING - Retrying (Retry(total=2, connect=3, read=2, redirect=None, status=None)) after connection broken by 'ProtocolError('Connection aborted.', BrokenPipeError(32, 'Broken pipe'))': /history/v1.0/subscriptions/140247fd-63ff-4369-8eab-15ff11693adb/resourceGroups/automl_time_series/providers/Microsoft.MachineLearningServices/workspaces/automl_time_series_ws/experiments/experiment/metrics:query?mergestrategytype=None
WARNING - Retrying (Retry(total=2, connect=3, read=2, redirect=None, status=None)) after connection broken by 'ProtocolError('Connection aborted.', BrokenPipeError(32, 'Broken pipe'))': /history/v1.0/subscriptions/140247fd-63ff-4369-8eab-15ff11693adb/resourceGroups/automl_time_series/providers/Microsoft.MachineLearningServices/workspaces/automl_time_series_ws/experiments/experiment/metrics:query?mergestrategytype=None
WARNING - Retrying (Retry(total=1, connect=3, read=1, redirect=None, status=None)) after connection broken by 'ProtocolError('Connection aborted.', OSError(0, 'Error'))': /history/v1.0/subscriptions/140247fd-63ff-4369-8eab-15ff11693adb/resourceGroups/automl_time_series/providers/Microsoft.MachineLearningServices/workspaces/automl_time_series_ws/experiments/experiment/metrics:query?mergestrategytype=None
WARNING - Retrying (Retry(total=0, connect=3, read=0, redirect=None, status=None)) after connection broken by 'ProtocolError('Connection aborted.', BrokenPipeError(32, 'Broken pipe'))': /history/v1.0/subscriptions/140247fd-63ff-4369-8eab-15ff11693adb/resourceGroups/automl_time_series/providers/Microsoft.MachineLearningServices/workspaces/automl_time_series_ws/experiments/experiment/metrics:query?mergestrategytype=None
Traceback (most recent call last):
  File "/projappl/project_2003107/anaconda3/envs/azure_automl/lib/python3.7/site-packages/urllib3/connectionpool.py", line 677, in urlopen
    chunked=chunked,
  File "/projappl/project_2003107/anaconda3/envs/azure_automl/lib/python3.7/site-packages/urllib3/connectionpool.py", line 381, in _make_request
    self._validate_conn(conn)
  File "/projappl/project_2003107/anaconda3/envs/azure_automl/lib/python3.7/site-packages/urllib3/connectionpool.py", line 978, in _validate_conn
    conn.connect()
  File "/projappl/project_2003107/anaconda3/envs/azure_automl/lib/python3.7/site-packages/urllib3/connection.py", line 371, in connect
    ssl_context=context,
  File "/projappl/project_2003107/anaconda3/envs/azure_automl/lib/python3.7/site-packages/urllib3/util/ssl_.py", line 384, in ssl_wrap_socket
    return context.wrap_socket(sock, server_hostname=server_hostname)
  File "/projappl/project_2003107/anaconda3/envs/azure_automl/lib/python3.7/ssl.py", line 423, in wrap_socket
    session=session
  File "/projappl/project_2003107/anaconda3/envs/azure_automl/lib/python3.7/ssl.py", line 870, in _create
    self.do_handshake()
  File "/projappl/project_2003107/anaconda3/envs/azure_automl/lib/python3.7/ssl.py", line 1139, in do_handshake
    self._sslobj.do_handshake()
OSError: [Errno 0] Error

During handling of the above exception, another exception occurred:

Traceback (most recent call last):
  File "/projappl/project_2003107/anaconda3/envs/azure_automl/lib/python3.7/site-packages/requests/adapters.py", line 449, in send
    timeout=timeout
  File "/projappl/project_2003107/anaconda3/envs/azure_automl/lib/python3.7/site-packages/urllib3/connectionpool.py", line 767, in urlopen
    **response_kw
  File "/projappl/project_2003107/anaconda3/envs/azure_automl/lib/python3.7/site-packages/urllib3/connectionpool.py", line 767, in urlopen
    **response_kw
  File "/projappl/project_2003107/anaconda3/envs/azure_automl/lib/python3.7/site-packages/urllib3/connectionpool.py", line 767, in urlopen
    **response_kw
  File "/projappl/project_2003107/anaconda3/envs/azure_automl/lib/python3.7/site-packages/urllib3/connectionpool.py", line 727, in urlopen
    method, url, error=e, _pool=self, _stacktrace=sys.exc_info()[2]
  File "/projappl/project_2003107/anaconda3/envs/azure_automl/lib/python3.7/site-packages/urllib3/util/retry.py", line 439, in increment
    raise MaxRetryError(_pool, url, error or ResponseError(cause))
urllib3.exceptions.MaxRetryError: HTTPSConnectionPool(host='northeurope.experiments.azureml.net', port=443): Max retries exceeded with url: /history/v1.0/subscriptions/140247fd-63ff-4369-8eab-15ff11693adb/resourceGroups/automl_time_series/providers/Microsoft.MachineLearningServices/workspaces/automl_time_series_ws/experiments/experiment/metrics:query?mergestrategytype=None (Caused by ProtocolError('Connection aborted.', OSError(0, 'Error')))

During handling of the above exception, another exception occurred:

Traceback (most recent call last):
  File "/projappl/project_2003107/anaconda3/envs/azure_automl/lib/python3.7/site-packages/msrest/universal_http/requests.py", line 142, in send
    **kwargs)
  File "/projappl/project_2003107/anaconda3/envs/azure_automl/lib/python3.7/site-packages/requests/sessions.py", line 530, in request
    resp = self.send(prep, **send_kwargs)
  File "/projappl/project_2003107/anaconda3/envs/azure_automl/lib/python3.7/site-packages/requests/sessions.py", line 643, in send
    r = adapter.send(request, **kwargs)
  File "/projappl/project_2003107/anaconda3/envs/azure_automl/lib/python3.7/site-packages/requests/adapters.py", line 516, in send
    raise ConnectionError(e, request=request)
requests.exceptions.ConnectionError: HTTPSConnectionPool(host='northeurope.experiments.azureml.net', port=443): Max retries exceeded with url: /history/v1.0/subscriptions/140247fd-63ff-4369-8eab-15ff11693adb/resourceGroups/automl_time_series/providers/Microsoft.MachineLearningServices/workspaces/automl_time_series_ws/experiments/experiment/metrics:query?mergestrategytype=None (Caused by ProtocolError('Connection aborted.', OSError(0, 'Error')))

During handling of the above exception, another exception occurred:

Traceback (most recent call last):
  File "azure_automl.py", line 72, in <module>
    main(args.train_path, args.pred_path, args.n_pred, args.dt, args.target, args.time_limit_min)
  File "azure_automl.py", line 33, in main
    best_run, fitted_model = experiment.submit(automl_config, show_output=True).get_output()
  File "/projappl/project_2003107/anaconda3/envs/azure_automl/lib/python3.7/site-packages/azureml/train/automl/run.py", line 666, in get_output
    activity_name=automl_shared_constants.TelemetryConstants.GET_OUTPUT
  File "/projappl/project_2003107/anaconda3/envs/azure_automl/lib/python3.7/site-packages/azureml/train/automl/run.py", line 591, in _get_child_run
    curr_run, child_runs_and_scores = self._get_run_internal(iteration, metric, "get_output")
  File "/projappl/project_2003107/anaconda3/envs/azure_automl/lib/python3.7/site-packages/azureml/train/automl/run.py", line 746, in _get_run_internal
    child_runs_and_scores = self._get_all_automl_child_runs(metric)
  File "/projappl/project_2003107/anaconda3/envs/azure_automl/lib/python3.7/site-packages/azureml/train/automl/run.py", line 766, in _get_all_automl_child_runs
    metrics = self.get_metrics(recursive=True)
  File "/projappl/project_2003107/anaconda3/envs/azure_automl/lib/python3.7/site-packages/azureml/core/run.py", line 1160, in get_metrics
    populate=populate, root_run_id=self._root_run_id)
  File "/projappl/project_2003107/anaconda3/envs/azure_automl/lib/python3.7/site-packages/azureml/_run_impl/run_history_facade.py", line 341, in get_metrics
    data_container=self._data_container_id, name=name)
  File "/projappl/project_2003107/anaconda3/envs/azure_automl/lib/python3.7/site-packages/azureml/_restclient/metrics_client.py", line 252, in get_all_metrics
    custom_headers=custom_headers)
  File "/projappl/project_2003107/anaconda3/envs/azure_automl/lib/python3.7/site-packages/azureml/_restclient/metrics_client.py", line 287, in _get_all_metrics
    custom_headers=custom_headers)
  File "/projappl/project_2003107/anaconda3/envs/azure_automl/lib/python3.7/site-packages/azureml/_restclient/metrics_client.py", line 212, in _get_metrics_for_runs
    for dto in task:
  File "/projappl/project_2003107/anaconda3/envs/azure_automl/lib/python3.7/site-packages/azureml/_restclient/clientbase.py", line 251, in _call_paginated_api
    paginated_dto = next_page.wait(awaiter_name="ApiPagination")
  File "/projappl/project_2003107/anaconda3/envs/azure_automl/lib/python3.7/site-packages/azureml/_common/async_utils/async_task.py", line 59, in wait
    res = self._handler(self._future, self._logger)
  File "/projappl/project_2003107/anaconda3/envs/azure_automl/lib/python3.7/site-packages/azureml/_common/async_utils/async_task.py", line 16, in basic_handler
    return future.result()
  File "/projappl/project_2003107/anaconda3/envs/azure_automl/lib/python3.7/concurrent/futures/_base.py", line 435, in result
    return self.__get_result()
  File "/projappl/project_2003107/anaconda3/envs/azure_automl/lib/python3.7/concurrent/futures/_base.py", line 384, in __get_result
    raise self._exception
  File "/projappl/project_2003107/anaconda3/envs/azure_automl/lib/python3.7/concurrent/futures/thread.py", line 57, in run
    result = self.fn(*self.args, **self.kwargs)
  File "/projappl/project_2003107/anaconda3/envs/azure_automl/lib/python3.7/site-packages/azureml/_restclient/clientbase.py", line 321, in _execute_with_base_arguments
    back_off, total_retry, self._logger, func, _noop_reset, *args, **kwargs)
  File "/projappl/project_2003107/anaconda3/envs/azure_automl/lib/python3.7/site-packages/azureml/_restclient/clientbase.py", line 336, in _execute_func_internal
    left_retry = cls._handle_retry(back_off, left_retry, total_retry, error, logger, func)
  File "/projappl/project_2003107/anaconda3/envs/azure_automl/lib/python3.7/site-packages/azureml/_restclient/clientbase.py", line 387, in _handle_retry
    raise error
  File "/projappl/project_2003107/anaconda3/envs/azure_automl/lib/python3.7/site-packages/azureml/_restclient/clientbase.py", line 334, in _execute_func_internal
    return func(*args, **kwargs)
  File "/projappl/project_2003107/anaconda3/envs/azure_automl/lib/python3.7/site-packages/azureml/_restclient/operations/run_metric_operations.py", line 306, in get_by_query
    request, header_parameters, body_content, stream=False, **operation_config)
  File "/projappl/project_2003107/anaconda3/envs/azure_automl/lib/python3.7/site-packages/msrest/service_client.py", line 336, in send
    pipeline_response = self.config.pipeline.run(request, **kwargs)
  File "/projappl/project_2003107/anaconda3/envs/azure_automl/lib/python3.7/site-packages/msrest/pipeline/__init__.py", line 197, in run
    return first_node.send(pipeline_request, **kwargs)  # type: ignore
  File "/projappl/project_2003107/anaconda3/envs/azure_automl/lib/python3.7/site-packages/msrest/pipeline/__init__.py", line 150, in send
    response = self.next.send(request, **kwargs)
  File "/projappl/project_2003107/anaconda3/envs/azure_automl/lib/python3.7/site-packages/msrest/pipeline/requests.py", line 72, in send
    return self.next.send(request, **kwargs)
  File "/projappl/project_2003107/anaconda3/envs/azure_automl/lib/python3.7/site-packages/msrest/pipeline/requests.py", line 137, in send
    return self.next.send(request, **kwargs)
  File "/projappl/project_2003107/anaconda3/envs/azure_automl/lib/python3.7/site-packages/msrest/pipeline/__init__.py", line 150, in send
    response = self.next.send(request, **kwargs)
  File "/projappl/project_2003107/anaconda3/envs/azure_automl/lib/python3.7/site-packages/msrest/pipeline/requests.py", line 193, in send
    self.driver.send(request.http_request, **kwargs)
  File "/projappl/project_2003107/anaconda3/envs/azure_automl/lib/python3.7/site-packages/msrest/universal_http/requests.py", line 333, in send
    return super(RequestsHTTPSender, self).send(request, **requests_kwargs)
  File "/projappl/project_2003107/anaconda3/envs/azure_automl/lib/python3.7/site-packages/msrest/universal_http/requests.py", line 145, in send
    raise_with_traceback(ClientRequestError, msg, err)
  File "/projappl/project_2003107/anaconda3/envs/azure_automl/lib/python3.7/site-packages/msrest/exceptions.py", line 51, in raise_with_traceback
    raise error.with_traceback(exc_traceback)
  File "/projappl/project_2003107/anaconda3/envs/azure_automl/lib/python3.7/site-packages/msrest/universal_http/requests.py", line 142, in send
    **kwargs)
  File "/projappl/project_2003107/anaconda3/envs/azure_automl/lib/python3.7/site-packages/requests/sessions.py", line 530, in request
    resp = self.send(prep, **send_kwargs)
  File "/projappl/project_2003107/anaconda3/envs/azure_automl/lib/python3.7/site-packages/requests/sessions.py", line 643, in send
    r = adapter.send(request, **kwargs)
  File "/projappl/project_2003107/anaconda3/envs/azure_automl/lib/python3.7/site-packages/requests/adapters.py", line 516, in send
    raise ConnectionError(e, request=request)
msrest.exceptions.ClientRequestError: Error occurred in request., ConnectionError: HTTPSConnectionPool(host='northeurope.experiments.azureml.net', port=443): Max retries exceeded with url: /history/v1.0/subscriptions/140247fd-63ff-4369-8eab-15ff11693adb/resourceGroups/automl_time_series/providers/Microsoft.MachineLearningServices/workspaces/automl_time_series_ws/experiments/experiment/metrics:query?mergestrategytype=None (Caused by ProtocolError('Connection aborted.', OSError(0, 'Error')))
